have_header: checking for sys/utsname.h... -------------------- yes

"clang -arch armv7 -E -I../../.ext/include/-darwin -I/Users/hiro/Library/Caches/CocoaPods/Pods/External/CRuby/193c1c8340a477e394e63f996e6fccdb/ruby/include -I/Users/hiro/Library/Caches/CocoaPods/Pods/External/CRuby/193c1c8340a477e394e63f996e6fccdb/ruby/ext/etc -pipe -Os -isysroot /Applications/Xcode.app/Contents/Developer/Platforms/iPhoneOS.platform/Developer/SDKs/iPhoneOS10.1.sdk -miphoneos-version-min=7.0 -I/Users/hiro/Library/Caches/CocoaPods/Pods/External/CRuby/193c1c8340a477e394e63f996e6fccdb/build/iphoneos_armv7/include -D_XOPEN_SOURCE -D_DARWIN_C_SOURCE -D_DARWIN_UNLIMITED_SELECT -D_REENTRANT   -pipe -Os -isysroot /Applications/Xcode.app/Contents/Developer/Platforms/iPhoneOS.platform/Developer/SDKs/iPhoneOS10.1.sdk -miphoneos-version-min=7.0 -I/Users/hiro/Library/Caches/CocoaPods/Pods/External/CRuby/193c1c8340a477e394e63f996e6fccdb/build/iphoneos_armv7/include -fvisibility=hidden  conftest.c -o conftest.i"
checked program was:
/* begin */
1: #include "ruby.h"
2: 
3: #include <sys/utsname.h>
/* end */

--------------------

have_library: checking for getpwnam() in -lsun... -------------------- no

"clang -arch armv7 -o conftest -I../../.ext/include/-darwin -I/Users/hiro/Library/Caches/CocoaPods/Pods/External/CRuby/193c1c8340a477e394e63f996e6fccdb/ruby/include -I/Users/hiro/Library/Caches/CocoaPods/Pods/External/CRuby/193c1c8340a477e394e63f996e6fccdb/ruby/ext/etc -pipe -Os -isysroot /Applications/Xcode.app/Contents/Developer/Platforms/iPhoneOS.platform/Developer/SDKs/iPhoneOS10.1.sdk -miphoneos-version-min=7.0 -I/Users/hiro/Library/Caches/CocoaPods/Pods/External/CRuby/193c1c8340a477e394e63f996e6fccdb/build/iphoneos_armv7/include -D_XOPEN_SOURCE -D_DARWIN_C_SOURCE -D_DARWIN_UNLIMITED_SELECT -D_REENTRANT   -pipe -Os -isysroot /Applications/Xcode.app/Contents/Developer/Platforms/iPhoneOS.platform/Developer/SDKs/iPhoneOS10.1.sdk -miphoneos-version-min=7.0 -I/Users/hiro/Library/Caches/CocoaPods/Pods/External/CRuby/193c1c8340a477e394e63f996e6fccdb/build/iphoneos_armv7/include -fvisibility=hidden conftest.c  -L. -L../.. -L. -pipe -Os -isysroot /Applications/Xcode.app/Contents/Developer/Platforms/iPhoneOS.platform/Developer/SDKs/iPhoneOS10.1.sdk -miphoneos-version-min=7.0 -I/Users/hiro/Library/Caches/CocoaPods/Pods/External/CRuby/193c1c8340a477e394e63f996e6fccdb/build/iphoneos_armv7/include -L/Applications/Xcode.app/Contents/Developer/Platforms/iPhoneOS.platform/Developer/SDKs/iPhoneOS10.1.sdk/usr/lib -lSystem -fstack-protector -L/usr/local/lib     -lruby-static -framework CoreFoundation -lsun  -lpthread -ldl -lobjc "
conftest.c:13:57: error: use of undeclared identifier 'getpwnam'
int t(void) { void ((*volatile p)()); p = (void ((*)()))getpwnam; return !p; }
                                                        ^
1 error generated.
checked program was:
/* begin */
 1: #include "ruby.h"
 2: 
 3: /*top*/
 4: extern int t(void);
 5: int main(int argc, char **argv)
 6: {
 7:   if (argc > 1000000) {
 8:     printf("%p", &t);
 9:   }
10: 
11:   return 0;
12: }
13: int t(void) { void ((*volatile p)()); p = (void ((*)()))getpwnam; return !p; }
/* end */

"clang -arch armv7 -o conftest -I../../.ext/include/-darwin -I/Users/hiro/Library/Caches/CocoaPods/Pods/External/CRuby/193c1c8340a477e394e63f996e6fccdb/ruby/include -I/Users/hiro/Library/Caches/CocoaPods/Pods/External/CRuby/193c1c8340a477e394e63f996e6fccdb/ruby/ext/etc -pipe -Os -isysroot /Applications/Xcode.app/Contents/Developer/Platforms/iPhoneOS.platform/Developer/SDKs/iPhoneOS10.1.sdk -miphoneos-version-min=7.0 -I/Users/hiro/Library/Caches/CocoaPods/Pods/External/CRuby/193c1c8340a477e394e63f996e6fccdb/build/iphoneos_armv7/include -D_XOPEN_SOURCE -D_DARWIN_C_SOURCE -D_DARWIN_UNLIMITED_SELECT -D_REENTRANT   -pipe -Os -isysroot /Applications/Xcode.app/Contents/Developer/Platforms/iPhoneOS.platform/Developer/SDKs/iPhoneOS10.1.sdk -miphoneos-version-min=7.0 -I/Users/hiro/Library/Caches/CocoaPods/Pods/External/CRuby/193c1c8340a477e394e63f996e6fccdb/build/iphoneos_armv7/include -fvisibility=hidden conftest.c  -L. -L../.. -L. -pipe -Os -isysroot /Applications/Xcode.app/Contents/Developer/Platforms/iPhoneOS.platform/Developer/SDKs/iPhoneOS10.1.sdk -miphoneos-version-min=7.0 -I/Users/hiro/Library/Caches/CocoaPods/Pods/External/CRuby/193c1c8340a477e394e63f996e6fccdb/build/iphoneos_armv7/include -L/Applications/Xcode.app/Contents/Developer/Platforms/iPhoneOS.platform/Developer/SDKs/iPhoneOS10.1.sdk/usr/lib -lSystem -fstack-protector -L/usr/local/lib     -lruby-static -framework CoreFoundation -lsun  -lpthread -ldl -lobjc "
ld: library not found for -lsun
clang: error: linker command failed with exit code 1 (use -v to see invocation)
checked program was:
/* begin */
 1: #include "ruby.h"
 2: 
 3: /*top*/
 4: extern int t(void);
 5: int main(int argc, char **argv)
 6: {
 7:   if (argc > 1000000) {
 8:     printf("%p", &t);
 9:   }
10: 
11:   return 0;
12: }
13: extern void getpwnam();
14: int t(void) { getpwnam(); return 0; }
/* end */

--------------------

have_func: checking for uname((struct utsname *)NULL) in sys/utsname.h... -------------------- yes

"clang -arch armv7 -o conftest -I../../.ext/include/-darwin -I/Users/hiro/Library/Caches/CocoaPods/Pods/External/CRuby/193c1c8340a477e394e63f996e6fccdb/ruby/include -I/Users/hiro/Library/Caches/CocoaPods/Pods/External/CRuby/193c1c8340a477e394e63f996e6fccdb/ruby/ext/etc -pipe -Os -isysroot /Applications/Xcode.app/Contents/Developer/Platforms/iPhoneOS.platform/Developer/SDKs/iPhoneOS10.1.sdk -miphoneos-version-min=7.0 -I/Users/hiro/Library/Caches/CocoaPods/Pods/External/CRuby/193c1c8340a477e394e63f996e6fccdb/build/iphoneos_armv7/include -D_XOPEN_SOURCE -D_DARWIN_C_SOURCE -D_DARWIN_UNLIMITED_SELECT -D_REENTRANT   -pipe -Os -isysroot /Applications/Xcode.app/Contents/Developer/Platforms/iPhoneOS.platform/Developer/SDKs/iPhoneOS10.1.sdk -miphoneos-version-min=7.0 -I/Users/hiro/Library/Caches/CocoaPods/Pods/External/CRuby/193c1c8340a477e394e63f996e6fccdb/build/iphoneos_armv7/include -fvisibility=hidden conftest.c  -L. -L../.. -L. -pipe -Os -isysroot /Applications/Xcode.app/Contents/Developer/Platforms/iPhoneOS.platform/Developer/SDKs/iPhoneOS10.1.sdk -miphoneos-version-min=7.0 -I/Users/hiro/Library/Caches/CocoaPods/Pods/External/CRuby/193c1c8340a477e394e63f996e6fccdb/build/iphoneos_armv7/include -L/Applications/Xcode.app/Contents/Developer/Platforms/iPhoneOS.platform/Developer/SDKs/iPhoneOS10.1.sdk/usr/lib -lSystem -fstack-protector -L/usr/local/lib     -lruby-static -framework CoreFoundation  -lpthread -ldl -lobjc "
checked program was:
/* begin */
 1: #include "ruby.h"
 2: 
 3: #include <sys/utsname.h>
 4: 
 5: /*top*/
 6: extern int t(void);
 7: int main(int argc, char **argv)
 8: {
 9:   if (argc > 1000000) {
10:     printf("%p", &t);
11:   }
12: 
13:   return 0;
14: }
15: 
16: int t(void) { uname((struct utsname *)NULL); return 0; }
/* end */

--------------------

have_func: checking for getlogin()... -------------------- yes

"clang -arch armv7 -o conftest -I../../.ext/include/-darwin -I/Users/hiro/Library/Caches/CocoaPods/Pods/External/CRuby/193c1c8340a477e394e63f996e6fccdb/ruby/include -I/Users/hiro/Library/Caches/CocoaPods/Pods/External/CRuby/193c1c8340a477e394e63f996e6fccdb/ruby/ext/etc -pipe -Os -isysroot /Applications/Xcode.app/Contents/Developer/Platforms/iPhoneOS.platform/Developer/SDKs/iPhoneOS10.1.sdk -miphoneos-version-min=7.0 -I/Users/hiro/Library/Caches/CocoaPods/Pods/External/CRuby/193c1c8340a477e394e63f996e6fccdb/build/iphoneos_armv7/include -D_XOPEN_SOURCE -D_DARWIN_C_SOURCE -D_DARWIN_UNLIMITED_SELECT -D_REENTRANT   -pipe -Os -isysroot /Applications/Xcode.app/Contents/Developer/Platforms/iPhoneOS.platform/Developer/SDKs/iPhoneOS10.1.sdk -miphoneos-version-min=7.0 -I/Users/hiro/Library/Caches/CocoaPods/Pods/External/CRuby/193c1c8340a477e394e63f996e6fccdb/build/iphoneos_armv7/include -fvisibility=hidden conftest.c  -L. -L../.. -L. -pipe -Os -isysroot /Applications/Xcode.app/Contents/Developer/Platforms/iPhoneOS.platform/Developer/SDKs/iPhoneOS10.1.sdk -miphoneos-version-min=7.0 -I/Users/hiro/Library/Caches/CocoaPods/Pods/External/CRuby/193c1c8340a477e394e63f996e6fccdb/build/iphoneos_armv7/include -L/Applications/Xcode.app/Contents/Developer/Platforms/iPhoneOS.platform/Developer/SDKs/iPhoneOS10.1.sdk/usr/lib -lSystem -fstack-protector -L/usr/local/lib     -lruby-static -framework CoreFoundation  -lpthread -ldl -lobjc "
checked program was:
/* begin */
 1: #include "ruby.h"
 2: 
 3: /*top*/
 4: extern int t(void);
 5: int main(int argc, char **argv)
 6: {
 7:   if (argc > 1000000) {
 8:     printf("%p", &t);
 9:   }
10: 
11:   return 0;
12: }
13: int t(void) { void ((*volatile p)()); p = (void ((*)()))getlogin; return !p; }
/* end */

--------------------

have_func: checking for getpwent()... -------------------- yes

"clang -arch armv7 -o conftest -I../../.ext/include/-darwin -I/Users/hiro/Library/Caches/CocoaPods/Pods/External/CRuby/193c1c8340a477e394e63f996e6fccdb/ruby/include -I/Users/hiro/Library/Caches/CocoaPods/Pods/External/CRuby/193c1c8340a477e394e63f996e6fccdb/ruby/ext/etc -pipe -Os -isysroot /Applications/Xcode.app/Contents/Developer/Platforms/iPhoneOS.platform/Developer/SDKs/iPhoneOS10.1.sdk -miphoneos-version-min=7.0 -I/Users/hiro/Library/Caches/CocoaPods/Pods/External/CRuby/193c1c8340a477e394e63f996e6fccdb/build/iphoneos_armv7/include -D_XOPEN_SOURCE -D_DARWIN_C_SOURCE -D_DARWIN_UNLIMITED_SELECT -D_REENTRANT   -pipe -Os -isysroot /Applications/Xcode.app/Contents/Developer/Platforms/iPhoneOS.platform/Developer/SDKs/iPhoneOS10.1.sdk -miphoneos-version-min=7.0 -I/Users/hiro/Library/Caches/CocoaPods/Pods/External/CRuby/193c1c8340a477e394e63f996e6fccdb/build/iphoneos_armv7/include -fvisibility=hidden conftest.c  -L. -L../.. -L. -pipe -Os -isysroot /Applications/Xcode.app/Contents/Developer/Platforms/iPhoneOS.platform/Developer/SDKs/iPhoneOS10.1.sdk -miphoneos-version-min=7.0 -I/Users/hiro/Library/Caches/CocoaPods/Pods/External/CRuby/193c1c8340a477e394e63f996e6fccdb/build/iphoneos_armv7/include -L/Applications/Xcode.app/Contents/Developer/Platforms/iPhoneOS.platform/Developer/SDKs/iPhoneOS10.1.sdk/usr/lib -lSystem -fstack-protector -L/usr/local/lib     -lruby-static -framework CoreFoundation  -lpthread -ldl -lobjc "
conftest.c:13:57: error: use of undeclared identifier 'getpwent'
int t(void) { void ((*volatile p)()); p = (void ((*)()))getpwent; return !p; }
                                                        ^
1 error generated.
checked program was:
/* begin */
 1: #include "ruby.h"
 2: 
 3: /*top*/
 4: extern int t(void);
 5: int main(int argc, char **argv)
 6: {
 7:   if (argc > 1000000) {
 8:     printf("%p", &t);
 9:   }
10: 
11:   return 0;
12: }
13: int t(void) { void ((*volatile p)()); p = (void ((*)()))getpwent; return !p; }
/* end */

"clang -arch armv7 -o conftest -I../../.ext/include/-darwin -I/Users/hiro/Library/Caches/CocoaPods/Pods/External/CRuby/193c1c8340a477e394e63f996e6fccdb/ruby/include -I/Users/hiro/Library/Caches/CocoaPods/Pods/External/CRuby/193c1c8340a477e394e63f996e6fccdb/ruby/ext/etc -pipe -Os -isysroot /Applications/Xcode.app/Contents/Developer/Platforms/iPhoneOS.platform/Developer/SDKs/iPhoneOS10.1.sdk -miphoneos-version-min=7.0 -I/Users/hiro/Library/Caches/CocoaPods/Pods/External/CRuby/193c1c8340a477e394e63f996e6fccdb/build/iphoneos_armv7/include -D_XOPEN_SOURCE -D_DARWIN_C_SOURCE -D_DARWIN_UNLIMITED_SELECT -D_REENTRANT   -pipe -Os -isysroot /Applications/Xcode.app/Contents/Developer/Platforms/iPhoneOS.platform/Developer/SDKs/iPhoneOS10.1.sdk -miphoneos-version-min=7.0 -I/Users/hiro/Library/Caches/CocoaPods/Pods/External/CRuby/193c1c8340a477e394e63f996e6fccdb/build/iphoneos_armv7/include -fvisibility=hidden conftest.c  -L. -L../.. -L. -pipe -Os -isysroot /Applications/Xcode.app/Contents/Developer/Platforms/iPhoneOS.platform/Developer/SDKs/iPhoneOS10.1.sdk -miphoneos-version-min=7.0 -I/Users/hiro/Library/Caches/CocoaPods/Pods/External/CRuby/193c1c8340a477e394e63f996e6fccdb/build/iphoneos_armv7/include -L/Applications/Xcode.app/Contents/Developer/Platforms/iPhoneOS.platform/Developer/SDKs/iPhoneOS10.1.sdk/usr/lib -lSystem -fstack-protector -L/usr/local/lib     -lruby-static -framework CoreFoundation  -lpthread -ldl -lobjc "
checked program was:
/* begin */
 1: #include "ruby.h"
 2: 
 3: /*top*/
 4: extern int t(void);
 5: int main(int argc, char **argv)
 6: {
 7:   if (argc > 1000000) {
 8:     printf("%p", &t);
 9:   }
10: 
11:   return 0;
12: }
13: extern void getpwent();
14: int t(void) { getpwent(); return 0; }
/* end */

--------------------

have_func: checking for getgrent()... -------------------- yes

"clang -arch armv7 -o conftest -I../../.ext/include/-darwin -I/Users/hiro/Library/Caches/CocoaPods/Pods/External/CRuby/193c1c8340a477e394e63f996e6fccdb/ruby/include -I/Users/hiro/Library/Caches/CocoaPods/Pods/External/CRuby/193c1c8340a477e394e63f996e6fccdb/ruby/ext/etc -pipe -Os -isysroot /Applications/Xcode.app/Contents/Developer/Platforms/iPhoneOS.platform/Developer/SDKs/iPhoneOS10.1.sdk -miphoneos-version-min=7.0 -I/Users/hiro/Library/Caches/CocoaPods/Pods/External/CRuby/193c1c8340a477e394e63f996e6fccdb/build/iphoneos_armv7/include -D_XOPEN_SOURCE -D_DARWIN_C_SOURCE -D_DARWIN_UNLIMITED_SELECT -D_REENTRANT   -pipe -Os -isysroot /Applications/Xcode.app/Contents/Developer/Platforms/iPhoneOS.platform/Developer/SDKs/iPhoneOS10.1.sdk -miphoneos-version-min=7.0 -I/Users/hiro/Library/Caches/CocoaPods/Pods/External/CRuby/193c1c8340a477e394e63f996e6fccdb/build/iphoneos_armv7/include -fvisibility=hidden conftest.c  -L. -L../.. -L. -pipe -Os -isysroot /Applications/Xcode.app/Contents/Developer/Platforms/iPhoneOS.platform/Developer/SDKs/iPhoneOS10.1.sdk -miphoneos-version-min=7.0 -I/Users/hiro/Library/Caches/CocoaPods/Pods/External/CRuby/193c1c8340a477e394e63f996e6fccdb/build/iphoneos_armv7/include -L/Applications/Xcode.app/Contents/Developer/Platforms/iPhoneOS.platform/Developer/SDKs/iPhoneOS10.1.sdk/usr/lib -lSystem -fstack-protector -L/usr/local/lib     -lruby-static -framework CoreFoundation  -lpthread -ldl -lobjc "
conftest.c:13:57: error: use of undeclared identifier 'getgrent'
int t(void) { void ((*volatile p)()); p = (void ((*)()))getgrent; return !p; }
                                                        ^
1 error generated.
checked program was:
/* begin */
 1: #include "ruby.h"
 2: 
 3: /*top*/
 4: extern int t(void);
 5: int main(int argc, char **argv)
 6: {
 7:   if (argc > 1000000) {
 8:     printf("%p", &t);
 9:   }
10: 
11:   return 0;
12: }
13: int t(void) { void ((*volatile p)()); p = (void ((*)()))getgrent; return !p; }
/* end */

"clang -arch armv7 -o conftest -I../../.ext/include/-darwin -I/Users/hiro/Library/Caches/CocoaPods/Pods/External/CRuby/193c1c8340a477e394e63f996e6fccdb/ruby/include -I/Users/hiro/Library/Caches/CocoaPods/Pods/External/CRuby/193c1c8340a477e394e63f996e6fccdb/ruby/ext/etc -pipe -Os -isysroot /Applications/Xcode.app/Contents/Developer/Platforms/iPhoneOS.platform/Developer/SDKs/iPhoneOS10.1.sdk -miphoneos-version-min=7.0 -I/Users/hiro/Library/Caches/CocoaPods/Pods/External/CRuby/193c1c8340a477e394e63f996e6fccdb/build/iphoneos_armv7/include -D_XOPEN_SOURCE -D_DARWIN_C_SOURCE -D_DARWIN_UNLIMITED_SELECT -D_REENTRANT   -pipe -Os -isysroot /Applications/Xcode.app/Contents/Developer/Platforms/iPhoneOS.platform/Developer/SDKs/iPhoneOS10.1.sdk -miphoneos-version-min=7.0 -I/Users/hiro/Library/Caches/CocoaPods/Pods/External/CRuby/193c1c8340a477e394e63f996e6fccdb/build/iphoneos_armv7/include -fvisibility=hidden conftest.c  -L. -L../.. -L. -pipe -Os -isysroot /Applications/Xcode.app/Contents/Developer/Platforms/iPhoneOS.platform/Developer/SDKs/iPhoneOS10.1.sdk -miphoneos-version-min=7.0 -I/Users/hiro/Library/Caches/CocoaPods/Pods/External/CRuby/193c1c8340a477e394e63f996e6fccdb/build/iphoneos_armv7/include -L/Applications/Xcode.app/Contents/Developer/Platforms/iPhoneOS.platform/Developer/SDKs/iPhoneOS10.1.sdk/usr/lib -lSystem -fstack-protector -L/usr/local/lib     -lruby-static -framework CoreFoundation  -lpthread -ldl -lobjc "
checked program was:
/* begin */
 1: #include "ruby.h"
 2: 
 3: /*top*/
 4: extern int t(void);
 5: int main(int argc, char **argv)
 6: {
 7:   if (argc > 1000000) {
 8:     printf("%p", &t);
 9:   }
10: 
11:   return 0;
12: }
13: extern void getgrent();
14: int t(void) { getgrent(); return 0; }
/* end */

--------------------

have_func: checking for sysconf()... -------------------- yes

"clang -arch armv7 -o conftest -I../../.ext/include/-darwin -I/Users/hiro/Library/Caches/CocoaPods/Pods/External/CRuby/193c1c8340a477e394e63f996e6fccdb/ruby/include -I/Users/hiro/Library/Caches/CocoaPods/Pods/External/CRuby/193c1c8340a477e394e63f996e6fccdb/ruby/ext/etc -pipe -Os -isysroot /Applications/Xcode.app/Contents/Developer/Platforms/iPhoneOS.platform/Developer/SDKs/iPhoneOS10.1.sdk -miphoneos-version-min=7.0 -I/Users/hiro/Library/Caches/CocoaPods/Pods/External/CRuby/193c1c8340a477e394e63f996e6fccdb/build/iphoneos_armv7/include -D_XOPEN_SOURCE -D_DARWIN_C_SOURCE -D_DARWIN_UNLIMITED_SELECT -D_REENTRANT   -pipe -Os -isysroot /Applications/Xcode.app/Contents/Developer/Platforms/iPhoneOS.platform/Developer/SDKs/iPhoneOS10.1.sdk -miphoneos-version-min=7.0 -I/Users/hiro/Library/Caches/CocoaPods/Pods/External/CRuby/193c1c8340a477e394e63f996e6fccdb/build/iphoneos_armv7/include -fvisibility=hidden conftest.c  -L. -L../.. -L. -pipe -Os -isysroot /Applications/Xcode.app/Contents/Developer/Platforms/iPhoneOS.platform/Developer/SDKs/iPhoneOS10.1.sdk -miphoneos-version-min=7.0 -I/Users/hiro/Library/Caches/CocoaPods/Pods/External/CRuby/193c1c8340a477e394e63f996e6fccdb/build/iphoneos_armv7/include -L/Applications/Xcode.app/Contents/Developer/Platforms/iPhoneOS.platform/Developer/SDKs/iPhoneOS10.1.sdk/usr/lib -lSystem -fstack-protector -L/usr/local/lib     -lruby-static -framework CoreFoundation  -lpthread -ldl -lobjc "
checked program was:
/* begin */
 1: #include "ruby.h"
 2: 
 3: /*top*/
 4: extern int t(void);
 5: int main(int argc, char **argv)
 6: {
 7:   if (argc > 1000000) {
 8:     printf("%p", &t);
 9:   }
10: 
11:   return 0;
12: }
13: int t(void) { void ((*volatile p)()); p = (void ((*)()))sysconf; return !p; }
/* end */

--------------------

have_func: checking for confstr()... -------------------- yes

"clang -arch armv7 -o conftest -I../../.ext/include/-darwin -I/Users/hiro/Library/Caches/CocoaPods/Pods/External/CRuby/193c1c8340a477e394e63f996e6fccdb/ruby/include -I/Users/hiro/Library/Caches/CocoaPods/Pods/External/CRuby/193c1c8340a477e394e63f996e6fccdb/ruby/ext/etc -pipe -Os -isysroot /Applications/Xcode.app/Contents/Developer/Platforms/iPhoneOS.platform/Developer/SDKs/iPhoneOS10.1.sdk -miphoneos-version-min=7.0 -I/Users/hiro/Library/Caches/CocoaPods/Pods/External/CRuby/193c1c8340a477e394e63f996e6fccdb/build/iphoneos_armv7/include -D_XOPEN_SOURCE -D_DARWIN_C_SOURCE -D_DARWIN_UNLIMITED_SELECT -D_REENTRANT   -pipe -Os -isysroot /Applications/Xcode.app/Contents/Developer/Platforms/iPhoneOS.platform/Developer/SDKs/iPhoneOS10.1.sdk -miphoneos-version-min=7.0 -I/Users/hiro/Library/Caches/CocoaPods/Pods/External/CRuby/193c1c8340a477e394e63f996e6fccdb/build/iphoneos_armv7/include -fvisibility=hidden conftest.c  -L. -L../.. -L. -pipe -Os -isysroot /Applications/Xcode.app/Contents/Developer/Platforms/iPhoneOS.platform/Developer/SDKs/iPhoneOS10.1.sdk -miphoneos-version-min=7.0 -I/Users/hiro/Library/Caches/CocoaPods/Pods/External/CRuby/193c1c8340a477e394e63f996e6fccdb/build/iphoneos_armv7/include -L/Applications/Xcode.app/Contents/Developer/Platforms/iPhoneOS.platform/Developer/SDKs/iPhoneOS10.1.sdk/usr/lib -lSystem -fstack-protector -L/usr/local/lib     -lruby-static -framework CoreFoundation  -lpthread -ldl -lobjc "
checked program was:
/* begin */
 1: #include "ruby.h"
 2: 
 3: /*top*/
 4: extern int t(void);
 5: int main(int argc, char **argv)
 6: {
 7:   if (argc > 1000000) {
 8:     printf("%p", &t);
 9:   }
10: 
11:   return 0;
12: }
13: int t(void) { void ((*volatile p)()); p = (void ((*)()))confstr; return !p; }
/* end */

--------------------

have_func: checking for fpathconf()... -------------------- yes

"clang -arch armv7 -o conftest -I../../.ext/include/-darwin -I/Users/hiro/Library/Caches/CocoaPods/Pods/External/CRuby/193c1c8340a477e394e63f996e6fccdb/ruby/include -I/Users/hiro/Library/Caches/CocoaPods/Pods/External/CRuby/193c1c8340a477e394e63f996e6fccdb/ruby/ext/etc -pipe -Os -isysroot /Applications/Xcode.app/Contents/Developer/Platforms/iPhoneOS.platform/Developer/SDKs/iPhoneOS10.1.sdk -miphoneos-version-min=7.0 -I/Users/hiro/Library/Caches/CocoaPods/Pods/External/CRuby/193c1c8340a477e394e63f996e6fccdb/build/iphoneos_armv7/include -D_XOPEN_SOURCE -D_DARWIN_C_SOURCE -D_DARWIN_UNLIMITED_SELECT -D_REENTRANT   -pipe -Os -isysroot /Applications/Xcode.app/Contents/Developer/Platforms/iPhoneOS.platform/Developer/SDKs/iPhoneOS10.1.sdk -miphoneos-version-min=7.0 -I/Users/hiro/Library/Caches/CocoaPods/Pods/External/CRuby/193c1c8340a477e394e63f996e6fccdb/build/iphoneos_armv7/include -fvisibility=hidden conftest.c  -L. -L../.. -L. -pipe -Os -isysroot /Applications/Xcode.app/Contents/Developer/Platforms/iPhoneOS.platform/Developer/SDKs/iPhoneOS10.1.sdk -miphoneos-version-min=7.0 -I/Users/hiro/Library/Caches/CocoaPods/Pods/External/CRuby/193c1c8340a477e394e63f996e6fccdb/build/iphoneos_armv7/include -L/Applications/Xcode.app/Contents/Developer/Platforms/iPhoneOS.platform/Developer/SDKs/iPhoneOS10.1.sdk/usr/lib -lSystem -fstack-protector -L/usr/local/lib     -lruby-static -framework CoreFoundation  -lpthread -ldl -lobjc "
checked program was:
/* begin */
 1: #include "ruby.h"
 2: 
 3: /*top*/
 4: extern int t(void);
 5: int main(int argc, char **argv)
 6: {
 7:   if (argc > 1000000) {
 8:     printf("%p", &t);
 9:   }
10: 
11:   return 0;
12: }
13: int t(void) { void ((*volatile p)()); p = (void ((*)()))fpathconf; return !p; }
/* end */

--------------------

have_struct_member: checking for struct passwd.pw_gecos in pwd.h... -------------------- yes

"clang -arch armv7 -I../../.ext/include/-darwin -I/Users/hiro/Library/Caches/CocoaPods/Pods/External/CRuby/193c1c8340a477e394e63f996e6fccdb/ruby/include -I/Users/hiro/Library/Caches/CocoaPods/Pods/External/CRuby/193c1c8340a477e394e63f996e6fccdb/ruby/ext/etc -pipe -Os -isysroot /Applications/Xcode.app/Contents/Developer/Platforms/iPhoneOS.platform/Developer/SDKs/iPhoneOS10.1.sdk -miphoneos-version-min=7.0 -I/Users/hiro/Library/Caches/CocoaPods/Pods/External/CRuby/193c1c8340a477e394e63f996e6fccdb/build/iphoneos_armv7/include -D_XOPEN_SOURCE -D_DARWIN_C_SOURCE -D_DARWIN_UNLIMITED_SELECT -D_REENTRANT   -pipe -Os -isysroot /Applications/Xcode.app/Contents/Developer/Platforms/iPhoneOS.platform/Developer/SDKs/iPhoneOS10.1.sdk -miphoneos-version-min=7.0 -I/Users/hiro/Library/Caches/CocoaPods/Pods/External/CRuby/193c1c8340a477e394e63f996e6fccdb/build/iphoneos_armv7/include -fvisibility=hidden   -c conftest.c"
checked program was:
/* begin */
 1: #include "ruby.h"
 2: 
 3: #include <pwd.h>
 4: 
 5: /*top*/
 6: int s = (char *)&((struct passwd*)0)->pw_gecos - (char *)0;
 7: int main(int argc, char **argv)
 8: {
 9:   return 0;
10: }
/* end */

--------------------

have_struct_member: checking for struct passwd.pw_change in pwd.h... -------------------- yes

"clang -arch armv7 -I../../.ext/include/-darwin -I/Users/hiro/Library/Caches/CocoaPods/Pods/External/CRuby/193c1c8340a477e394e63f996e6fccdb/ruby/include -I/Users/hiro/Library/Caches/CocoaPods/Pods/External/CRuby/193c1c8340a477e394e63f996e6fccdb/ruby/ext/etc -pipe -Os -isysroot /Applications/Xcode.app/Contents/Developer/Platforms/iPhoneOS.platform/Developer/SDKs/iPhoneOS10.1.sdk -miphoneos-version-min=7.0 -I/Users/hiro/Library/Caches/CocoaPods/Pods/External/CRuby/193c1c8340a477e394e63f996e6fccdb/build/iphoneos_armv7/include -D_XOPEN_SOURCE -D_DARWIN_C_SOURCE -D_DARWIN_UNLIMITED_SELECT -D_REENTRANT   -pipe -Os -isysroot /Applications/Xcode.app/Contents/Developer/Platforms/iPhoneOS.platform/Developer/SDKs/iPhoneOS10.1.sdk -miphoneos-version-min=7.0 -I/Users/hiro/Library/Caches/CocoaPods/Pods/External/CRuby/193c1c8340a477e394e63f996e6fccdb/build/iphoneos_armv7/include -fvisibility=hidden   -c conftest.c"
checked program was:
/* begin */
 1: #include "ruby.h"
 2: 
 3: #include <pwd.h>
 4: 
 5: /*top*/
 6: int s = (char *)&((struct passwd*)0)->pw_change - (char *)0;
 7: int main(int argc, char **argv)
 8: {
 9:   return 0;
10: }
/* end */

--------------------

have_struct_member: checking for struct passwd.pw_quota in pwd.h... -------------------- no

"clang -arch armv7 -I../../.ext/include/-darwin -I/Users/hiro/Library/Caches/CocoaPods/Pods/External/CRuby/193c1c8340a477e394e63f996e6fccdb/ruby/include -I/Users/hiro/Library/Caches/CocoaPods/Pods/External/CRuby/193c1c8340a477e394e63f996e6fccdb/ruby/ext/etc -pipe -Os -isysroot /Applications/Xcode.app/Contents/Developer/Platforms/iPhoneOS.platform/Developer/SDKs/iPhoneOS10.1.sdk -miphoneos-version-min=7.0 -I/Users/hiro/Library/Caches/CocoaPods/Pods/External/CRuby/193c1c8340a477e394e63f996e6fccdb/build/iphoneos_armv7/include -D_XOPEN_SOURCE -D_DARWIN_C_SOURCE -D_DARWIN_UNLIMITED_SELECT -D_REENTRANT   -pipe -Os -isysroot /Applications/Xcode.app/Contents/Developer/Platforms/iPhoneOS.platform/Developer/SDKs/iPhoneOS10.1.sdk -miphoneos-version-min=7.0 -I/Users/hiro/Library/Caches/CocoaPods/Pods/External/CRuby/193c1c8340a477e394e63f996e6fccdb/build/iphoneos_armv7/include -fvisibility=hidden   -c conftest.c"
conftest.c:6:39: error: no member named 'pw_quota' in 'struct passwd'
int s = (char *)&((struct passwd*)0)->pw_quota - (char *)0;
                 ~~~~~~~~~~~~~~~~~~~  ^
1 error generated.
checked program was:
/* begin */
 1: #include "ruby.h"
 2: 
 3: #include <pwd.h>
 4: 
 5: /*top*/
 6: int s = (char *)&((struct passwd*)0)->pw_quota - (char *)0;
 7: int main(int argc, char **argv)
 8: {
 9:   return 0;
10: }
/* end */

--------------------

have_struct_member: checking for struct passwd.pw_age in pwd.h... -------------------- no

"clang -arch armv7 -I../../.ext/include/-darwin -I/Users/hiro/Library/Caches/CocoaPods/Pods/External/CRuby/193c1c8340a477e394e63f996e6fccdb/ruby/include -I/Users/hiro/Library/Caches/CocoaPods/Pods/External/CRuby/193c1c8340a477e394e63f996e6fccdb/ruby/ext/etc -pipe -Os -isysroot /Applications/Xcode.app/Contents/Developer/Platforms/iPhoneOS.platform/Developer/SDKs/iPhoneOS10.1.sdk -miphoneos-version-min=7.0 -I/Users/hiro/Library/Caches/CocoaPods/Pods/External/CRuby/193c1c8340a477e394e63f996e6fccdb/build/iphoneos_armv7/include -D_XOPEN_SOURCE -D_DARWIN_C_SOURCE -D_DARWIN_UNLIMITED_SELECT -D_REENTRANT   -pipe -Os -isysroot /Applications/Xcode.app/Contents/Developer/Platforms/iPhoneOS.platform/Developer/SDKs/iPhoneOS10.1.sdk -miphoneos-version-min=7.0 -I/Users/hiro/Library/Caches/CocoaPods/Pods/External/CRuby/193c1c8340a477e394e63f996e6fccdb/build/iphoneos_armv7/include -fvisibility=hidden   -c conftest.c"
conftest.c:6:39: error: no member named 'pw_age' in 'struct passwd'; did you mean 'pw_name'?
int s = (char *)&((struct passwd*)0)->pw_age - (char *)0;
                                      ^~~~~~
                                      pw_name
/Applications/Xcode.app/Contents/Developer/Platforms/iPhoneOS.platform/Developer/SDKs/iPhoneOS10.1.sdk/usr/include/pwd.h:85:8: note: 'pw_name' declared here
        char    *pw_name;               /* user name */
                 ^
1 error generated.
checked program was:
/* begin */
 1: #include "ruby.h"
 2: 
 3: #include <pwd.h>
 4: 
 5: /*top*/
 6: int s = (char *)&((struct passwd*)0)->pw_age - (char *)0;
 7: int main(int argc, char **argv)
 8: {
 9:   return 0;
10: }
/* end */

--------------------

have_struct_member: checking for struct passwd.pw_class in pwd.h... -------------------- yes

"clang -arch armv7 -I../../.ext/include/-darwin -I/Users/hiro/Library/Caches/CocoaPods/Pods/External/CRuby/193c1c8340a477e394e63f996e6fccdb/ruby/include -I/Users/hiro/Library/Caches/CocoaPods/Pods/External/CRuby/193c1c8340a477e394e63f996e6fccdb/ruby/ext/etc -pipe -Os -isysroot /Applications/Xcode.app/Contents/Developer/Platforms/iPhoneOS.platform/Developer/SDKs/iPhoneOS10.1.sdk -miphoneos-version-min=7.0 -I/Users/hiro/Library/Caches/CocoaPods/Pods/External/CRuby/193c1c8340a477e394e63f996e6fccdb/build/iphoneos_armv7/include -D_XOPEN_SOURCE -D_DARWIN_C_SOURCE -D_DARWIN_UNLIMITED_SELECT -D_REENTRANT   -pipe -Os -isysroot /Applications/Xcode.app/Contents/Developer/Platforms/iPhoneOS.platform/Developer/SDKs/iPhoneOS10.1.sdk -miphoneos-version-min=7.0 -I/Users/hiro/Library/Caches/CocoaPods/Pods/External/CRuby/193c1c8340a477e394e63f996e6fccdb/build/iphoneos_armv7/include -fvisibility=hidden   -c conftest.c"
checked program was:
/* begin */
 1: #include "ruby.h"
 2: 
 3: #include <pwd.h>
 4: 
 5: /*top*/
 6: int s = (char *)&((struct passwd*)0)->pw_class - (char *)0;
 7: int main(int argc, char **argv)
 8: {
 9:   return 0;
10: }
/* end */

--------------------

have_struct_member: checking for struct passwd.pw_comment in pwd.h... -------------------- no

"clang -arch armv7 -I../../.ext/include/-darwin -I/Users/hiro/Library/Caches/CocoaPods/Pods/External/CRuby/193c1c8340a477e394e63f996e6fccdb/ruby/include -I/Users/hiro/Library/Caches/CocoaPods/Pods/External/CRuby/193c1c8340a477e394e63f996e6fccdb/ruby/ext/etc -pipe -Os -isysroot /Applications/Xcode.app/Contents/Developer/Platforms/iPhoneOS.platform/Developer/SDKs/iPhoneOS10.1.sdk -miphoneos-version-min=7.0 -I/Users/hiro/Library/Caches/CocoaPods/Pods/External/CRuby/193c1c8340a477e394e63f996e6fccdb/build/iphoneos_armv7/include -D_XOPEN_SOURCE -D_DARWIN_C_SOURCE -D_DARWIN_UNLIMITED_SELECT -D_REENTRANT   -pipe -Os -isysroot /Applications/Xcode.app/Contents/Developer/Platforms/iPhoneOS.platform/Developer/SDKs/iPhoneOS10.1.sdk -miphoneos-version-min=7.0 -I/Users/hiro/Library/Caches/CocoaPods/Pods/External/CRuby/193c1c8340a477e394e63f996e6fccdb/build/iphoneos_armv7/include -fvisibility=hidden   -c conftest.c"
conftest.c:6:39: error: no member named 'pw_comment' in 'struct passwd'
int s = (char *)&((struct passwd*)0)->pw_comment - (char *)0;
                 ~~~~~~~~~~~~~~~~~~~  ^
1 error generated.
checked program was:
/* begin */
 1: #include "ruby.h"
 2: 
 3: #include <pwd.h>
 4: 
 5: /*top*/
 6: int s = (char *)&((struct passwd*)0)->pw_comment - (char *)0;
 7: int main(int argc, char **argv)
 8: {
 9:   return 0;
10: }
/* end */

--------------------

have_struct_member: checking for struct passwd.pw_expire in pwd.h... -------------------- yes

"clang -arch armv7 -I../../.ext/include/-darwin -I/Users/hiro/Library/Caches/CocoaPods/Pods/External/CRuby/193c1c8340a477e394e63f996e6fccdb/ruby/include -I/Users/hiro/Library/Caches/CocoaPods/Pods/External/CRuby/193c1c8340a477e394e63f996e6fccdb/ruby/ext/etc -pipe -Os -isysroot /Applications/Xcode.app/Contents/Developer/Platforms/iPhoneOS.platform/Developer/SDKs/iPhoneOS10.1.sdk -miphoneos-version-min=7.0 -I/Users/hiro/Library/Caches/CocoaPods/Pods/External/CRuby/193c1c8340a477e394e63f996e6fccdb/build/iphoneos_armv7/include -D_XOPEN_SOURCE -D_DARWIN_C_SOURCE -D_DARWIN_UNLIMITED_SELECT -D_REENTRANT   -pipe -Os -isysroot /Applications/Xcode.app/Contents/Developer/Platforms/iPhoneOS.platform/Developer/SDKs/iPhoneOS10.1.sdk -miphoneos-version-min=7.0 -I/Users/hiro/Library/Caches/CocoaPods/Pods/External/CRuby/193c1c8340a477e394e63f996e6fccdb/build/iphoneos_armv7/include -fvisibility=hidden   -c conftest.c"
checked program was:
/* begin */
 1: #include "ruby.h"
 2: 
 3: #include <pwd.h>
 4: 
 5: /*top*/
 6: int s = (char *)&((struct passwd*)0)->pw_expire - (char *)0;
 7: int main(int argc, char **argv)
 8: {
 9:   return 0;
10: }
/* end */

--------------------

have_struct_member: checking for struct passwd.pw_passwd in pwd.h... -------------------- yes

"clang -arch armv7 -I../../.ext/include/-darwin -I/Users/hiro/Library/Caches/CocoaPods/Pods/External/CRuby/193c1c8340a477e394e63f996e6fccdb/ruby/include -I/Users/hiro/Library/Caches/CocoaPods/Pods/External/CRuby/193c1c8340a477e394e63f996e6fccdb/ruby/ext/etc -pipe -Os -isysroot /Applications/Xcode.app/Contents/Developer/Platforms/iPhoneOS.platform/Developer/SDKs/iPhoneOS10.1.sdk -miphoneos-version-min=7.0 -I/Users/hiro/Library/Caches/CocoaPods/Pods/External/CRuby/193c1c8340a477e394e63f996e6fccdb/build/iphoneos_armv7/include -D_XOPEN_SOURCE -D_DARWIN_C_SOURCE -D_DARWIN_UNLIMITED_SELECT -D_REENTRANT   -pipe -Os -isysroot /Applications/Xcode.app/Contents/Developer/Platforms/iPhoneOS.platform/Developer/SDKs/iPhoneOS10.1.sdk -miphoneos-version-min=7.0 -I/Users/hiro/Library/Caches/CocoaPods/Pods/External/CRuby/193c1c8340a477e394e63f996e6fccdb/build/iphoneos_armv7/include -fvisibility=hidden   -c conftest.c"
checked program was:
/* begin */
 1: #include "ruby.h"
 2: 
 3: #include <pwd.h>
 4: 
 5: /*top*/
 6: int s = (char *)&((struct passwd*)0)->pw_passwd - (char *)0;
 7: int main(int argc, char **argv)
 8: {
 9:   return 0;
10: }
/* end */

--------------------

have_struct_member: checking for struct group.gr_passwd in grp.h... -------------------- yes

"clang -arch armv7 -I../../.ext/include/-darwin -I/Users/hiro/Library/Caches/CocoaPods/Pods/External/CRuby/193c1c8340a477e394e63f996e6fccdb/ruby/include -I/Users/hiro/Library/Caches/CocoaPods/Pods/External/CRuby/193c1c8340a477e394e63f996e6fccdb/ruby/ext/etc -pipe -Os -isysroot /Applications/Xcode.app/Contents/Developer/Platforms/iPhoneOS.platform/Developer/SDKs/iPhoneOS10.1.sdk -miphoneos-version-min=7.0 -I/Users/hiro/Library/Caches/CocoaPods/Pods/External/CRuby/193c1c8340a477e394e63f996e6fccdb/build/iphoneos_armv7/include -D_XOPEN_SOURCE -D_DARWIN_C_SOURCE -D_DARWIN_UNLIMITED_SELECT -D_REENTRANT   -pipe -Os -isysroot /Applications/Xcode.app/Contents/Developer/Platforms/iPhoneOS.platform/Developer/SDKs/iPhoneOS10.1.sdk -miphoneos-version-min=7.0 -I/Users/hiro/Library/Caches/CocoaPods/Pods/External/CRuby/193c1c8340a477e394e63f996e6fccdb/build/iphoneos_armv7/include -fvisibility=hidden   -c conftest.c"
checked program was:
/* begin */
 1: #include "ruby.h"
 2: 
 3: #include <grp.h>
 4: 
 5: /*top*/
 6: int s = (char *)&((struct group*)0)->gr_passwd - (char *)0;
 7: int main(int argc, char **argv)
 8: {
 9:   return 0;
10: }
/* end */

--------------------

extconf.h is:
/* begin */
 1: #ifndef EXTCONF_H
 2: #define EXTCONF_H
 3: #define HAVE_SYS_UTSNAME_H 1
 4: #define HAVE_UNAME 1
 5: #define HAVE_GETLOGIN 1
 6: #define HAVE_GETPWENT 1
 7: #define HAVE_GETGRENT 1
 8: #define SYSCONFDIR "/usr/local/etc"
 9: #define HAVE_SYSCONF 1
10: #define HAVE_CONFSTR 1
11: #define HAVE_FPATHCONF 1
12: #define HAVE_STRUCT_PASSWD_PW_GECOS 1
13: #define HAVE_ST_PW_GECOS 1
14: #define HAVE_STRUCT_PASSWD_PW_CHANGE 1
15: #define HAVE_ST_PW_CHANGE 1
16: #define HAVE_STRUCT_PASSWD_PW_CLASS 1
17: #define HAVE_ST_PW_CLASS 1
18: #define HAVE_STRUCT_PASSWD_PW_EXPIRE 1
19: #define HAVE_ST_PW_EXPIRE 1
20: #define HAVE_STRUCT_PASSWD_PW_PASSWD 1
21: #define HAVE_ST_PW_PASSWD 1
22: #define HAVE_STRUCT_GROUP_GR_PASSWD 1
23: #define HAVE_ST_GR_PASSWD 1
24: #define RUBY_EXPORT 1
25: #endif
/* end */

