package configuration for openssl is not found
have_library: checking for main() in -lcrypto... -------------------- no

"clang -arch arm64 -o conftest -I../../../.ext/include/-darwin -I/Users/hiro/Library/Caches/CocoaPods/Pods/External/CRuby/193c1c8340a477e394e63f996e6fccdb/ruby/include -I/Users/hiro/Library/Caches/CocoaPods/Pods/External/CRuby/193c1c8340a477e394e63f996e6fccdb/ruby/ext/digest/rmd160 -pipe -Os -isysroot /Applications/Xcode.app/Contents/Developer/Platforms/iPhoneOS.platform/Developer/SDKs/iPhoneOS10.1.sdk -miphoneos-version-min=7.0 -I/Users/hiro/Library/Caches/CocoaPods/Pods/External/CRuby/193c1c8340a477e394e63f996e6fccdb/build/iphoneos_arm64/include -D_XOPEN_SOURCE -D_DARWIN_C_SOURCE -D_DARWIN_UNLIMITED_SELECT -D_REENTRANT   -pipe -Os -isysroot /Applications/Xcode.app/Contents/Developer/Platforms/iPhoneOS.platform/Developer/SDKs/iPhoneOS10.1.sdk -miphoneos-version-min=7.0 -I/Users/hiro/Library/Caches/CocoaPods/Pods/External/CRuby/193c1c8340a477e394e63f996e6fccdb/build/iphoneos_arm64/include -fvisibility=hidden conftest.c  -L. -L../../.. -L. -pipe -Os -isysroot /Applications/Xcode.app/Contents/Developer/Platforms/iPhoneOS.platform/Developer/SDKs/iPhoneOS10.1.sdk -miphoneos-version-min=7.0 -I/Users/hiro/Library/Caches/CocoaPods/Pods/External/CRuby/193c1c8340a477e394e63f996e6fccdb/build/iphoneos_arm64/include -L/Applications/Xcode.app/Contents/Developer/Platforms/iPhoneOS.platform/Developer/SDKs/iPhoneOS10.1.sdk/usr/lib -lSystem -fstack-protector -L/usr/local/lib     -lruby-static -framework CoreFoundation -lcrypto  -lpthread -ldl -lobjc "
ld: library not found for -lcrypto
clang: error: linker command failed with exit code 1 (use -v to see invocation)
checked program was:
/* begin */
 1: #include "ruby.h"
 2: 
 3: /*top*/
 4: extern int t(void);
 5: int main(int argc, char **argv)
 6: {
 7:   if (argc > 1000000) {
 8:     printf("%p", &t);
 9:   }
10: 
11:   return 0;
12: }
13: int t(void) { void ((*volatile p)()); p = (void ((*)()))main; return !p; }
/* end */

"clang -arch arm64 -o conftest -I../../../.ext/include/-darwin -I/Users/hiro/Library/Caches/CocoaPods/Pods/External/CRuby/193c1c8340a477e394e63f996e6fccdb/ruby/include -I/Users/hiro/Library/Caches/CocoaPods/Pods/External/CRuby/193c1c8340a477e394e63f996e6fccdb/ruby/ext/digest/rmd160 -pipe -Os -isysroot /Applications/Xcode.app/Contents/Developer/Platforms/iPhoneOS.platform/Developer/SDKs/iPhoneOS10.1.sdk -miphoneos-version-min=7.0 -I/Users/hiro/Library/Caches/CocoaPods/Pods/External/CRuby/193c1c8340a477e394e63f996e6fccdb/build/iphoneos_arm64/include -D_XOPEN_SOURCE -D_DARWIN_C_SOURCE -D_DARWIN_UNLIMITED_SELECT -D_REENTRANT   -pipe -Os -isysroot /Applications/Xcode.app/Contents/Developer/Platforms/iPhoneOS.platform/Developer/SDKs/iPhoneOS10.1.sdk -miphoneos-version-min=7.0 -I/Users/hiro/Library/Caches/CocoaPods/Pods/External/CRuby/193c1c8340a477e394e63f996e6fccdb/build/iphoneos_arm64/include -fvisibility=hidden conftest.c  -L. -L../../.. -L. -pipe -Os -isysroot /Applications/Xcode.app/Contents/Developer/Platforms/iPhoneOS.platform/Developer/SDKs/iPhoneOS10.1.sdk -miphoneos-version-min=7.0 -I/Users/hiro/Library/Caches/CocoaPods/Pods/External/CRuby/193c1c8340a477e394e63f996e6fccdb/build/iphoneos_arm64/include -L/Applications/Xcode.app/Contents/Developer/Platforms/iPhoneOS.platform/Developer/SDKs/iPhoneOS10.1.sdk/usr/lib -lSystem -fstack-protector -L/usr/local/lib     -lruby-static -framework CoreFoundation -lcrypto  -lpthread -ldl -lobjc "
conftest.c:13:8: warning: return type of 'main' is not 'int' [-Wmain-return-type]
extern void main();
       ^
conftest.c:13:8: note: change return type to 'int'
extern void main();
       ^~~~
       int
conftest.c:13:13: error: conflicting types for 'main'
extern void main();
            ^
conftest.c:5:5: note: previous definition is here
int main(int argc, char **argv)
    ^
conftest.c:14:20: error: too few arguments to function call, expected 2, have 0
int t(void) { main(); return 0; }
              ~~~~ ^
conftest.c:5:1: note: 'main' declared here
int main(int argc, char **argv)
^
1 warning and 2 errors generated.
checked program was:
/* begin */
 1: #include "ruby.h"
 2: 
 3: /*top*/
 4: extern int t(void);
 5: int main(int argc, char **argv)
 6: {
 7:   if (argc > 1000000) {
 8:     printf("%p", &t);
 9:   }
10: 
11:   return 0;
12: }
13: extern void main();
14: int t(void) { main(); return 0; }
/* end */

--------------------

have_header: checking for sys/cdefs.h... -------------------- yes

"clang -arch arm64 -E -I../../../.ext/include/-darwin -I/Users/hiro/Library/Caches/CocoaPods/Pods/External/CRuby/193c1c8340a477e394e63f996e6fccdb/ruby/include -I/Users/hiro/Library/Caches/CocoaPods/Pods/External/CRuby/193c1c8340a477e394e63f996e6fccdb/ruby/ext/digest/rmd160 -pipe -Os -isysroot /Applications/Xcode.app/Contents/Developer/Platforms/iPhoneOS.platform/Developer/SDKs/iPhoneOS10.1.sdk -miphoneos-version-min=7.0 -I/Users/hiro/Library/Caches/CocoaPods/Pods/External/CRuby/193c1c8340a477e394e63f996e6fccdb/build/iphoneos_arm64/include -D_XOPEN_SOURCE -D_DARWIN_C_SOURCE -D_DARWIN_UNLIMITED_SELECT -D_REENTRANT   -pipe -Os -isysroot /Applications/Xcode.app/Contents/Developer/Platforms/iPhoneOS.platform/Developer/SDKs/iPhoneOS10.1.sdk -miphoneos-version-min=7.0 -I/Users/hiro/Library/Caches/CocoaPods/Pods/External/CRuby/193c1c8340a477e394e63f996e6fccdb/build/iphoneos_arm64/include -fvisibility=hidden  conftest.c -o conftest.i"
checked program was:
/* begin */
1: #include "ruby.h"
2: 
3: #include <sys/cdefs.h>
/* end */

--------------------

extconf.h is:
/* begin */
1: #ifndef EXTCONF_H
2: #define EXTCONF_H
3: #define NDEBUG 1
4: #define HAVE_CONFIG_H 1
5: #define HAVE_SYS_CDEFS_H 1
6: #define RUBY_EXPORT 1
7: #endif
/* end */

