=== OpenSSL for Ruby configurator ===
=== Checking for system dependent stuff... ===
have_library: checking for t_open() in -lnsl... -------------------- no

"clang -arch armv7s -o conftest -I../../.ext/include/-darwin -I/Users/hiro/Library/Caches/CocoaPods/Pods/External/CRuby/193c1c8340a477e394e63f996e6fccdb/ruby/include -I/Users/hiro/Library/Caches/CocoaPods/Pods/External/CRuby/193c1c8340a477e394e63f996e6fccdb/ruby/ext/openssl -pipe -Os -isysroot /Applications/Xcode.app/Contents/Developer/Platforms/iPhoneOS.platform/Developer/SDKs/iPhoneOS10.1.sdk -miphoneos-version-min=7.0 -I/Users/hiro/Library/Caches/CocoaPods/Pods/External/CRuby/193c1c8340a477e394e63f996e6fccdb/build/iphoneos_armv7s/include -D_XOPEN_SOURCE -D_DARWIN_C_SOURCE -D_DARWIN_UNLIMITED_SELECT -D_REENTRANT   -pipe -Os -isysroot /Applications/Xcode.app/Contents/Developer/Platforms/iPhoneOS.platform/Developer/SDKs/iPhoneOS10.1.sdk -miphoneos-version-min=7.0 -I/Users/hiro/Library/Caches/CocoaPods/Pods/External/CRuby/193c1c8340a477e394e63f996e6fccdb/build/iphoneos_armv7s/include -fvisibility=hidden conftest.c  -L. -L../.. -L. -pipe -Os -isysroot /Applications/Xcode.app/Contents/Developer/Platforms/iPhoneOS.platform/Developer/SDKs/iPhoneOS10.1.sdk -miphoneos-version-min=7.0 -I/Users/hiro/Library/Caches/CocoaPods/Pods/External/CRuby/193c1c8340a477e394e63f996e6fccdb/build/iphoneos_armv7s/include -L/Applications/Xcode.app/Contents/Developer/Platforms/iPhoneOS.platform/Developer/SDKs/iPhoneOS10.1.sdk/usr/lib -lSystem -fstack-protector -L/usr/local/lib     -lruby-static -framework CoreFoundation -lnsl  -lpthread -ldl -lobjc "
conftest.c:13:57: error: use of undeclared identifier 't_open'
int t(void) { void ((*volatile p)()); p = (void ((*)()))t_open; return !p; }
                                                        ^
1 error generated.
checked program was:
/* begin */
 1: #include "ruby.h"
 2: 
 3: /*top*/
 4: extern int t(void);
 5: int main(int argc, char **argv)
 6: {
 7:   if (argc > 1000000) {
 8:     printf("%p", &t);
 9:   }
10: 
11:   return 0;
12: }
13: int t(void) { void ((*volatile p)()); p = (void ((*)()))t_open; return !p; }
/* end */

"clang -arch armv7s -o conftest -I../../.ext/include/-darwin -I/Users/hiro/Library/Caches/CocoaPods/Pods/External/CRuby/193c1c8340a477e394e63f996e6fccdb/ruby/include -I/Users/hiro/Library/Caches/CocoaPods/Pods/External/CRuby/193c1c8340a477e394e63f996e6fccdb/ruby/ext/openssl -pipe -Os -isysroot /Applications/Xcode.app/Contents/Developer/Platforms/iPhoneOS.platform/Developer/SDKs/iPhoneOS10.1.sdk -miphoneos-version-min=7.0 -I/Users/hiro/Library/Caches/CocoaPods/Pods/External/CRuby/193c1c8340a477e394e63f996e6fccdb/build/iphoneos_armv7s/include -D_XOPEN_SOURCE -D_DARWIN_C_SOURCE -D_DARWIN_UNLIMITED_SELECT -D_REENTRANT   -pipe -Os -isysroot /Applications/Xcode.app/Contents/Developer/Platforms/iPhoneOS.platform/Developer/SDKs/iPhoneOS10.1.sdk -miphoneos-version-min=7.0 -I/Users/hiro/Library/Caches/CocoaPods/Pods/External/CRuby/193c1c8340a477e394e63f996e6fccdb/build/iphoneos_armv7s/include -fvisibility=hidden conftest.c  -L. -L../.. -L. -pipe -Os -isysroot /Applications/Xcode.app/Contents/Developer/Platforms/iPhoneOS.platform/Developer/SDKs/iPhoneOS10.1.sdk -miphoneos-version-min=7.0 -I/Users/hiro/Library/Caches/CocoaPods/Pods/External/CRuby/193c1c8340a477e394e63f996e6fccdb/build/iphoneos_armv7s/include -L/Applications/Xcode.app/Contents/Developer/Platforms/iPhoneOS.platform/Developer/SDKs/iPhoneOS10.1.sdk/usr/lib -lSystem -fstack-protector -L/usr/local/lib     -lruby-static -framework CoreFoundation -lnsl  -lpthread -ldl -lobjc "
ld: library not found for -lnsl
clang: error: linker command failed with exit code 1 (use -v to see invocation)
checked program was:
/* begin */
 1: #include "ruby.h"
 2: 
 3: /*top*/
 4: extern int t(void);
 5: int main(int argc, char **argv)
 6: {
 7:   if (argc > 1000000) {
 8:     printf("%p", &t);
 9:   }
10: 
11:   return 0;
12: }
13: extern void t_open();
14: int t(void) { t_open(); return 0; }
/* end */

--------------------

have_library: checking for socket() in -lsocket... -------------------- no

"clang -arch armv7s -o conftest -I../../.ext/include/-darwin -I/Users/hiro/Library/Caches/CocoaPods/Pods/External/CRuby/193c1c8340a477e394e63f996e6fccdb/ruby/include -I/Users/hiro/Library/Caches/CocoaPods/Pods/External/CRuby/193c1c8340a477e394e63f996e6fccdb/ruby/ext/openssl -pipe -Os -isysroot /Applications/Xcode.app/Contents/Developer/Platforms/iPhoneOS.platform/Developer/SDKs/iPhoneOS10.1.sdk -miphoneos-version-min=7.0 -I/Users/hiro/Library/Caches/CocoaPods/Pods/External/CRuby/193c1c8340a477e394e63f996e6fccdb/build/iphoneos_armv7s/include -D_XOPEN_SOURCE -D_DARWIN_C_SOURCE -D_DARWIN_UNLIMITED_SELECT -D_REENTRANT   -pipe -Os -isysroot /Applications/Xcode.app/Contents/Developer/Platforms/iPhoneOS.platform/Developer/SDKs/iPhoneOS10.1.sdk -miphoneos-version-min=7.0 -I/Users/hiro/Library/Caches/CocoaPods/Pods/External/CRuby/193c1c8340a477e394e63f996e6fccdb/build/iphoneos_armv7s/include -fvisibility=hidden conftest.c  -L. -L../.. -L. -pipe -Os -isysroot /Applications/Xcode.app/Contents/Developer/Platforms/iPhoneOS.platform/Developer/SDKs/iPhoneOS10.1.sdk -miphoneos-version-min=7.0 -I/Users/hiro/Library/Caches/CocoaPods/Pods/External/CRuby/193c1c8340a477e394e63f996e6fccdb/build/iphoneos_armv7s/include -L/Applications/Xcode.app/Contents/Developer/Platforms/iPhoneOS.platform/Developer/SDKs/iPhoneOS10.1.sdk/usr/lib -lSystem -fstack-protector -L/usr/local/lib     -lruby-static -framework CoreFoundation -lsocket  -lpthread -ldl -lobjc "
conftest.c:13:57: error: use of undeclared identifier 'socket'
int t(void) { void ((*volatile p)()); p = (void ((*)()))socket; return !p; }
                                                        ^
1 error generated.
checked program was:
/* begin */
 1: #include "ruby.h"
 2: 
 3: /*top*/
 4: extern int t(void);
 5: int main(int argc, char **argv)
 6: {
 7:   if (argc > 1000000) {
 8:     printf("%p", &t);
 9:   }
10: 
11:   return 0;
12: }
13: int t(void) { void ((*volatile p)()); p = (void ((*)()))socket; return !p; }
/* end */

"clang -arch armv7s -o conftest -I../../.ext/include/-darwin -I/Users/hiro/Library/Caches/CocoaPods/Pods/External/CRuby/193c1c8340a477e394e63f996e6fccdb/ruby/include -I/Users/hiro/Library/Caches/CocoaPods/Pods/External/CRuby/193c1c8340a477e394e63f996e6fccdb/ruby/ext/openssl -pipe -Os -isysroot /Applications/Xcode.app/Contents/Developer/Platforms/iPhoneOS.platform/Developer/SDKs/iPhoneOS10.1.sdk -miphoneos-version-min=7.0 -I/Users/hiro/Library/Caches/CocoaPods/Pods/External/CRuby/193c1c8340a477e394e63f996e6fccdb/build/iphoneos_armv7s/include -D_XOPEN_SOURCE -D_DARWIN_C_SOURCE -D_DARWIN_UNLIMITED_SELECT -D_REENTRANT   -pipe -Os -isysroot /Applications/Xcode.app/Contents/Developer/Platforms/iPhoneOS.platform/Developer/SDKs/iPhoneOS10.1.sdk -miphoneos-version-min=7.0 -I/Users/hiro/Library/Caches/CocoaPods/Pods/External/CRuby/193c1c8340a477e394e63f996e6fccdb/build/iphoneos_armv7s/include -fvisibility=hidden conftest.c  -L. -L../.. -L. -pipe -Os -isysroot /Applications/Xcode.app/Contents/Developer/Platforms/iPhoneOS.platform/Developer/SDKs/iPhoneOS10.1.sdk -miphoneos-version-min=7.0 -I/Users/hiro/Library/Caches/CocoaPods/Pods/External/CRuby/193c1c8340a477e394e63f996e6fccdb/build/iphoneos_armv7s/include -L/Applications/Xcode.app/Contents/Developer/Platforms/iPhoneOS.platform/Developer/SDKs/iPhoneOS10.1.sdk/usr/lib -lSystem -fstack-protector -L/usr/local/lib     -lruby-static -framework CoreFoundation -lsocket  -lpthread -ldl -lobjc "
ld: library not found for -lsocket
clang: error: linker command failed with exit code 1 (use -v to see invocation)
checked program was:
/* begin */
 1: #include "ruby.h"
 2: 
 3: /*top*/
 4: extern int t(void);
 5: int main(int argc, char **argv)
 6: {
 7:   if (argc > 1000000) {
 8:     printf("%p", &t);
 9:   }
10: 
11:   return 0;
12: }
13: extern void socket();
14: int t(void) { socket(); return 0; }
/* end */

--------------------

have_header: checking for assert.h... -------------------- yes

"clang -arch armv7s -E -I../../.ext/include/-darwin -I/Users/hiro/Library/Caches/CocoaPods/Pods/External/CRuby/193c1c8340a477e394e63f996e6fccdb/ruby/include -I/Users/hiro/Library/Caches/CocoaPods/Pods/External/CRuby/193c1c8340a477e394e63f996e6fccdb/ruby/ext/openssl -pipe -Os -isysroot /Applications/Xcode.app/Contents/Developer/Platforms/iPhoneOS.platform/Developer/SDKs/iPhoneOS10.1.sdk -miphoneos-version-min=7.0 -I/Users/hiro/Library/Caches/CocoaPods/Pods/External/CRuby/193c1c8340a477e394e63f996e6fccdb/build/iphoneos_armv7s/include -D_XOPEN_SOURCE -D_DARWIN_C_SOURCE -D_DARWIN_UNLIMITED_SELECT -D_REENTRANT   -pipe -Os -isysroot /Applications/Xcode.app/Contents/Developer/Platforms/iPhoneOS.platform/Developer/SDKs/iPhoneOS10.1.sdk -miphoneos-version-min=7.0 -I/Users/hiro/Library/Caches/CocoaPods/Pods/External/CRuby/193c1c8340a477e394e63f996e6fccdb/build/iphoneos_armv7s/include -fvisibility=hidden  conftest.c -o conftest.i"
checked program was:
/* begin */
1: #include "ruby.h"
2: 
3: #include <assert.h>
/* end */

--------------------

=== Checking for required stuff... ===
package configuration for openssl is not found
have_header: checking for openssl/ssl.h... -------------------- no

"clang -arch armv7s -E -I../../.ext/include/-darwin -I/Users/hiro/Library/Caches/CocoaPods/Pods/External/CRuby/193c1c8340a477e394e63f996e6fccdb/ruby/include -I/Users/hiro/Library/Caches/CocoaPods/Pods/External/CRuby/193c1c8340a477e394e63f996e6fccdb/ruby/ext/openssl -pipe -Os -isysroot /Applications/Xcode.app/Contents/Developer/Platforms/iPhoneOS.platform/Developer/SDKs/iPhoneOS10.1.sdk -miphoneos-version-min=7.0 -I/Users/hiro/Library/Caches/CocoaPods/Pods/External/CRuby/193c1c8340a477e394e63f996e6fccdb/build/iphoneos_armv7s/include -D_XOPEN_SOURCE -D_DARWIN_C_SOURCE -D_DARWIN_UNLIMITED_SELECT -D_REENTRANT   -pipe -Os -isysroot /Applications/Xcode.app/Contents/Developer/Platforms/iPhoneOS.platform/Developer/SDKs/iPhoneOS10.1.sdk -miphoneos-version-min=7.0 -I/Users/hiro/Library/Caches/CocoaPods/Pods/External/CRuby/193c1c8340a477e394e63f996e6fccdb/build/iphoneos_armv7s/include -fvisibility=hidden  conftest.c -o conftest.i"
conftest.c:3:10: fatal error: 'openssl/ssl.h' file not found
#include <openssl/ssl.h>
         ^
1 error generated.
checked program was:
/* begin */
1: #include "ruby.h"
2: 
3: #include <openssl/ssl.h>
/* end */

--------------------

=== Checking for required stuff failed. ===
Makefile wasn't created. Fix the errors above.
Failed to configure openssl. It will not be installed.
