check_sizeof: checking size of int_least8_t... -------------------- failed

"clang -arch arm64 -I../../../.ext/include/-darwin -I/Users/hiro/Library/Caches/CocoaPods/Pods/External/CRuby/193c1c8340a477e394e63f996e6fccdb/ruby/include -I/Users/hiro/Library/Caches/CocoaPods/Pods/External/CRuby/193c1c8340a477e394e63f996e6fccdb/ruby/ext/rbconfig/sizeof -pipe -Os -isysroot /Applications/Xcode.app/Contents/Developer/Platforms/iPhoneOS.platform/Developer/SDKs/iPhoneOS10.1.sdk -miphoneos-version-min=7.0 -I/Users/hiro/Library/Caches/CocoaPods/Pods/External/CRuby/193c1c8340a477e394e63f996e6fccdb/build/iphoneos_arm64/include -D_XOPEN_SOURCE -D_DARWIN_C_SOURCE -D_DARWIN_UNLIMITED_SELECT -D_REENTRANT   -pipe -Os -isysroot /Applications/Xcode.app/Contents/Developer/Platforms/iPhoneOS.platform/Developer/SDKs/iPhoneOS10.1.sdk -miphoneos-version-min=7.0 -I/Users/hiro/Library/Caches/CocoaPods/Pods/External/CRuby/193c1c8340a477e394e63f996e6fccdb/build/iphoneos_arm64/include -fvisibility=hidden   -c conftest.c"
conftest.c:7:20: error: 'conftest_const' declared as an array with a negative size
int conftest_const[(sizeof((*rbcv_ptr_)) < 0) ? 1 : -1];
                   ^~~~~~~~~~~~~~~~~~~~~~~~~~~~~~~~~~~
1 error generated.
checked program was:
/* begin */
1: #include "ruby.h"
2: 
3: typedef int_least8_t rbcv_typedef_;
4: rbcv_typedef_ *rbcv_ptr_;
5: 
6: /*top*/
7: int conftest_const[(sizeof((*rbcv_ptr_)) < 0) ? 1 : -1];
/* end */

"clang -arch arm64 -I../../../.ext/include/-darwin -I/Users/hiro/Library/Caches/CocoaPods/Pods/External/CRuby/193c1c8340a477e394e63f996e6fccdb/ruby/include -I/Users/hiro/Library/Caches/CocoaPods/Pods/External/CRuby/193c1c8340a477e394e63f996e6fccdb/ruby/ext/rbconfig/sizeof -pipe -Os -isysroot /Applications/Xcode.app/Contents/Developer/Platforms/iPhoneOS.platform/Developer/SDKs/iPhoneOS10.1.sdk -miphoneos-version-min=7.0 -I/Users/hiro/Library/Caches/CocoaPods/Pods/External/CRuby/193c1c8340a477e394e63f996e6fccdb/build/iphoneos_arm64/include -D_XOPEN_SOURCE -D_DARWIN_C_SOURCE -D_DARWIN_UNLIMITED_SELECT -D_REENTRANT   -pipe -Os -isysroot /Applications/Xcode.app/Contents/Developer/Platforms/iPhoneOS.platform/Developer/SDKs/iPhoneOS10.1.sdk -miphoneos-version-min=7.0 -I/Users/hiro/Library/Caches/CocoaPods/Pods/External/CRuby/193c1c8340a477e394e63f996e6fccdb/build/iphoneos_arm64/include -fvisibility=hidden   -c conftest.c"
checked program was:
/* begin */
1: #include "ruby.h"
2: 
3: typedef int_least8_t rbcv_typedef_;
4: rbcv_typedef_ *rbcv_ptr_;
5: 
6: /*top*/
7: int conftest_const[(sizeof((*rbcv_ptr_)) > 0) ? 1 : -1];
/* end */

"clang -arch arm64 -I../../../.ext/include/-darwin -I/Users/hiro/Library/Caches/CocoaPods/Pods/External/CRuby/193c1c8340a477e394e63f996e6fccdb/ruby/include -I/Users/hiro/Library/Caches/CocoaPods/Pods/External/CRuby/193c1c8340a477e394e63f996e6fccdb/ruby/ext/rbconfig/sizeof -pipe -Os -isysroot /Applications/Xcode.app/Contents/Developer/Platforms/iPhoneOS.platform/Developer/SDKs/iPhoneOS10.1.sdk -miphoneos-version-min=7.0 -I/Users/hiro/Library/Caches/CocoaPods/Pods/External/CRuby/193c1c8340a477e394e63f996e6fccdb/build/iphoneos_arm64/include -D_XOPEN_SOURCE -D_DARWIN_C_SOURCE -D_DARWIN_UNLIMITED_SELECT -D_REENTRANT   -pipe -Os -isysroot /Applications/Xcode.app/Contents/Developer/Platforms/iPhoneOS.platform/Developer/SDKs/iPhoneOS10.1.sdk -miphoneos-version-min=7.0 -I/Users/hiro/Library/Caches/CocoaPods/Pods/External/CRuby/193c1c8340a477e394e63f996e6fccdb/build/iphoneos_arm64/include -fvisibility=hidden   -c conftest.c"
checked program was:
/* begin */
1: #include "ruby.h"
2: 
3: typedef int_least8_t rbcv_typedef_;
4: rbcv_typedef_ *rbcv_ptr_;
5: 
6: /*top*/
7: int conftest_const[(sizeof((*rbcv_ptr_)) <= 1) ? 1 : -1];
/* end */

--------------------

check_sizeof: checking size of int_least16_t... -------------------- 2

"clang -arch arm64 -I../../../.ext/include/-darwin -I/Users/hiro/Library/Caches/CocoaPods/Pods/External/CRuby/193c1c8340a477e394e63f996e6fccdb/ruby/include -I/Users/hiro/Library/Caches/CocoaPods/Pods/External/CRuby/193c1c8340a477e394e63f996e6fccdb/ruby/ext/rbconfig/sizeof -pipe -Os -isysroot /Applications/Xcode.app/Contents/Developer/Platforms/iPhoneOS.platform/Developer/SDKs/iPhoneOS10.1.sdk -miphoneos-version-min=7.0 -I/Users/hiro/Library/Caches/CocoaPods/Pods/External/CRuby/193c1c8340a477e394e63f996e6fccdb/build/iphoneos_arm64/include -D_XOPEN_SOURCE -D_DARWIN_C_SOURCE -D_DARWIN_UNLIMITED_SELECT -D_REENTRANT   -pipe -Os -isysroot /Applications/Xcode.app/Contents/Developer/Platforms/iPhoneOS.platform/Developer/SDKs/iPhoneOS10.1.sdk -miphoneos-version-min=7.0 -I/Users/hiro/Library/Caches/CocoaPods/Pods/External/CRuby/193c1c8340a477e394e63f996e6fccdb/build/iphoneos_arm64/include -fvisibility=hidden   -c conftest.c"
conftest.c:7:20: error: 'conftest_const' declared as an array with a negative size
int conftest_const[(sizeof((*rbcv_ptr_)) < 0) ? 1 : -1];
                   ^~~~~~~~~~~~~~~~~~~~~~~~~~~~~~~~~~~
1 error generated.
checked program was:
/* begin */
1: #include "ruby.h"
2: 
3: typedef int_least16_t rbcv_typedef_;
4: rbcv_typedef_ *rbcv_ptr_;
5: 
6: /*top*/
7: int conftest_const[(sizeof((*rbcv_ptr_)) < 0) ? 1 : -1];
/* end */

"clang -arch arm64 -I../../../.ext/include/-darwin -I/Users/hiro/Library/Caches/CocoaPods/Pods/External/CRuby/193c1c8340a477e394e63f996e6fccdb/ruby/include -I/Users/hiro/Library/Caches/CocoaPods/Pods/External/CRuby/193c1c8340a477e394e63f996e6fccdb/ruby/ext/rbconfig/sizeof -pipe -Os -isysroot /Applications/Xcode.app/Contents/Developer/Platforms/iPhoneOS.platform/Developer/SDKs/iPhoneOS10.1.sdk -miphoneos-version-min=7.0 -I/Users/hiro/Library/Caches/CocoaPods/Pods/External/CRuby/193c1c8340a477e394e63f996e6fccdb/build/iphoneos_arm64/include -D_XOPEN_SOURCE -D_DARWIN_C_SOURCE -D_DARWIN_UNLIMITED_SELECT -D_REENTRANT   -pipe -Os -isysroot /Applications/Xcode.app/Contents/Developer/Platforms/iPhoneOS.platform/Developer/SDKs/iPhoneOS10.1.sdk -miphoneos-version-min=7.0 -I/Users/hiro/Library/Caches/CocoaPods/Pods/External/CRuby/193c1c8340a477e394e63f996e6fccdb/build/iphoneos_arm64/include -fvisibility=hidden   -c conftest.c"
checked program was:
/* begin */
1: #include "ruby.h"
2: 
3: typedef int_least16_t rbcv_typedef_;
4: rbcv_typedef_ *rbcv_ptr_;
5: 
6: /*top*/
7: int conftest_const[(sizeof((*rbcv_ptr_)) > 0) ? 1 : -1];
/* end */

"clang -arch arm64 -I../../../.ext/include/-darwin -I/Users/hiro/Library/Caches/CocoaPods/Pods/External/CRuby/193c1c8340a477e394e63f996e6fccdb/ruby/include -I/Users/hiro/Library/Caches/CocoaPods/Pods/External/CRuby/193c1c8340a477e394e63f996e6fccdb/ruby/ext/rbconfig/sizeof -pipe -Os -isysroot /Applications/Xcode.app/Contents/Developer/Platforms/iPhoneOS.platform/Developer/SDKs/iPhoneOS10.1.sdk -miphoneos-version-min=7.0 -I/Users/hiro/Library/Caches/CocoaPods/Pods/External/CRuby/193c1c8340a477e394e63f996e6fccdb/build/iphoneos_arm64/include -D_XOPEN_SOURCE -D_DARWIN_C_SOURCE -D_DARWIN_UNLIMITED_SELECT -D_REENTRANT   -pipe -Os -isysroot /Applications/Xcode.app/Contents/Developer/Platforms/iPhoneOS.platform/Developer/SDKs/iPhoneOS10.1.sdk -miphoneos-version-min=7.0 -I/Users/hiro/Library/Caches/CocoaPods/Pods/External/CRuby/193c1c8340a477e394e63f996e6fccdb/build/iphoneos_arm64/include -fvisibility=hidden   -c conftest.c"
conftest.c:7:20: error: 'conftest_const' declared as an array with a negative size
int conftest_const[(sizeof((*rbcv_ptr_)) <= 1) ? 1 : -1];
                   ^~~~~~~~~~~~~~~~~~~~~~~~~~~~~~~~~~~~
1 error generated.
checked program was:
/* begin */
1: #include "ruby.h"
2: 
3: typedef int_least16_t rbcv_typedef_;
4: rbcv_typedef_ *rbcv_ptr_;
5: 
6: /*top*/
7: int conftest_const[(sizeof((*rbcv_ptr_)) <= 1) ? 1 : -1];
/* end */

"clang -arch arm64 -I../../../.ext/include/-darwin -I/Users/hiro/Library/Caches/CocoaPods/Pods/External/CRuby/193c1c8340a477e394e63f996e6fccdb/ruby/include -I/Users/hiro/Library/Caches/CocoaPods/Pods/External/CRuby/193c1c8340a477e394e63f996e6fccdb/ruby/ext/rbconfig/sizeof -pipe -Os -isysroot /Applications/Xcode.app/Contents/Developer/Platforms/iPhoneOS.platform/Developer/SDKs/iPhoneOS10.1.sdk -miphoneos-version-min=7.0 -I/Users/hiro/Library/Caches/CocoaPods/Pods/External/CRuby/193c1c8340a477e394e63f996e6fccdb/build/iphoneos_arm64/include -D_XOPEN_SOURCE -D_DARWIN_C_SOURCE -D_DARWIN_UNLIMITED_SELECT -D_REENTRANT   -pipe -Os -isysroot /Applications/Xcode.app/Contents/Developer/Platforms/iPhoneOS.platform/Developer/SDKs/iPhoneOS10.1.sdk -miphoneos-version-min=7.0 -I/Users/hiro/Library/Caches/CocoaPods/Pods/External/CRuby/193c1c8340a477e394e63f996e6fccdb/build/iphoneos_arm64/include -fvisibility=hidden   -c conftest.c"
checked program was:
/* begin */
1: #include "ruby.h"
2: 
3: typedef int_least16_t rbcv_typedef_;
4: rbcv_typedef_ *rbcv_ptr_;
5: 
6: /*top*/
7: int conftest_const[(sizeof((*rbcv_ptr_)) <= 2) ? 1 : -1];
/* end */

--------------------

check_sizeof: checking size of int_least32_t... -------------------- 4

"clang -arch arm64 -I../../../.ext/include/-darwin -I/Users/hiro/Library/Caches/CocoaPods/Pods/External/CRuby/193c1c8340a477e394e63f996e6fccdb/ruby/include -I/Users/hiro/Library/Caches/CocoaPods/Pods/External/CRuby/193c1c8340a477e394e63f996e6fccdb/ruby/ext/rbconfig/sizeof -pipe -Os -isysroot /Applications/Xcode.app/Contents/Developer/Platforms/iPhoneOS.platform/Developer/SDKs/iPhoneOS10.1.sdk -miphoneos-version-min=7.0 -I/Users/hiro/Library/Caches/CocoaPods/Pods/External/CRuby/193c1c8340a477e394e63f996e6fccdb/build/iphoneos_arm64/include -D_XOPEN_SOURCE -D_DARWIN_C_SOURCE -D_DARWIN_UNLIMITED_SELECT -D_REENTRANT   -pipe -Os -isysroot /Applications/Xcode.app/Contents/Developer/Platforms/iPhoneOS.platform/Developer/SDKs/iPhoneOS10.1.sdk -miphoneos-version-min=7.0 -I/Users/hiro/Library/Caches/CocoaPods/Pods/External/CRuby/193c1c8340a477e394e63f996e6fccdb/build/iphoneos_arm64/include -fvisibility=hidden   -c conftest.c"
conftest.c:7:20: error: 'conftest_const' declared as an array with a negative size
int conftest_const[(sizeof((*rbcv_ptr_)) < 0) ? 1 : -1];
                   ^~~~~~~~~~~~~~~~~~~~~~~~~~~~~~~~~~~
1 error generated.
checked program was:
/* begin */
1: #include "ruby.h"
2: 
3: typedef int_least32_t rbcv_typedef_;
4: rbcv_typedef_ *rbcv_ptr_;
5: 
6: /*top*/
7: int conftest_const[(sizeof((*rbcv_ptr_)) < 0) ? 1 : -1];
/* end */

"clang -arch arm64 -I../../../.ext/include/-darwin -I/Users/hiro/Library/Caches/CocoaPods/Pods/External/CRuby/193c1c8340a477e394e63f996e6fccdb/ruby/include -I/Users/hiro/Library/Caches/CocoaPods/Pods/External/CRuby/193c1c8340a477e394e63f996e6fccdb/ruby/ext/rbconfig/sizeof -pipe -Os -isysroot /Applications/Xcode.app/Contents/Developer/Platforms/iPhoneOS.platform/Developer/SDKs/iPhoneOS10.1.sdk -miphoneos-version-min=7.0 -I/Users/hiro/Library/Caches/CocoaPods/Pods/External/CRuby/193c1c8340a477e394e63f996e6fccdb/build/iphoneos_arm64/include -D_XOPEN_SOURCE -D_DARWIN_C_SOURCE -D_DARWIN_UNLIMITED_SELECT -D_REENTRANT   -pipe -Os -isysroot /Applications/Xcode.app/Contents/Developer/Platforms/iPhoneOS.platform/Developer/SDKs/iPhoneOS10.1.sdk -miphoneos-version-min=7.0 -I/Users/hiro/Library/Caches/CocoaPods/Pods/External/CRuby/193c1c8340a477e394e63f996e6fccdb/build/iphoneos_arm64/include -fvisibility=hidden   -c conftest.c"
checked program was:
/* begin */
1: #include "ruby.h"
2: 
3: typedef int_least32_t rbcv_typedef_;
4: rbcv_typedef_ *rbcv_ptr_;
5: 
6: /*top*/
7: int conftest_const[(sizeof((*rbcv_ptr_)) > 0) ? 1 : -1];
/* end */

"clang -arch arm64 -I../../../.ext/include/-darwin -I/Users/hiro/Library/Caches/CocoaPods/Pods/External/CRuby/193c1c8340a477e394e63f996e6fccdb/ruby/include -I/Users/hiro/Library/Caches/CocoaPods/Pods/External/CRuby/193c1c8340a477e394e63f996e6fccdb/ruby/ext/rbconfig/sizeof -pipe -Os -isysroot /Applications/Xcode.app/Contents/Developer/Platforms/iPhoneOS.platform/Developer/SDKs/iPhoneOS10.1.sdk -miphoneos-version-min=7.0 -I/Users/hiro/Library/Caches/CocoaPods/Pods/External/CRuby/193c1c8340a477e394e63f996e6fccdb/build/iphoneos_arm64/include -D_XOPEN_SOURCE -D_DARWIN_C_SOURCE -D_DARWIN_UNLIMITED_SELECT -D_REENTRANT   -pipe -Os -isysroot /Applications/Xcode.app/Contents/Developer/Platforms/iPhoneOS.platform/Developer/SDKs/iPhoneOS10.1.sdk -miphoneos-version-min=7.0 -I/Users/hiro/Library/Caches/CocoaPods/Pods/External/CRuby/193c1c8340a477e394e63f996e6fccdb/build/iphoneos_arm64/include -fvisibility=hidden   -c conftest.c"
conftest.c:7:20: error: 'conftest_const' declared as an array with a negative size
int conftest_const[(sizeof((*rbcv_ptr_)) <= 1) ? 1 : -1];
                   ^~~~~~~~~~~~~~~~~~~~~~~~~~~~~~~~~~~~
1 error generated.
checked program was:
/* begin */
1: #include "ruby.h"
2: 
3: typedef int_least32_t rbcv_typedef_;
4: rbcv_typedef_ *rbcv_ptr_;
5: 
6: /*top*/
7: int conftest_const[(sizeof((*rbcv_ptr_)) <= 1) ? 1 : -1];
/* end */

"clang -arch arm64 -I../../../.ext/include/-darwin -I/Users/hiro/Library/Caches/CocoaPods/Pods/External/CRuby/193c1c8340a477e394e63f996e6fccdb/ruby/include -I/Users/hiro/Library/Caches/CocoaPods/Pods/External/CRuby/193c1c8340a477e394e63f996e6fccdb/ruby/ext/rbconfig/sizeof -pipe -Os -isysroot /Applications/Xcode.app/Contents/Developer/Platforms/iPhoneOS.platform/Developer/SDKs/iPhoneOS10.1.sdk -miphoneos-version-min=7.0 -I/Users/hiro/Library/Caches/CocoaPods/Pods/External/CRuby/193c1c8340a477e394e63f996e6fccdb/build/iphoneos_arm64/include -D_XOPEN_SOURCE -D_DARWIN_C_SOURCE -D_DARWIN_UNLIMITED_SELECT -D_REENTRANT   -pipe -Os -isysroot /Applications/Xcode.app/Contents/Developer/Platforms/iPhoneOS.platform/Developer/SDKs/iPhoneOS10.1.sdk -miphoneos-version-min=7.0 -I/Users/hiro/Library/Caches/CocoaPods/Pods/External/CRuby/193c1c8340a477e394e63f996e6fccdb/build/iphoneos_arm64/include -fvisibility=hidden   -c conftest.c"
conftest.c:7:20: error: 'conftest_const' declared as an array with a negative size
int conftest_const[(sizeof((*rbcv_ptr_)) <= 2) ? 1 : -1];
                   ^~~~~~~~~~~~~~~~~~~~~~~~~~~~~~~~~~~~
1 error generated.
checked program was:
/* begin */
1: #include "ruby.h"
2: 
3: typedef int_least32_t rbcv_typedef_;
4: rbcv_typedef_ *rbcv_ptr_;
5: 
6: /*top*/
7: int conftest_const[(sizeof((*rbcv_ptr_)) <= 2) ? 1 : -1];
/* end */

"clang -arch arm64 -I../../../.ext/include/-darwin -I/Users/hiro/Library/Caches/CocoaPods/Pods/External/CRuby/193c1c8340a477e394e63f996e6fccdb/ruby/include -I/Users/hiro/Library/Caches/CocoaPods/Pods/External/CRuby/193c1c8340a477e394e63f996e6fccdb/ruby/ext/rbconfig/sizeof -pipe -Os -isysroot /Applications/Xcode.app/Contents/Developer/Platforms/iPhoneOS.platform/Developer/SDKs/iPhoneOS10.1.sdk -miphoneos-version-min=7.0 -I/Users/hiro/Library/Caches/CocoaPods/Pods/External/CRuby/193c1c8340a477e394e63f996e6fccdb/build/iphoneos_arm64/include -D_XOPEN_SOURCE -D_DARWIN_C_SOURCE -D_DARWIN_UNLIMITED_SELECT -D_REENTRANT   -pipe -Os -isysroot /Applications/Xcode.app/Contents/Developer/Platforms/iPhoneOS.platform/Developer/SDKs/iPhoneOS10.1.sdk -miphoneos-version-min=7.0 -I/Users/hiro/Library/Caches/CocoaPods/Pods/External/CRuby/193c1c8340a477e394e63f996e6fccdb/build/iphoneos_arm64/include -fvisibility=hidden   -c conftest.c"
checked program was:
/* begin */
1: #include "ruby.h"
2: 
3: typedef int_least32_t rbcv_typedef_;
4: rbcv_typedef_ *rbcv_ptr_;
5: 
6: /*top*/
7: int conftest_const[(sizeof((*rbcv_ptr_)) <= 4) ? 1 : -1];
/* end */

"clang -arch arm64 -I../../../.ext/include/-darwin -I/Users/hiro/Library/Caches/CocoaPods/Pods/External/CRuby/193c1c8340a477e394e63f996e6fccdb/ruby/include -I/Users/hiro/Library/Caches/CocoaPods/Pods/External/CRuby/193c1c8340a477e394e63f996e6fccdb/ruby/ext/rbconfig/sizeof -pipe -Os -isysroot /Applications/Xcode.app/Contents/Developer/Platforms/iPhoneOS.platform/Developer/SDKs/iPhoneOS10.1.sdk -miphoneos-version-min=7.0 -I/Users/hiro/Library/Caches/CocoaPods/Pods/External/CRuby/193c1c8340a477e394e63f996e6fccdb/build/iphoneos_arm64/include -D_XOPEN_SOURCE -D_DARWIN_C_SOURCE -D_DARWIN_UNLIMITED_SELECT -D_REENTRANT   -pipe -Os -isysroot /Applications/Xcode.app/Contents/Developer/Platforms/iPhoneOS.platform/Developer/SDKs/iPhoneOS10.1.sdk -miphoneos-version-min=7.0 -I/Users/hiro/Library/Caches/CocoaPods/Pods/External/CRuby/193c1c8340a477e394e63f996e6fccdb/build/iphoneos_arm64/include -fvisibility=hidden   -c conftest.c"
checked program was:
/* begin */
1: #include "ruby.h"
2: 
3: typedef int_least32_t rbcv_typedef_;
4: rbcv_typedef_ *rbcv_ptr_;
5: 
6: /*top*/
7: int conftest_const[(sizeof((*rbcv_ptr_)) > 3) ? 1 : -1];
/* end */

--------------------

check_sizeof: checking size of int_least64_t... -------------------- 8

"clang -arch arm64 -I../../../.ext/include/-darwin -I/Users/hiro/Library/Caches/CocoaPods/Pods/External/CRuby/193c1c8340a477e394e63f996e6fccdb/ruby/include -I/Users/hiro/Library/Caches/CocoaPods/Pods/External/CRuby/193c1c8340a477e394e63f996e6fccdb/ruby/ext/rbconfig/sizeof -pipe -Os -isysroot /Applications/Xcode.app/Contents/Developer/Platforms/iPhoneOS.platform/Developer/SDKs/iPhoneOS10.1.sdk -miphoneos-version-min=7.0 -I/Users/hiro/Library/Caches/CocoaPods/Pods/External/CRuby/193c1c8340a477e394e63f996e6fccdb/build/iphoneos_arm64/include -D_XOPEN_SOURCE -D_DARWIN_C_SOURCE -D_DARWIN_UNLIMITED_SELECT -D_REENTRANT   -pipe -Os -isysroot /Applications/Xcode.app/Contents/Developer/Platforms/iPhoneOS.platform/Developer/SDKs/iPhoneOS10.1.sdk -miphoneos-version-min=7.0 -I/Users/hiro/Library/Caches/CocoaPods/Pods/External/CRuby/193c1c8340a477e394e63f996e6fccdb/build/iphoneos_arm64/include -fvisibility=hidden   -c conftest.c"
conftest.c:7:20: error: 'conftest_const' declared as an array with a negative size
int conftest_const[(sizeof((*rbcv_ptr_)) < 0) ? 1 : -1];
                   ^~~~~~~~~~~~~~~~~~~~~~~~~~~~~~~~~~~
1 error generated.
checked program was:
/* begin */
1: #include "ruby.h"
2: 
3: typedef int_least64_t rbcv_typedef_;
4: rbcv_typedef_ *rbcv_ptr_;
5: 
6: /*top*/
7: int conftest_const[(sizeof((*rbcv_ptr_)) < 0) ? 1 : -1];
/* end */

"clang -arch arm64 -I../../../.ext/include/-darwin -I/Users/hiro/Library/Caches/CocoaPods/Pods/External/CRuby/193c1c8340a477e394e63f996e6fccdb/ruby/include -I/Users/hiro/Library/Caches/CocoaPods/Pods/External/CRuby/193c1c8340a477e394e63f996e6fccdb/ruby/ext/rbconfig/sizeof -pipe -Os -isysroot /Applications/Xcode.app/Contents/Developer/Platforms/iPhoneOS.platform/Developer/SDKs/iPhoneOS10.1.sdk -miphoneos-version-min=7.0 -I/Users/hiro/Library/Caches/CocoaPods/Pods/External/CRuby/193c1c8340a477e394e63f996e6fccdb/build/iphoneos_arm64/include -D_XOPEN_SOURCE -D_DARWIN_C_SOURCE -D_DARWIN_UNLIMITED_SELECT -D_REENTRANT   -pipe -Os -isysroot /Applications/Xcode.app/Contents/Developer/Platforms/iPhoneOS.platform/Developer/SDKs/iPhoneOS10.1.sdk -miphoneos-version-min=7.0 -I/Users/hiro/Library/Caches/CocoaPods/Pods/External/CRuby/193c1c8340a477e394e63f996e6fccdb/build/iphoneos_arm64/include -fvisibility=hidden   -c conftest.c"
checked program was:
/* begin */
1: #include "ruby.h"
2: 
3: typedef int_least64_t rbcv_typedef_;
4: rbcv_typedef_ *rbcv_ptr_;
5: 
6: /*top*/
7: int conftest_const[(sizeof((*rbcv_ptr_)) > 0) ? 1 : -1];
/* end */

"clang -arch arm64 -I../../../.ext/include/-darwin -I/Users/hiro/Library/Caches/CocoaPods/Pods/External/CRuby/193c1c8340a477e394e63f996e6fccdb/ruby/include -I/Users/hiro/Library/Caches/CocoaPods/Pods/External/CRuby/193c1c8340a477e394e63f996e6fccdb/ruby/ext/rbconfig/sizeof -pipe -Os -isysroot /Applications/Xcode.app/Contents/Developer/Platforms/iPhoneOS.platform/Developer/SDKs/iPhoneOS10.1.sdk -miphoneos-version-min=7.0 -I/Users/hiro/Library/Caches/CocoaPods/Pods/External/CRuby/193c1c8340a477e394e63f996e6fccdb/build/iphoneos_arm64/include -D_XOPEN_SOURCE -D_DARWIN_C_SOURCE -D_DARWIN_UNLIMITED_SELECT -D_REENTRANT   -pipe -Os -isysroot /Applications/Xcode.app/Contents/Developer/Platforms/iPhoneOS.platform/Developer/SDKs/iPhoneOS10.1.sdk -miphoneos-version-min=7.0 -I/Users/hiro/Library/Caches/CocoaPods/Pods/External/CRuby/193c1c8340a477e394e63f996e6fccdb/build/iphoneos_arm64/include -fvisibility=hidden   -c conftest.c"
conftest.c:7:20: error: 'conftest_const' declared as an array with a negative size
int conftest_const[(sizeof((*rbcv_ptr_)) <= 1) ? 1 : -1];
                   ^~~~~~~~~~~~~~~~~~~~~~~~~~~~~~~~~~~~
1 error generated.
checked program was:
/* begin */
1: #include "ruby.h"
2: 
3: typedef int_least64_t rbcv_typedef_;
4: rbcv_typedef_ *rbcv_ptr_;
5: 
6: /*top*/
7: int conftest_const[(sizeof((*rbcv_ptr_)) <= 1) ? 1 : -1];
/* end */

"clang -arch arm64 -I../../../.ext/include/-darwin -I/Users/hiro/Library/Caches/CocoaPods/Pods/External/CRuby/193c1c8340a477e394e63f996e6fccdb/ruby/include -I/Users/hiro/Library/Caches/CocoaPods/Pods/External/CRuby/193c1c8340a477e394e63f996e6fccdb/ruby/ext/rbconfig/sizeof -pipe -Os -isysroot /Applications/Xcode.app/Contents/Developer/Platforms/iPhoneOS.platform/Developer/SDKs/iPhoneOS10.1.sdk -miphoneos-version-min=7.0 -I/Users/hiro/Library/Caches/CocoaPods/Pods/External/CRuby/193c1c8340a477e394e63f996e6fccdb/build/iphoneos_arm64/include -D_XOPEN_SOURCE -D_DARWIN_C_SOURCE -D_DARWIN_UNLIMITED_SELECT -D_REENTRANT   -pipe -Os -isysroot /Applications/Xcode.app/Contents/Developer/Platforms/iPhoneOS.platform/Developer/SDKs/iPhoneOS10.1.sdk -miphoneos-version-min=7.0 -I/Users/hiro/Library/Caches/CocoaPods/Pods/External/CRuby/193c1c8340a477e394e63f996e6fccdb/build/iphoneos_arm64/include -fvisibility=hidden   -c conftest.c"
conftest.c:7:20: error: 'conftest_const' declared as an array with a negative size
int conftest_const[(sizeof((*rbcv_ptr_)) <= 2) ? 1 : -1];
                   ^~~~~~~~~~~~~~~~~~~~~~~~~~~~~~~~~~~~
1 error generated.
checked program was:
/* begin */
1: #include "ruby.h"
2: 
3: typedef int_least64_t rbcv_typedef_;
4: rbcv_typedef_ *rbcv_ptr_;
5: 
6: /*top*/
7: int conftest_const[(sizeof((*rbcv_ptr_)) <= 2) ? 1 : -1];
/* end */

"clang -arch arm64 -I../../../.ext/include/-darwin -I/Users/hiro/Library/Caches/CocoaPods/Pods/External/CRuby/193c1c8340a477e394e63f996e6fccdb/ruby/include -I/Users/hiro/Library/Caches/CocoaPods/Pods/External/CRuby/193c1c8340a477e394e63f996e6fccdb/ruby/ext/rbconfig/sizeof -pipe -Os -isysroot /Applications/Xcode.app/Contents/Developer/Platforms/iPhoneOS.platform/Developer/SDKs/iPhoneOS10.1.sdk -miphoneos-version-min=7.0 -I/Users/hiro/Library/Caches/CocoaPods/Pods/External/CRuby/193c1c8340a477e394e63f996e6fccdb/build/iphoneos_arm64/include -D_XOPEN_SOURCE -D_DARWIN_C_SOURCE -D_DARWIN_UNLIMITED_SELECT -D_REENTRANT   -pipe -Os -isysroot /Applications/Xcode.app/Contents/Developer/Platforms/iPhoneOS.platform/Developer/SDKs/iPhoneOS10.1.sdk -miphoneos-version-min=7.0 -I/Users/hiro/Library/Caches/CocoaPods/Pods/External/CRuby/193c1c8340a477e394e63f996e6fccdb/build/iphoneos_arm64/include -fvisibility=hidden   -c conftest.c"
conftest.c:7:20: error: 'conftest_const' declared as an array with a negative size
int conftest_const[(sizeof((*rbcv_ptr_)) <= 4) ? 1 : -1];
                   ^~~~~~~~~~~~~~~~~~~~~~~~~~~~~~~~~~~~
1 error generated.
checked program was:
/* begin */
1: #include "ruby.h"
2: 
3: typedef int_least64_t rbcv_typedef_;
4: rbcv_typedef_ *rbcv_ptr_;
5: 
6: /*top*/
7: int conftest_const[(sizeof((*rbcv_ptr_)) <= 4) ? 1 : -1];
/* end */

"clang -arch arm64 -I../../../.ext/include/-darwin -I/Users/hiro/Library/Caches/CocoaPods/Pods/External/CRuby/193c1c8340a477e394e63f996e6fccdb/ruby/include -I/Users/hiro/Library/Caches/CocoaPods/Pods/External/CRuby/193c1c8340a477e394e63f996e6fccdb/ruby/ext/rbconfig/sizeof -pipe -Os -isysroot /Applications/Xcode.app/Contents/Developer/Platforms/iPhoneOS.platform/Developer/SDKs/iPhoneOS10.1.sdk -miphoneos-version-min=7.0 -I/Users/hiro/Library/Caches/CocoaPods/Pods/External/CRuby/193c1c8340a477e394e63f996e6fccdb/build/iphoneos_arm64/include -D_XOPEN_SOURCE -D_DARWIN_C_SOURCE -D_DARWIN_UNLIMITED_SELECT -D_REENTRANT   -pipe -Os -isysroot /Applications/Xcode.app/Contents/Developer/Platforms/iPhoneOS.platform/Developer/SDKs/iPhoneOS10.1.sdk -miphoneos-version-min=7.0 -I/Users/hiro/Library/Caches/CocoaPods/Pods/External/CRuby/193c1c8340a477e394e63f996e6fccdb/build/iphoneos_arm64/include -fvisibility=hidden   -c conftest.c"
checked program was:
/* begin */
1: #include "ruby.h"
2: 
3: typedef int_least64_t rbcv_typedef_;
4: rbcv_typedef_ *rbcv_ptr_;
5: 
6: /*top*/
7: int conftest_const[(sizeof((*rbcv_ptr_)) <= 8) ? 1 : -1];
/* end */

"clang -arch arm64 -I../../../.ext/include/-darwin -I/Users/hiro/Library/Caches/CocoaPods/Pods/External/CRuby/193c1c8340a477e394e63f996e6fccdb/ruby/include -I/Users/hiro/Library/Caches/CocoaPods/Pods/External/CRuby/193c1c8340a477e394e63f996e6fccdb/ruby/ext/rbconfig/sizeof -pipe -Os -isysroot /Applications/Xcode.app/Contents/Developer/Platforms/iPhoneOS.platform/Developer/SDKs/iPhoneOS10.1.sdk -miphoneos-version-min=7.0 -I/Users/hiro/Library/Caches/CocoaPods/Pods/External/CRuby/193c1c8340a477e394e63f996e6fccdb/build/iphoneos_arm64/include -D_XOPEN_SOURCE -D_DARWIN_C_SOURCE -D_DARWIN_UNLIMITED_SELECT -D_REENTRANT   -pipe -Os -isysroot /Applications/Xcode.app/Contents/Developer/Platforms/iPhoneOS.platform/Developer/SDKs/iPhoneOS10.1.sdk -miphoneos-version-min=7.0 -I/Users/hiro/Library/Caches/CocoaPods/Pods/External/CRuby/193c1c8340a477e394e63f996e6fccdb/build/iphoneos_arm64/include -fvisibility=hidden   -c conftest.c"
checked program was:
/* begin */
1: #include "ruby.h"
2: 
3: typedef int_least64_t rbcv_typedef_;
4: rbcv_typedef_ *rbcv_ptr_;
5: 
6: /*top*/
7: int conftest_const[(sizeof((*rbcv_ptr_)) > 6) ? 1 : -1];
/* end */

"clang -arch arm64 -I../../../.ext/include/-darwin -I/Users/hiro/Library/Caches/CocoaPods/Pods/External/CRuby/193c1c8340a477e394e63f996e6fccdb/ruby/include -I/Users/hiro/Library/Caches/CocoaPods/Pods/External/CRuby/193c1c8340a477e394e63f996e6fccdb/ruby/ext/rbconfig/sizeof -pipe -Os -isysroot /Applications/Xcode.app/Contents/Developer/Platforms/iPhoneOS.platform/Developer/SDKs/iPhoneOS10.1.sdk -miphoneos-version-min=7.0 -I/Users/hiro/Library/Caches/CocoaPods/Pods/External/CRuby/193c1c8340a477e394e63f996e6fccdb/build/iphoneos_arm64/include -D_XOPEN_SOURCE -D_DARWIN_C_SOURCE -D_DARWIN_UNLIMITED_SELECT -D_REENTRANT   -pipe -Os -isysroot /Applications/Xcode.app/Contents/Developer/Platforms/iPhoneOS.platform/Developer/SDKs/iPhoneOS10.1.sdk -miphoneos-version-min=7.0 -I/Users/hiro/Library/Caches/CocoaPods/Pods/External/CRuby/193c1c8340a477e394e63f996e6fccdb/build/iphoneos_arm64/include -fvisibility=hidden   -c conftest.c"
checked program was:
/* begin */
1: #include "ruby.h"
2: 
3: typedef int_least64_t rbcv_typedef_;
4: rbcv_typedef_ *rbcv_ptr_;
5: 
6: /*top*/
7: int conftest_const[(sizeof((*rbcv_ptr_)) > 7) ? 1 : -1];
/* end */

--------------------

check_sizeof: checking size of int_fast8_t... -------------------- failed

"clang -arch arm64 -I../../../.ext/include/-darwin -I/Users/hiro/Library/Caches/CocoaPods/Pods/External/CRuby/193c1c8340a477e394e63f996e6fccdb/ruby/include -I/Users/hiro/Library/Caches/CocoaPods/Pods/External/CRuby/193c1c8340a477e394e63f996e6fccdb/ruby/ext/rbconfig/sizeof -pipe -Os -isysroot /Applications/Xcode.app/Contents/Developer/Platforms/iPhoneOS.platform/Developer/SDKs/iPhoneOS10.1.sdk -miphoneos-version-min=7.0 -I/Users/hiro/Library/Caches/CocoaPods/Pods/External/CRuby/193c1c8340a477e394e63f996e6fccdb/build/iphoneos_arm64/include -D_XOPEN_SOURCE -D_DARWIN_C_SOURCE -D_DARWIN_UNLIMITED_SELECT -D_REENTRANT   -pipe -Os -isysroot /Applications/Xcode.app/Contents/Developer/Platforms/iPhoneOS.platform/Developer/SDKs/iPhoneOS10.1.sdk -miphoneos-version-min=7.0 -I/Users/hiro/Library/Caches/CocoaPods/Pods/External/CRuby/193c1c8340a477e394e63f996e6fccdb/build/iphoneos_arm64/include -fvisibility=hidden   -c conftest.c"
conftest.c:7:20: error: 'conftest_const' declared as an array with a negative size
int conftest_const[(sizeof((*rbcv_ptr_)) < 0) ? 1 : -1];
                   ^~~~~~~~~~~~~~~~~~~~~~~~~~~~~~~~~~~
1 error generated.
checked program was:
/* begin */
1: #include "ruby.h"
2: 
3: typedef int_fast8_t rbcv_typedef_;
4: rbcv_typedef_ *rbcv_ptr_;
5: 
6: /*top*/
7: int conftest_const[(sizeof((*rbcv_ptr_)) < 0) ? 1 : -1];
/* end */

"clang -arch arm64 -I../../../.ext/include/-darwin -I/Users/hiro/Library/Caches/CocoaPods/Pods/External/CRuby/193c1c8340a477e394e63f996e6fccdb/ruby/include -I/Users/hiro/Library/Caches/CocoaPods/Pods/External/CRuby/193c1c8340a477e394e63f996e6fccdb/ruby/ext/rbconfig/sizeof -pipe -Os -isysroot /Applications/Xcode.app/Contents/Developer/Platforms/iPhoneOS.platform/Developer/SDKs/iPhoneOS10.1.sdk -miphoneos-version-min=7.0 -I/Users/hiro/Library/Caches/CocoaPods/Pods/External/CRuby/193c1c8340a477e394e63f996e6fccdb/build/iphoneos_arm64/include -D_XOPEN_SOURCE -D_DARWIN_C_SOURCE -D_DARWIN_UNLIMITED_SELECT -D_REENTRANT   -pipe -Os -isysroot /Applications/Xcode.app/Contents/Developer/Platforms/iPhoneOS.platform/Developer/SDKs/iPhoneOS10.1.sdk -miphoneos-version-min=7.0 -I/Users/hiro/Library/Caches/CocoaPods/Pods/External/CRuby/193c1c8340a477e394e63f996e6fccdb/build/iphoneos_arm64/include -fvisibility=hidden   -c conftest.c"
checked program was:
/* begin */
1: #include "ruby.h"
2: 
3: typedef int_fast8_t rbcv_typedef_;
4: rbcv_typedef_ *rbcv_ptr_;
5: 
6: /*top*/
7: int conftest_const[(sizeof((*rbcv_ptr_)) > 0) ? 1 : -1];
/* end */

"clang -arch arm64 -I../../../.ext/include/-darwin -I/Users/hiro/Library/Caches/CocoaPods/Pods/External/CRuby/193c1c8340a477e394e63f996e6fccdb/ruby/include -I/Users/hiro/Library/Caches/CocoaPods/Pods/External/CRuby/193c1c8340a477e394e63f996e6fccdb/ruby/ext/rbconfig/sizeof -pipe -Os -isysroot /Applications/Xcode.app/Contents/Developer/Platforms/iPhoneOS.platform/Developer/SDKs/iPhoneOS10.1.sdk -miphoneos-version-min=7.0 -I/Users/hiro/Library/Caches/CocoaPods/Pods/External/CRuby/193c1c8340a477e394e63f996e6fccdb/build/iphoneos_arm64/include -D_XOPEN_SOURCE -D_DARWIN_C_SOURCE -D_DARWIN_UNLIMITED_SELECT -D_REENTRANT   -pipe -Os -isysroot /Applications/Xcode.app/Contents/Developer/Platforms/iPhoneOS.platform/Developer/SDKs/iPhoneOS10.1.sdk -miphoneos-version-min=7.0 -I/Users/hiro/Library/Caches/CocoaPods/Pods/External/CRuby/193c1c8340a477e394e63f996e6fccdb/build/iphoneos_arm64/include -fvisibility=hidden   -c conftest.c"
checked program was:
/* begin */
1: #include "ruby.h"
2: 
3: typedef int_fast8_t rbcv_typedef_;
4: rbcv_typedef_ *rbcv_ptr_;
5: 
6: /*top*/
7: int conftest_const[(sizeof((*rbcv_ptr_)) <= 1) ? 1 : -1];
/* end */

--------------------

check_sizeof: checking size of int_fast16_t... -------------------- 2

"clang -arch arm64 -I../../../.ext/include/-darwin -I/Users/hiro/Library/Caches/CocoaPods/Pods/External/CRuby/193c1c8340a477e394e63f996e6fccdb/ruby/include -I/Users/hiro/Library/Caches/CocoaPods/Pods/External/CRuby/193c1c8340a477e394e63f996e6fccdb/ruby/ext/rbconfig/sizeof -pipe -Os -isysroot /Applications/Xcode.app/Contents/Developer/Platforms/iPhoneOS.platform/Developer/SDKs/iPhoneOS10.1.sdk -miphoneos-version-min=7.0 -I/Users/hiro/Library/Caches/CocoaPods/Pods/External/CRuby/193c1c8340a477e394e63f996e6fccdb/build/iphoneos_arm64/include -D_XOPEN_SOURCE -D_DARWIN_C_SOURCE -D_DARWIN_UNLIMITED_SELECT -D_REENTRANT   -pipe -Os -isysroot /Applications/Xcode.app/Contents/Developer/Platforms/iPhoneOS.platform/Developer/SDKs/iPhoneOS10.1.sdk -miphoneos-version-min=7.0 -I/Users/hiro/Library/Caches/CocoaPods/Pods/External/CRuby/193c1c8340a477e394e63f996e6fccdb/build/iphoneos_arm64/include -fvisibility=hidden   -c conftest.c"
conftest.c:7:20: error: 'conftest_const' declared as an array with a negative size
int conftest_const[(sizeof((*rbcv_ptr_)) < 0) ? 1 : -1];
                   ^~~~~~~~~~~~~~~~~~~~~~~~~~~~~~~~~~~
1 error generated.
checked program was:
/* begin */
1: #include "ruby.h"
2: 
3: typedef int_fast16_t rbcv_typedef_;
4: rbcv_typedef_ *rbcv_ptr_;
5: 
6: /*top*/
7: int conftest_const[(sizeof((*rbcv_ptr_)) < 0) ? 1 : -1];
/* end */

"clang -arch arm64 -I../../../.ext/include/-darwin -I/Users/hiro/Library/Caches/CocoaPods/Pods/External/CRuby/193c1c8340a477e394e63f996e6fccdb/ruby/include -I/Users/hiro/Library/Caches/CocoaPods/Pods/External/CRuby/193c1c8340a477e394e63f996e6fccdb/ruby/ext/rbconfig/sizeof -pipe -Os -isysroot /Applications/Xcode.app/Contents/Developer/Platforms/iPhoneOS.platform/Developer/SDKs/iPhoneOS10.1.sdk -miphoneos-version-min=7.0 -I/Users/hiro/Library/Caches/CocoaPods/Pods/External/CRuby/193c1c8340a477e394e63f996e6fccdb/build/iphoneos_arm64/include -D_XOPEN_SOURCE -D_DARWIN_C_SOURCE -D_DARWIN_UNLIMITED_SELECT -D_REENTRANT   -pipe -Os -isysroot /Applications/Xcode.app/Contents/Developer/Platforms/iPhoneOS.platform/Developer/SDKs/iPhoneOS10.1.sdk -miphoneos-version-min=7.0 -I/Users/hiro/Library/Caches/CocoaPods/Pods/External/CRuby/193c1c8340a477e394e63f996e6fccdb/build/iphoneos_arm64/include -fvisibility=hidden   -c conftest.c"
checked program was:
/* begin */
1: #include "ruby.h"
2: 
3: typedef int_fast16_t rbcv_typedef_;
4: rbcv_typedef_ *rbcv_ptr_;
5: 
6: /*top*/
7: int conftest_const[(sizeof((*rbcv_ptr_)) > 0) ? 1 : -1];
/* end */

"clang -arch arm64 -I../../../.ext/include/-darwin -I/Users/hiro/Library/Caches/CocoaPods/Pods/External/CRuby/193c1c8340a477e394e63f996e6fccdb/ruby/include -I/Users/hiro/Library/Caches/CocoaPods/Pods/External/CRuby/193c1c8340a477e394e63f996e6fccdb/ruby/ext/rbconfig/sizeof -pipe -Os -isysroot /Applications/Xcode.app/Contents/Developer/Platforms/iPhoneOS.platform/Developer/SDKs/iPhoneOS10.1.sdk -miphoneos-version-min=7.0 -I/Users/hiro/Library/Caches/CocoaPods/Pods/External/CRuby/193c1c8340a477e394e63f996e6fccdb/build/iphoneos_arm64/include -D_XOPEN_SOURCE -D_DARWIN_C_SOURCE -D_DARWIN_UNLIMITED_SELECT -D_REENTRANT   -pipe -Os -isysroot /Applications/Xcode.app/Contents/Developer/Platforms/iPhoneOS.platform/Developer/SDKs/iPhoneOS10.1.sdk -miphoneos-version-min=7.0 -I/Users/hiro/Library/Caches/CocoaPods/Pods/External/CRuby/193c1c8340a477e394e63f996e6fccdb/build/iphoneos_arm64/include -fvisibility=hidden   -c conftest.c"
conftest.c:7:20: error: 'conftest_const' declared as an array with a negative size
int conftest_const[(sizeof((*rbcv_ptr_)) <= 1) ? 1 : -1];
                   ^~~~~~~~~~~~~~~~~~~~~~~~~~~~~~~~~~~~
1 error generated.
checked program was:
/* begin */
1: #include "ruby.h"
2: 
3: typedef int_fast16_t rbcv_typedef_;
4: rbcv_typedef_ *rbcv_ptr_;
5: 
6: /*top*/
7: int conftest_const[(sizeof((*rbcv_ptr_)) <= 1) ? 1 : -1];
/* end */

"clang -arch arm64 -I../../../.ext/include/-darwin -I/Users/hiro/Library/Caches/CocoaPods/Pods/External/CRuby/193c1c8340a477e394e63f996e6fccdb/ruby/include -I/Users/hiro/Library/Caches/CocoaPods/Pods/External/CRuby/193c1c8340a477e394e63f996e6fccdb/ruby/ext/rbconfig/sizeof -pipe -Os -isysroot /Applications/Xcode.app/Contents/Developer/Platforms/iPhoneOS.platform/Developer/SDKs/iPhoneOS10.1.sdk -miphoneos-version-min=7.0 -I/Users/hiro/Library/Caches/CocoaPods/Pods/External/CRuby/193c1c8340a477e394e63f996e6fccdb/build/iphoneos_arm64/include -D_XOPEN_SOURCE -D_DARWIN_C_SOURCE -D_DARWIN_UNLIMITED_SELECT -D_REENTRANT   -pipe -Os -isysroot /Applications/Xcode.app/Contents/Developer/Platforms/iPhoneOS.platform/Developer/SDKs/iPhoneOS10.1.sdk -miphoneos-version-min=7.0 -I/Users/hiro/Library/Caches/CocoaPods/Pods/External/CRuby/193c1c8340a477e394e63f996e6fccdb/build/iphoneos_arm64/include -fvisibility=hidden   -c conftest.c"
checked program was:
/* begin */
1: #include "ruby.h"
2: 
3: typedef int_fast16_t rbcv_typedef_;
4: rbcv_typedef_ *rbcv_ptr_;
5: 
6: /*top*/
7: int conftest_const[(sizeof((*rbcv_ptr_)) <= 2) ? 1 : -1];
/* end */

--------------------

check_sizeof: checking size of int_fast32_t... -------------------- 4

"clang -arch arm64 -I../../../.ext/include/-darwin -I/Users/hiro/Library/Caches/CocoaPods/Pods/External/CRuby/193c1c8340a477e394e63f996e6fccdb/ruby/include -I/Users/hiro/Library/Caches/CocoaPods/Pods/External/CRuby/193c1c8340a477e394e63f996e6fccdb/ruby/ext/rbconfig/sizeof -pipe -Os -isysroot /Applications/Xcode.app/Contents/Developer/Platforms/iPhoneOS.platform/Developer/SDKs/iPhoneOS10.1.sdk -miphoneos-version-min=7.0 -I/Users/hiro/Library/Caches/CocoaPods/Pods/External/CRuby/193c1c8340a477e394e63f996e6fccdb/build/iphoneos_arm64/include -D_XOPEN_SOURCE -D_DARWIN_C_SOURCE -D_DARWIN_UNLIMITED_SELECT -D_REENTRANT   -pipe -Os -isysroot /Applications/Xcode.app/Contents/Developer/Platforms/iPhoneOS.platform/Developer/SDKs/iPhoneOS10.1.sdk -miphoneos-version-min=7.0 -I/Users/hiro/Library/Caches/CocoaPods/Pods/External/CRuby/193c1c8340a477e394e63f996e6fccdb/build/iphoneos_arm64/include -fvisibility=hidden   -c conftest.c"
conftest.c:7:20: error: 'conftest_const' declared as an array with a negative size
int conftest_const[(sizeof((*rbcv_ptr_)) < 0) ? 1 : -1];
                   ^~~~~~~~~~~~~~~~~~~~~~~~~~~~~~~~~~~
1 error generated.
checked program was:
/* begin */
1: #include "ruby.h"
2: 
3: typedef int_fast32_t rbcv_typedef_;
4: rbcv_typedef_ *rbcv_ptr_;
5: 
6: /*top*/
7: int conftest_const[(sizeof((*rbcv_ptr_)) < 0) ? 1 : -1];
/* end */

"clang -arch arm64 -I../../../.ext/include/-darwin -I/Users/hiro/Library/Caches/CocoaPods/Pods/External/CRuby/193c1c8340a477e394e63f996e6fccdb/ruby/include -I/Users/hiro/Library/Caches/CocoaPods/Pods/External/CRuby/193c1c8340a477e394e63f996e6fccdb/ruby/ext/rbconfig/sizeof -pipe -Os -isysroot /Applications/Xcode.app/Contents/Developer/Platforms/iPhoneOS.platform/Developer/SDKs/iPhoneOS10.1.sdk -miphoneos-version-min=7.0 -I/Users/hiro/Library/Caches/CocoaPods/Pods/External/CRuby/193c1c8340a477e394e63f996e6fccdb/build/iphoneos_arm64/include -D_XOPEN_SOURCE -D_DARWIN_C_SOURCE -D_DARWIN_UNLIMITED_SELECT -D_REENTRANT   -pipe -Os -isysroot /Applications/Xcode.app/Contents/Developer/Platforms/iPhoneOS.platform/Developer/SDKs/iPhoneOS10.1.sdk -miphoneos-version-min=7.0 -I/Users/hiro/Library/Caches/CocoaPods/Pods/External/CRuby/193c1c8340a477e394e63f996e6fccdb/build/iphoneos_arm64/include -fvisibility=hidden   -c conftest.c"
checked program was:
/* begin */
1: #include "ruby.h"
2: 
3: typedef int_fast32_t rbcv_typedef_;
4: rbcv_typedef_ *rbcv_ptr_;
5: 
6: /*top*/
7: int conftest_const[(sizeof((*rbcv_ptr_)) > 0) ? 1 : -1];
/* end */

"clang -arch arm64 -I../../../.ext/include/-darwin -I/Users/hiro/Library/Caches/CocoaPods/Pods/External/CRuby/193c1c8340a477e394e63f996e6fccdb/ruby/include -I/Users/hiro/Library/Caches/CocoaPods/Pods/External/CRuby/193c1c8340a477e394e63f996e6fccdb/ruby/ext/rbconfig/sizeof -pipe -Os -isysroot /Applications/Xcode.app/Contents/Developer/Platforms/iPhoneOS.platform/Developer/SDKs/iPhoneOS10.1.sdk -miphoneos-version-min=7.0 -I/Users/hiro/Library/Caches/CocoaPods/Pods/External/CRuby/193c1c8340a477e394e63f996e6fccdb/build/iphoneos_arm64/include -D_XOPEN_SOURCE -D_DARWIN_C_SOURCE -D_DARWIN_UNLIMITED_SELECT -D_REENTRANT   -pipe -Os -isysroot /Applications/Xcode.app/Contents/Developer/Platforms/iPhoneOS.platform/Developer/SDKs/iPhoneOS10.1.sdk -miphoneos-version-min=7.0 -I/Users/hiro/Library/Caches/CocoaPods/Pods/External/CRuby/193c1c8340a477e394e63f996e6fccdb/build/iphoneos_arm64/include -fvisibility=hidden   -c conftest.c"
conftest.c:7:20: error: 'conftest_const' declared as an array with a negative size
int conftest_const[(sizeof((*rbcv_ptr_)) <= 1) ? 1 : -1];
                   ^~~~~~~~~~~~~~~~~~~~~~~~~~~~~~~~~~~~
1 error generated.
checked program was:
/* begin */
1: #include "ruby.h"
2: 
3: typedef int_fast32_t rbcv_typedef_;
4: rbcv_typedef_ *rbcv_ptr_;
5: 
6: /*top*/
7: int conftest_const[(sizeof((*rbcv_ptr_)) <= 1) ? 1 : -1];
/* end */

"clang -arch arm64 -I../../../.ext/include/-darwin -I/Users/hiro/Library/Caches/CocoaPods/Pods/External/CRuby/193c1c8340a477e394e63f996e6fccdb/ruby/include -I/Users/hiro/Library/Caches/CocoaPods/Pods/External/CRuby/193c1c8340a477e394e63f996e6fccdb/ruby/ext/rbconfig/sizeof -pipe -Os -isysroot /Applications/Xcode.app/Contents/Developer/Platforms/iPhoneOS.platform/Developer/SDKs/iPhoneOS10.1.sdk -miphoneos-version-min=7.0 -I/Users/hiro/Library/Caches/CocoaPods/Pods/External/CRuby/193c1c8340a477e394e63f996e6fccdb/build/iphoneos_arm64/include -D_XOPEN_SOURCE -D_DARWIN_C_SOURCE -D_DARWIN_UNLIMITED_SELECT -D_REENTRANT   -pipe -Os -isysroot /Applications/Xcode.app/Contents/Developer/Platforms/iPhoneOS.platform/Developer/SDKs/iPhoneOS10.1.sdk -miphoneos-version-min=7.0 -I/Users/hiro/Library/Caches/CocoaPods/Pods/External/CRuby/193c1c8340a477e394e63f996e6fccdb/build/iphoneos_arm64/include -fvisibility=hidden   -c conftest.c"
conftest.c:7:20: error: 'conftest_const' declared as an array with a negative size
int conftest_const[(sizeof((*rbcv_ptr_)) <= 2) ? 1 : -1];
                   ^~~~~~~~~~~~~~~~~~~~~~~~~~~~~~~~~~~~
1 error generated.
checked program was:
/* begin */
1: #include "ruby.h"
2: 
3: typedef int_fast32_t rbcv_typedef_;
4: rbcv_typedef_ *rbcv_ptr_;
5: 
6: /*top*/
7: int conftest_const[(sizeof((*rbcv_ptr_)) <= 2) ? 1 : -1];
/* end */

"clang -arch arm64 -I../../../.ext/include/-darwin -I/Users/hiro/Library/Caches/CocoaPods/Pods/External/CRuby/193c1c8340a477e394e63f996e6fccdb/ruby/include -I/Users/hiro/Library/Caches/CocoaPods/Pods/External/CRuby/193c1c8340a477e394e63f996e6fccdb/ruby/ext/rbconfig/sizeof -pipe -Os -isysroot /Applications/Xcode.app/Contents/Developer/Platforms/iPhoneOS.platform/Developer/SDKs/iPhoneOS10.1.sdk -miphoneos-version-min=7.0 -I/Users/hiro/Library/Caches/CocoaPods/Pods/External/CRuby/193c1c8340a477e394e63f996e6fccdb/build/iphoneos_arm64/include -D_XOPEN_SOURCE -D_DARWIN_C_SOURCE -D_DARWIN_UNLIMITED_SELECT -D_REENTRANT   -pipe -Os -isysroot /Applications/Xcode.app/Contents/Developer/Platforms/iPhoneOS.platform/Developer/SDKs/iPhoneOS10.1.sdk -miphoneos-version-min=7.0 -I/Users/hiro/Library/Caches/CocoaPods/Pods/External/CRuby/193c1c8340a477e394e63f996e6fccdb/build/iphoneos_arm64/include -fvisibility=hidden   -c conftest.c"
checked program was:
/* begin */
1: #include "ruby.h"
2: 
3: typedef int_fast32_t rbcv_typedef_;
4: rbcv_typedef_ *rbcv_ptr_;
5: 
6: /*top*/
7: int conftest_const[(sizeof((*rbcv_ptr_)) <= 4) ? 1 : -1];
/* end */

"clang -arch arm64 -I../../../.ext/include/-darwin -I/Users/hiro/Library/Caches/CocoaPods/Pods/External/CRuby/193c1c8340a477e394e63f996e6fccdb/ruby/include -I/Users/hiro/Library/Caches/CocoaPods/Pods/External/CRuby/193c1c8340a477e394e63f996e6fccdb/ruby/ext/rbconfig/sizeof -pipe -Os -isysroot /Applications/Xcode.app/Contents/Developer/Platforms/iPhoneOS.platform/Developer/SDKs/iPhoneOS10.1.sdk -miphoneos-version-min=7.0 -I/Users/hiro/Library/Caches/CocoaPods/Pods/External/CRuby/193c1c8340a477e394e63f996e6fccdb/build/iphoneos_arm64/include -D_XOPEN_SOURCE -D_DARWIN_C_SOURCE -D_DARWIN_UNLIMITED_SELECT -D_REENTRANT   -pipe -Os -isysroot /Applications/Xcode.app/Contents/Developer/Platforms/iPhoneOS.platform/Developer/SDKs/iPhoneOS10.1.sdk -miphoneos-version-min=7.0 -I/Users/hiro/Library/Caches/CocoaPods/Pods/External/CRuby/193c1c8340a477e394e63f996e6fccdb/build/iphoneos_arm64/include -fvisibility=hidden   -c conftest.c"
checked program was:
/* begin */
1: #include "ruby.h"
2: 
3: typedef int_fast32_t rbcv_typedef_;
4: rbcv_typedef_ *rbcv_ptr_;
5: 
6: /*top*/
7: int conftest_const[(sizeof((*rbcv_ptr_)) > 3) ? 1 : -1];
/* end */

--------------------

check_sizeof: checking size of int_fast64_t... -------------------- 8

"clang -arch arm64 -I../../../.ext/include/-darwin -I/Users/hiro/Library/Caches/CocoaPods/Pods/External/CRuby/193c1c8340a477e394e63f996e6fccdb/ruby/include -I/Users/hiro/Library/Caches/CocoaPods/Pods/External/CRuby/193c1c8340a477e394e63f996e6fccdb/ruby/ext/rbconfig/sizeof -pipe -Os -isysroot /Applications/Xcode.app/Contents/Developer/Platforms/iPhoneOS.platform/Developer/SDKs/iPhoneOS10.1.sdk -miphoneos-version-min=7.0 -I/Users/hiro/Library/Caches/CocoaPods/Pods/External/CRuby/193c1c8340a477e394e63f996e6fccdb/build/iphoneos_arm64/include -D_XOPEN_SOURCE -D_DARWIN_C_SOURCE -D_DARWIN_UNLIMITED_SELECT -D_REENTRANT   -pipe -Os -isysroot /Applications/Xcode.app/Contents/Developer/Platforms/iPhoneOS.platform/Developer/SDKs/iPhoneOS10.1.sdk -miphoneos-version-min=7.0 -I/Users/hiro/Library/Caches/CocoaPods/Pods/External/CRuby/193c1c8340a477e394e63f996e6fccdb/build/iphoneos_arm64/include -fvisibility=hidden   -c conftest.c"
conftest.c:7:20: error: 'conftest_const' declared as an array with a negative size
int conftest_const[(sizeof((*rbcv_ptr_)) < 0) ? 1 : -1];
                   ^~~~~~~~~~~~~~~~~~~~~~~~~~~~~~~~~~~
1 error generated.
checked program was:
/* begin */
1: #include "ruby.h"
2: 
3: typedef int_fast64_t rbcv_typedef_;
4: rbcv_typedef_ *rbcv_ptr_;
5: 
6: /*top*/
7: int conftest_const[(sizeof((*rbcv_ptr_)) < 0) ? 1 : -1];
/* end */

"clang -arch arm64 -I../../../.ext/include/-darwin -I/Users/hiro/Library/Caches/CocoaPods/Pods/External/CRuby/193c1c8340a477e394e63f996e6fccdb/ruby/include -I/Users/hiro/Library/Caches/CocoaPods/Pods/External/CRuby/193c1c8340a477e394e63f996e6fccdb/ruby/ext/rbconfig/sizeof -pipe -Os -isysroot /Applications/Xcode.app/Contents/Developer/Platforms/iPhoneOS.platform/Developer/SDKs/iPhoneOS10.1.sdk -miphoneos-version-min=7.0 -I/Users/hiro/Library/Caches/CocoaPods/Pods/External/CRuby/193c1c8340a477e394e63f996e6fccdb/build/iphoneos_arm64/include -D_XOPEN_SOURCE -D_DARWIN_C_SOURCE -D_DARWIN_UNLIMITED_SELECT -D_REENTRANT   -pipe -Os -isysroot /Applications/Xcode.app/Contents/Developer/Platforms/iPhoneOS.platform/Developer/SDKs/iPhoneOS10.1.sdk -miphoneos-version-min=7.0 -I/Users/hiro/Library/Caches/CocoaPods/Pods/External/CRuby/193c1c8340a477e394e63f996e6fccdb/build/iphoneos_arm64/include -fvisibility=hidden   -c conftest.c"
checked program was:
/* begin */
1: #include "ruby.h"
2: 
3: typedef int_fast64_t rbcv_typedef_;
4: rbcv_typedef_ *rbcv_ptr_;
5: 
6: /*top*/
7: int conftest_const[(sizeof((*rbcv_ptr_)) > 0) ? 1 : -1];
/* end */

"clang -arch arm64 -I../../../.ext/include/-darwin -I/Users/hiro/Library/Caches/CocoaPods/Pods/External/CRuby/193c1c8340a477e394e63f996e6fccdb/ruby/include -I/Users/hiro/Library/Caches/CocoaPods/Pods/External/CRuby/193c1c8340a477e394e63f996e6fccdb/ruby/ext/rbconfig/sizeof -pipe -Os -isysroot /Applications/Xcode.app/Contents/Developer/Platforms/iPhoneOS.platform/Developer/SDKs/iPhoneOS10.1.sdk -miphoneos-version-min=7.0 -I/Users/hiro/Library/Caches/CocoaPods/Pods/External/CRuby/193c1c8340a477e394e63f996e6fccdb/build/iphoneos_arm64/include -D_XOPEN_SOURCE -D_DARWIN_C_SOURCE -D_DARWIN_UNLIMITED_SELECT -D_REENTRANT   -pipe -Os -isysroot /Applications/Xcode.app/Contents/Developer/Platforms/iPhoneOS.platform/Developer/SDKs/iPhoneOS10.1.sdk -miphoneos-version-min=7.0 -I/Users/hiro/Library/Caches/CocoaPods/Pods/External/CRuby/193c1c8340a477e394e63f996e6fccdb/build/iphoneos_arm64/include -fvisibility=hidden   -c conftest.c"
conftest.c:7:20: error: 'conftest_const' declared as an array with a negative size
int conftest_const[(sizeof((*rbcv_ptr_)) <= 1) ? 1 : -1];
                   ^~~~~~~~~~~~~~~~~~~~~~~~~~~~~~~~~~~~
1 error generated.
checked program was:
/* begin */
1: #include "ruby.h"
2: 
3: typedef int_fast64_t rbcv_typedef_;
4: rbcv_typedef_ *rbcv_ptr_;
5: 
6: /*top*/
7: int conftest_const[(sizeof((*rbcv_ptr_)) <= 1) ? 1 : -1];
/* end */

"clang -arch arm64 -I../../../.ext/include/-darwin -I/Users/hiro/Library/Caches/CocoaPods/Pods/External/CRuby/193c1c8340a477e394e63f996e6fccdb/ruby/include -I/Users/hiro/Library/Caches/CocoaPods/Pods/External/CRuby/193c1c8340a477e394e63f996e6fccdb/ruby/ext/rbconfig/sizeof -pipe -Os -isysroot /Applications/Xcode.app/Contents/Developer/Platforms/iPhoneOS.platform/Developer/SDKs/iPhoneOS10.1.sdk -miphoneos-version-min=7.0 -I/Users/hiro/Library/Caches/CocoaPods/Pods/External/CRuby/193c1c8340a477e394e63f996e6fccdb/build/iphoneos_arm64/include -D_XOPEN_SOURCE -D_DARWIN_C_SOURCE -D_DARWIN_UNLIMITED_SELECT -D_REENTRANT   -pipe -Os -isysroot /Applications/Xcode.app/Contents/Developer/Platforms/iPhoneOS.platform/Developer/SDKs/iPhoneOS10.1.sdk -miphoneos-version-min=7.0 -I/Users/hiro/Library/Caches/CocoaPods/Pods/External/CRuby/193c1c8340a477e394e63f996e6fccdb/build/iphoneos_arm64/include -fvisibility=hidden   -c conftest.c"
conftest.c:7:20: error: 'conftest_const' declared as an array with a negative size
int conftest_const[(sizeof((*rbcv_ptr_)) <= 2) ? 1 : -1];
                   ^~~~~~~~~~~~~~~~~~~~~~~~~~~~~~~~~~~~
1 error generated.
checked program was:
/* begin */
1: #include "ruby.h"
2: 
3: typedef int_fast64_t rbcv_typedef_;
4: rbcv_typedef_ *rbcv_ptr_;
5: 
6: /*top*/
7: int conftest_const[(sizeof((*rbcv_ptr_)) <= 2) ? 1 : -1];
/* end */

"clang -arch arm64 -I../../../.ext/include/-darwin -I/Users/hiro/Library/Caches/CocoaPods/Pods/External/CRuby/193c1c8340a477e394e63f996e6fccdb/ruby/include -I/Users/hiro/Library/Caches/CocoaPods/Pods/External/CRuby/193c1c8340a477e394e63f996e6fccdb/ruby/ext/rbconfig/sizeof -pipe -Os -isysroot /Applications/Xcode.app/Contents/Developer/Platforms/iPhoneOS.platform/Developer/SDKs/iPhoneOS10.1.sdk -miphoneos-version-min=7.0 -I/Users/hiro/Library/Caches/CocoaPods/Pods/External/CRuby/193c1c8340a477e394e63f996e6fccdb/build/iphoneos_arm64/include -D_XOPEN_SOURCE -D_DARWIN_C_SOURCE -D_DARWIN_UNLIMITED_SELECT -D_REENTRANT   -pipe -Os -isysroot /Applications/Xcode.app/Contents/Developer/Platforms/iPhoneOS.platform/Developer/SDKs/iPhoneOS10.1.sdk -miphoneos-version-min=7.0 -I/Users/hiro/Library/Caches/CocoaPods/Pods/External/CRuby/193c1c8340a477e394e63f996e6fccdb/build/iphoneos_arm64/include -fvisibility=hidden   -c conftest.c"
conftest.c:7:20: error: 'conftest_const' declared as an array with a negative size
int conftest_const[(sizeof((*rbcv_ptr_)) <= 4) ? 1 : -1];
                   ^~~~~~~~~~~~~~~~~~~~~~~~~~~~~~~~~~~~
1 error generated.
checked program was:
/* begin */
1: #include "ruby.h"
2: 
3: typedef int_fast64_t rbcv_typedef_;
4: rbcv_typedef_ *rbcv_ptr_;
5: 
6: /*top*/
7: int conftest_const[(sizeof((*rbcv_ptr_)) <= 4) ? 1 : -1];
/* end */

"clang -arch arm64 -I../../../.ext/include/-darwin -I/Users/hiro/Library/Caches/CocoaPods/Pods/External/CRuby/193c1c8340a477e394e63f996e6fccdb/ruby/include -I/Users/hiro/Library/Caches/CocoaPods/Pods/External/CRuby/193c1c8340a477e394e63f996e6fccdb/ruby/ext/rbconfig/sizeof -pipe -Os -isysroot /Applications/Xcode.app/Contents/Developer/Platforms/iPhoneOS.platform/Developer/SDKs/iPhoneOS10.1.sdk -miphoneos-version-min=7.0 -I/Users/hiro/Library/Caches/CocoaPods/Pods/External/CRuby/193c1c8340a477e394e63f996e6fccdb/build/iphoneos_arm64/include -D_XOPEN_SOURCE -D_DARWIN_C_SOURCE -D_DARWIN_UNLIMITED_SELECT -D_REENTRANT   -pipe -Os -isysroot /Applications/Xcode.app/Contents/Developer/Platforms/iPhoneOS.platform/Developer/SDKs/iPhoneOS10.1.sdk -miphoneos-version-min=7.0 -I/Users/hiro/Library/Caches/CocoaPods/Pods/External/CRuby/193c1c8340a477e394e63f996e6fccdb/build/iphoneos_arm64/include -fvisibility=hidden   -c conftest.c"
checked program was:
/* begin */
1: #include "ruby.h"
2: 
3: typedef int_fast64_t rbcv_typedef_;
4: rbcv_typedef_ *rbcv_ptr_;
5: 
6: /*top*/
7: int conftest_const[(sizeof((*rbcv_ptr_)) <= 8) ? 1 : -1];
/* end */

"clang -arch arm64 -I../../../.ext/include/-darwin -I/Users/hiro/Library/Caches/CocoaPods/Pods/External/CRuby/193c1c8340a477e394e63f996e6fccdb/ruby/include -I/Users/hiro/Library/Caches/CocoaPods/Pods/External/CRuby/193c1c8340a477e394e63f996e6fccdb/ruby/ext/rbconfig/sizeof -pipe -Os -isysroot /Applications/Xcode.app/Contents/Developer/Platforms/iPhoneOS.platform/Developer/SDKs/iPhoneOS10.1.sdk -miphoneos-version-min=7.0 -I/Users/hiro/Library/Caches/CocoaPods/Pods/External/CRuby/193c1c8340a477e394e63f996e6fccdb/build/iphoneos_arm64/include -D_XOPEN_SOURCE -D_DARWIN_C_SOURCE -D_DARWIN_UNLIMITED_SELECT -D_REENTRANT   -pipe -Os -isysroot /Applications/Xcode.app/Contents/Developer/Platforms/iPhoneOS.platform/Developer/SDKs/iPhoneOS10.1.sdk -miphoneos-version-min=7.0 -I/Users/hiro/Library/Caches/CocoaPods/Pods/External/CRuby/193c1c8340a477e394e63f996e6fccdb/build/iphoneos_arm64/include -fvisibility=hidden   -c conftest.c"
checked program was:
/* begin */
1: #include "ruby.h"
2: 
3: typedef int_fast64_t rbcv_typedef_;
4: rbcv_typedef_ *rbcv_ptr_;
5: 
6: /*top*/
7: int conftest_const[(sizeof((*rbcv_ptr_)) > 6) ? 1 : -1];
/* end */

"clang -arch arm64 -I../../../.ext/include/-darwin -I/Users/hiro/Library/Caches/CocoaPods/Pods/External/CRuby/193c1c8340a477e394e63f996e6fccdb/ruby/include -I/Users/hiro/Library/Caches/CocoaPods/Pods/External/CRuby/193c1c8340a477e394e63f996e6fccdb/ruby/ext/rbconfig/sizeof -pipe -Os -isysroot /Applications/Xcode.app/Contents/Developer/Platforms/iPhoneOS.platform/Developer/SDKs/iPhoneOS10.1.sdk -miphoneos-version-min=7.0 -I/Users/hiro/Library/Caches/CocoaPods/Pods/External/CRuby/193c1c8340a477e394e63f996e6fccdb/build/iphoneos_arm64/include -D_XOPEN_SOURCE -D_DARWIN_C_SOURCE -D_DARWIN_UNLIMITED_SELECT -D_REENTRANT   -pipe -Os -isysroot /Applications/Xcode.app/Contents/Developer/Platforms/iPhoneOS.platform/Developer/SDKs/iPhoneOS10.1.sdk -miphoneos-version-min=7.0 -I/Users/hiro/Library/Caches/CocoaPods/Pods/External/CRuby/193c1c8340a477e394e63f996e6fccdb/build/iphoneos_arm64/include -fvisibility=hidden   -c conftest.c"
checked program was:
/* begin */
1: #include "ruby.h"
2: 
3: typedef int_fast64_t rbcv_typedef_;
4: rbcv_typedef_ *rbcv_ptr_;
5: 
6: /*top*/
7: int conftest_const[(sizeof((*rbcv_ptr_)) > 7) ? 1 : -1];
/* end */

--------------------

check_sizeof: checking size of intmax_t... -------------------- 8

"clang -arch arm64 -I../../../.ext/include/-darwin -I/Users/hiro/Library/Caches/CocoaPods/Pods/External/CRuby/193c1c8340a477e394e63f996e6fccdb/ruby/include -I/Users/hiro/Library/Caches/CocoaPods/Pods/External/CRuby/193c1c8340a477e394e63f996e6fccdb/ruby/ext/rbconfig/sizeof -pipe -Os -isysroot /Applications/Xcode.app/Contents/Developer/Platforms/iPhoneOS.platform/Developer/SDKs/iPhoneOS10.1.sdk -miphoneos-version-min=7.0 -I/Users/hiro/Library/Caches/CocoaPods/Pods/External/CRuby/193c1c8340a477e394e63f996e6fccdb/build/iphoneos_arm64/include -D_XOPEN_SOURCE -D_DARWIN_C_SOURCE -D_DARWIN_UNLIMITED_SELECT -D_REENTRANT   -pipe -Os -isysroot /Applications/Xcode.app/Contents/Developer/Platforms/iPhoneOS.platform/Developer/SDKs/iPhoneOS10.1.sdk -miphoneos-version-min=7.0 -I/Users/hiro/Library/Caches/CocoaPods/Pods/External/CRuby/193c1c8340a477e394e63f996e6fccdb/build/iphoneos_arm64/include -fvisibility=hidden   -c conftest.c"
conftest.c:7:20: error: 'conftest_const' declared as an array with a negative size
int conftest_const[(sizeof((*rbcv_ptr_)) < 0) ? 1 : -1];
                   ^~~~~~~~~~~~~~~~~~~~~~~~~~~~~~~~~~~
1 error generated.
checked program was:
/* begin */
1: #include "ruby.h"
2: 
3: typedef intmax_t rbcv_typedef_;
4: rbcv_typedef_ *rbcv_ptr_;
5: 
6: /*top*/
7: int conftest_const[(sizeof((*rbcv_ptr_)) < 0) ? 1 : -1];
/* end */

"clang -arch arm64 -I../../../.ext/include/-darwin -I/Users/hiro/Library/Caches/CocoaPods/Pods/External/CRuby/193c1c8340a477e394e63f996e6fccdb/ruby/include -I/Users/hiro/Library/Caches/CocoaPods/Pods/External/CRuby/193c1c8340a477e394e63f996e6fccdb/ruby/ext/rbconfig/sizeof -pipe -Os -isysroot /Applications/Xcode.app/Contents/Developer/Platforms/iPhoneOS.platform/Developer/SDKs/iPhoneOS10.1.sdk -miphoneos-version-min=7.0 -I/Users/hiro/Library/Caches/CocoaPods/Pods/External/CRuby/193c1c8340a477e394e63f996e6fccdb/build/iphoneos_arm64/include -D_XOPEN_SOURCE -D_DARWIN_C_SOURCE -D_DARWIN_UNLIMITED_SELECT -D_REENTRANT   -pipe -Os -isysroot /Applications/Xcode.app/Contents/Developer/Platforms/iPhoneOS.platform/Developer/SDKs/iPhoneOS10.1.sdk -miphoneos-version-min=7.0 -I/Users/hiro/Library/Caches/CocoaPods/Pods/External/CRuby/193c1c8340a477e394e63f996e6fccdb/build/iphoneos_arm64/include -fvisibility=hidden   -c conftest.c"
checked program was:
/* begin */
1: #include "ruby.h"
2: 
3: typedef intmax_t rbcv_typedef_;
4: rbcv_typedef_ *rbcv_ptr_;
5: 
6: /*top*/
7: int conftest_const[(sizeof((*rbcv_ptr_)) > 0) ? 1 : -1];
/* end */

"clang -arch arm64 -I../../../.ext/include/-darwin -I/Users/hiro/Library/Caches/CocoaPods/Pods/External/CRuby/193c1c8340a477e394e63f996e6fccdb/ruby/include -I/Users/hiro/Library/Caches/CocoaPods/Pods/External/CRuby/193c1c8340a477e394e63f996e6fccdb/ruby/ext/rbconfig/sizeof -pipe -Os -isysroot /Applications/Xcode.app/Contents/Developer/Platforms/iPhoneOS.platform/Developer/SDKs/iPhoneOS10.1.sdk -miphoneos-version-min=7.0 -I/Users/hiro/Library/Caches/CocoaPods/Pods/External/CRuby/193c1c8340a477e394e63f996e6fccdb/build/iphoneos_arm64/include -D_XOPEN_SOURCE -D_DARWIN_C_SOURCE -D_DARWIN_UNLIMITED_SELECT -D_REENTRANT   -pipe -Os -isysroot /Applications/Xcode.app/Contents/Developer/Platforms/iPhoneOS.platform/Developer/SDKs/iPhoneOS10.1.sdk -miphoneos-version-min=7.0 -I/Users/hiro/Library/Caches/CocoaPods/Pods/External/CRuby/193c1c8340a477e394e63f996e6fccdb/build/iphoneos_arm64/include -fvisibility=hidden   -c conftest.c"
conftest.c:7:20: error: 'conftest_const' declared as an array with a negative size
int conftest_const[(sizeof((*rbcv_ptr_)) <= 1) ? 1 : -1];
                   ^~~~~~~~~~~~~~~~~~~~~~~~~~~~~~~~~~~~
1 error generated.
checked program was:
/* begin */
1: #include "ruby.h"
2: 
3: typedef intmax_t rbcv_typedef_;
4: rbcv_typedef_ *rbcv_ptr_;
5: 
6: /*top*/
7: int conftest_const[(sizeof((*rbcv_ptr_)) <= 1) ? 1 : -1];
/* end */

"clang -arch arm64 -I../../../.ext/include/-darwin -I/Users/hiro/Library/Caches/CocoaPods/Pods/External/CRuby/193c1c8340a477e394e63f996e6fccdb/ruby/include -I/Users/hiro/Library/Caches/CocoaPods/Pods/External/CRuby/193c1c8340a477e394e63f996e6fccdb/ruby/ext/rbconfig/sizeof -pipe -Os -isysroot /Applications/Xcode.app/Contents/Developer/Platforms/iPhoneOS.platform/Developer/SDKs/iPhoneOS10.1.sdk -miphoneos-version-min=7.0 -I/Users/hiro/Library/Caches/CocoaPods/Pods/External/CRuby/193c1c8340a477e394e63f996e6fccdb/build/iphoneos_arm64/include -D_XOPEN_SOURCE -D_DARWIN_C_SOURCE -D_DARWIN_UNLIMITED_SELECT -D_REENTRANT   -pipe -Os -isysroot /Applications/Xcode.app/Contents/Developer/Platforms/iPhoneOS.platform/Developer/SDKs/iPhoneOS10.1.sdk -miphoneos-version-min=7.0 -I/Users/hiro/Library/Caches/CocoaPods/Pods/External/CRuby/193c1c8340a477e394e63f996e6fccdb/build/iphoneos_arm64/include -fvisibility=hidden   -c conftest.c"
conftest.c:7:20: error: 'conftest_const' declared as an array with a negative size
int conftest_const[(sizeof((*rbcv_ptr_)) <= 2) ? 1 : -1];
                   ^~~~~~~~~~~~~~~~~~~~~~~~~~~~~~~~~~~~
1 error generated.
checked program was:
/* begin */
1: #include "ruby.h"
2: 
3: typedef intmax_t rbcv_typedef_;
4: rbcv_typedef_ *rbcv_ptr_;
5: 
6: /*top*/
7: int conftest_const[(sizeof((*rbcv_ptr_)) <= 2) ? 1 : -1];
/* end */

"clang -arch arm64 -I../../../.ext/include/-darwin -I/Users/hiro/Library/Caches/CocoaPods/Pods/External/CRuby/193c1c8340a477e394e63f996e6fccdb/ruby/include -I/Users/hiro/Library/Caches/CocoaPods/Pods/External/CRuby/193c1c8340a477e394e63f996e6fccdb/ruby/ext/rbconfig/sizeof -pipe -Os -isysroot /Applications/Xcode.app/Contents/Developer/Platforms/iPhoneOS.platform/Developer/SDKs/iPhoneOS10.1.sdk -miphoneos-version-min=7.0 -I/Users/hiro/Library/Caches/CocoaPods/Pods/External/CRuby/193c1c8340a477e394e63f996e6fccdb/build/iphoneos_arm64/include -D_XOPEN_SOURCE -D_DARWIN_C_SOURCE -D_DARWIN_UNLIMITED_SELECT -D_REENTRANT   -pipe -Os -isysroot /Applications/Xcode.app/Contents/Developer/Platforms/iPhoneOS.platform/Developer/SDKs/iPhoneOS10.1.sdk -miphoneos-version-min=7.0 -I/Users/hiro/Library/Caches/CocoaPods/Pods/External/CRuby/193c1c8340a477e394e63f996e6fccdb/build/iphoneos_arm64/include -fvisibility=hidden   -c conftest.c"
conftest.c:7:20: error: 'conftest_const' declared as an array with a negative size
int conftest_const[(sizeof((*rbcv_ptr_)) <= 4) ? 1 : -1];
                   ^~~~~~~~~~~~~~~~~~~~~~~~~~~~~~~~~~~~
1 error generated.
checked program was:
/* begin */
1: #include "ruby.h"
2: 
3: typedef intmax_t rbcv_typedef_;
4: rbcv_typedef_ *rbcv_ptr_;
5: 
6: /*top*/
7: int conftest_const[(sizeof((*rbcv_ptr_)) <= 4) ? 1 : -1];
/* end */

"clang -arch arm64 -I../../../.ext/include/-darwin -I/Users/hiro/Library/Caches/CocoaPods/Pods/External/CRuby/193c1c8340a477e394e63f996e6fccdb/ruby/include -I/Users/hiro/Library/Caches/CocoaPods/Pods/External/CRuby/193c1c8340a477e394e63f996e6fccdb/ruby/ext/rbconfig/sizeof -pipe -Os -isysroot /Applications/Xcode.app/Contents/Developer/Platforms/iPhoneOS.platform/Developer/SDKs/iPhoneOS10.1.sdk -miphoneos-version-min=7.0 -I/Users/hiro/Library/Caches/CocoaPods/Pods/External/CRuby/193c1c8340a477e394e63f996e6fccdb/build/iphoneos_arm64/include -D_XOPEN_SOURCE -D_DARWIN_C_SOURCE -D_DARWIN_UNLIMITED_SELECT -D_REENTRANT   -pipe -Os -isysroot /Applications/Xcode.app/Contents/Developer/Platforms/iPhoneOS.platform/Developer/SDKs/iPhoneOS10.1.sdk -miphoneos-version-min=7.0 -I/Users/hiro/Library/Caches/CocoaPods/Pods/External/CRuby/193c1c8340a477e394e63f996e6fccdb/build/iphoneos_arm64/include -fvisibility=hidden   -c conftest.c"
checked program was:
/* begin */
1: #include "ruby.h"
2: 
3: typedef intmax_t rbcv_typedef_;
4: rbcv_typedef_ *rbcv_ptr_;
5: 
6: /*top*/
7: int conftest_const[(sizeof((*rbcv_ptr_)) <= 8) ? 1 : -1];
/* end */

"clang -arch arm64 -I../../../.ext/include/-darwin -I/Users/hiro/Library/Caches/CocoaPods/Pods/External/CRuby/193c1c8340a477e394e63f996e6fccdb/ruby/include -I/Users/hiro/Library/Caches/CocoaPods/Pods/External/CRuby/193c1c8340a477e394e63f996e6fccdb/ruby/ext/rbconfig/sizeof -pipe -Os -isysroot /Applications/Xcode.app/Contents/Developer/Platforms/iPhoneOS.platform/Developer/SDKs/iPhoneOS10.1.sdk -miphoneos-version-min=7.0 -I/Users/hiro/Library/Caches/CocoaPods/Pods/External/CRuby/193c1c8340a477e394e63f996e6fccdb/build/iphoneos_arm64/include -D_XOPEN_SOURCE -D_DARWIN_C_SOURCE -D_DARWIN_UNLIMITED_SELECT -D_REENTRANT   -pipe -Os -isysroot /Applications/Xcode.app/Contents/Developer/Platforms/iPhoneOS.platform/Developer/SDKs/iPhoneOS10.1.sdk -miphoneos-version-min=7.0 -I/Users/hiro/Library/Caches/CocoaPods/Pods/External/CRuby/193c1c8340a477e394e63f996e6fccdb/build/iphoneos_arm64/include -fvisibility=hidden   -c conftest.c"
checked program was:
/* begin */
1: #include "ruby.h"
2: 
3: typedef intmax_t rbcv_typedef_;
4: rbcv_typedef_ *rbcv_ptr_;
5: 
6: /*top*/
7: int conftest_const[(sizeof((*rbcv_ptr_)) > 6) ? 1 : -1];
/* end */

"clang -arch arm64 -I../../../.ext/include/-darwin -I/Users/hiro/Library/Caches/CocoaPods/Pods/External/CRuby/193c1c8340a477e394e63f996e6fccdb/ruby/include -I/Users/hiro/Library/Caches/CocoaPods/Pods/External/CRuby/193c1c8340a477e394e63f996e6fccdb/ruby/ext/rbconfig/sizeof -pipe -Os -isysroot /Applications/Xcode.app/Contents/Developer/Platforms/iPhoneOS.platform/Developer/SDKs/iPhoneOS10.1.sdk -miphoneos-version-min=7.0 -I/Users/hiro/Library/Caches/CocoaPods/Pods/External/CRuby/193c1c8340a477e394e63f996e6fccdb/build/iphoneos_arm64/include -D_XOPEN_SOURCE -D_DARWIN_C_SOURCE -D_DARWIN_UNLIMITED_SELECT -D_REENTRANT   -pipe -Os -isysroot /Applications/Xcode.app/Contents/Developer/Platforms/iPhoneOS.platform/Developer/SDKs/iPhoneOS10.1.sdk -miphoneos-version-min=7.0 -I/Users/hiro/Library/Caches/CocoaPods/Pods/External/CRuby/193c1c8340a477e394e63f996e6fccdb/build/iphoneos_arm64/include -fvisibility=hidden   -c conftest.c"
checked program was:
/* begin */
1: #include "ruby.h"
2: 
3: typedef intmax_t rbcv_typedef_;
4: rbcv_typedef_ *rbcv_ptr_;
5: 
6: /*top*/
7: int conftest_const[(sizeof((*rbcv_ptr_)) > 7) ? 1 : -1];
/* end */

--------------------

check_sizeof: checking size of sig_atomic_t in signal.h... -------------------- 4

"clang -arch arm64 -I../../../.ext/include/-darwin -I/Users/hiro/Library/Caches/CocoaPods/Pods/External/CRuby/193c1c8340a477e394e63f996e6fccdb/ruby/include -I/Users/hiro/Library/Caches/CocoaPods/Pods/External/CRuby/193c1c8340a477e394e63f996e6fccdb/ruby/ext/rbconfig/sizeof -pipe -Os -isysroot /Applications/Xcode.app/Contents/Developer/Platforms/iPhoneOS.platform/Developer/SDKs/iPhoneOS10.1.sdk -miphoneos-version-min=7.0 -I/Users/hiro/Library/Caches/CocoaPods/Pods/External/CRuby/193c1c8340a477e394e63f996e6fccdb/build/iphoneos_arm64/include -D_XOPEN_SOURCE -D_DARWIN_C_SOURCE -D_DARWIN_UNLIMITED_SELECT -D_REENTRANT   -pipe -Os -isysroot /Applications/Xcode.app/Contents/Developer/Platforms/iPhoneOS.platform/Developer/SDKs/iPhoneOS10.1.sdk -miphoneos-version-min=7.0 -I/Users/hiro/Library/Caches/CocoaPods/Pods/External/CRuby/193c1c8340a477e394e63f996e6fccdb/build/iphoneos_arm64/include -fvisibility=hidden   -c conftest.c"
conftest.c:8:20: error: 'conftest_const' declared as an array with a negative size
int conftest_const[(sizeof((*rbcv_ptr_)) < 0) ? 1 : -1];
                   ^~~~~~~~~~~~~~~~~~~~~~~~~~~~~~~~~~~
1 error generated.
checked program was:
/* begin */
1: #include "ruby.h"
2: 
3: #include <signal.h>
4: typedef sig_atomic_t rbcv_typedef_;
5: rbcv_typedef_ *rbcv_ptr_;
6: 
7: /*top*/
8: int conftest_const[(sizeof((*rbcv_ptr_)) < 0) ? 1 : -1];
/* end */

"clang -arch arm64 -I../../../.ext/include/-darwin -I/Users/hiro/Library/Caches/CocoaPods/Pods/External/CRuby/193c1c8340a477e394e63f996e6fccdb/ruby/include -I/Users/hiro/Library/Caches/CocoaPods/Pods/External/CRuby/193c1c8340a477e394e63f996e6fccdb/ruby/ext/rbconfig/sizeof -pipe -Os -isysroot /Applications/Xcode.app/Contents/Developer/Platforms/iPhoneOS.platform/Developer/SDKs/iPhoneOS10.1.sdk -miphoneos-version-min=7.0 -I/Users/hiro/Library/Caches/CocoaPods/Pods/External/CRuby/193c1c8340a477e394e63f996e6fccdb/build/iphoneos_arm64/include -D_XOPEN_SOURCE -D_DARWIN_C_SOURCE -D_DARWIN_UNLIMITED_SELECT -D_REENTRANT   -pipe -Os -isysroot /Applications/Xcode.app/Contents/Developer/Platforms/iPhoneOS.platform/Developer/SDKs/iPhoneOS10.1.sdk -miphoneos-version-min=7.0 -I/Users/hiro/Library/Caches/CocoaPods/Pods/External/CRuby/193c1c8340a477e394e63f996e6fccdb/build/iphoneos_arm64/include -fvisibility=hidden   -c conftest.c"
checked program was:
/* begin */
1: #include "ruby.h"
2: 
3: #include <signal.h>
4: typedef sig_atomic_t rbcv_typedef_;
5: rbcv_typedef_ *rbcv_ptr_;
6: 
7: /*top*/
8: int conftest_const[(sizeof((*rbcv_ptr_)) > 0) ? 1 : -1];
/* end */

"clang -arch arm64 -I../../../.ext/include/-darwin -I/Users/hiro/Library/Caches/CocoaPods/Pods/External/CRuby/193c1c8340a477e394e63f996e6fccdb/ruby/include -I/Users/hiro/Library/Caches/CocoaPods/Pods/External/CRuby/193c1c8340a477e394e63f996e6fccdb/ruby/ext/rbconfig/sizeof -pipe -Os -isysroot /Applications/Xcode.app/Contents/Developer/Platforms/iPhoneOS.platform/Developer/SDKs/iPhoneOS10.1.sdk -miphoneos-version-min=7.0 -I/Users/hiro/Library/Caches/CocoaPods/Pods/External/CRuby/193c1c8340a477e394e63f996e6fccdb/build/iphoneos_arm64/include -D_XOPEN_SOURCE -D_DARWIN_C_SOURCE -D_DARWIN_UNLIMITED_SELECT -D_REENTRANT   -pipe -Os -isysroot /Applications/Xcode.app/Contents/Developer/Platforms/iPhoneOS.platform/Developer/SDKs/iPhoneOS10.1.sdk -miphoneos-version-min=7.0 -I/Users/hiro/Library/Caches/CocoaPods/Pods/External/CRuby/193c1c8340a477e394e63f996e6fccdb/build/iphoneos_arm64/include -fvisibility=hidden   -c conftest.c"
conftest.c:8:20: error: 'conftest_const' declared as an array with a negative size
int conftest_const[(sizeof((*rbcv_ptr_)) <= 1) ? 1 : -1];
                   ^~~~~~~~~~~~~~~~~~~~~~~~~~~~~~~~~~~~
1 error generated.
checked program was:
/* begin */
1: #include "ruby.h"
2: 
3: #include <signal.h>
4: typedef sig_atomic_t rbcv_typedef_;
5: rbcv_typedef_ *rbcv_ptr_;
6: 
7: /*top*/
8: int conftest_const[(sizeof((*rbcv_ptr_)) <= 1) ? 1 : -1];
/* end */

"clang -arch arm64 -I../../../.ext/include/-darwin -I/Users/hiro/Library/Caches/CocoaPods/Pods/External/CRuby/193c1c8340a477e394e63f996e6fccdb/ruby/include -I/Users/hiro/Library/Caches/CocoaPods/Pods/External/CRuby/193c1c8340a477e394e63f996e6fccdb/ruby/ext/rbconfig/sizeof -pipe -Os -isysroot /Applications/Xcode.app/Contents/Developer/Platforms/iPhoneOS.platform/Developer/SDKs/iPhoneOS10.1.sdk -miphoneos-version-min=7.0 -I/Users/hiro/Library/Caches/CocoaPods/Pods/External/CRuby/193c1c8340a477e394e63f996e6fccdb/build/iphoneos_arm64/include -D_XOPEN_SOURCE -D_DARWIN_C_SOURCE -D_DARWIN_UNLIMITED_SELECT -D_REENTRANT   -pipe -Os -isysroot /Applications/Xcode.app/Contents/Developer/Platforms/iPhoneOS.platform/Developer/SDKs/iPhoneOS10.1.sdk -miphoneos-version-min=7.0 -I/Users/hiro/Library/Caches/CocoaPods/Pods/External/CRuby/193c1c8340a477e394e63f996e6fccdb/build/iphoneos_arm64/include -fvisibility=hidden   -c conftest.c"
conftest.c:8:20: error: 'conftest_const' declared as an array with a negative size
int conftest_const[(sizeof((*rbcv_ptr_)) <= 2) ? 1 : -1];
                   ^~~~~~~~~~~~~~~~~~~~~~~~~~~~~~~~~~~~
1 error generated.
checked program was:
/* begin */
1: #include "ruby.h"
2: 
3: #include <signal.h>
4: typedef sig_atomic_t rbcv_typedef_;
5: rbcv_typedef_ *rbcv_ptr_;
6: 
7: /*top*/
8: int conftest_const[(sizeof((*rbcv_ptr_)) <= 2) ? 1 : -1];
/* end */

"clang -arch arm64 -I../../../.ext/include/-darwin -I/Users/hiro/Library/Caches/CocoaPods/Pods/External/CRuby/193c1c8340a477e394e63f996e6fccdb/ruby/include -I/Users/hiro/Library/Caches/CocoaPods/Pods/External/CRuby/193c1c8340a477e394e63f996e6fccdb/ruby/ext/rbconfig/sizeof -pipe -Os -isysroot /Applications/Xcode.app/Contents/Developer/Platforms/iPhoneOS.platform/Developer/SDKs/iPhoneOS10.1.sdk -miphoneos-version-min=7.0 -I/Users/hiro/Library/Caches/CocoaPods/Pods/External/CRuby/193c1c8340a477e394e63f996e6fccdb/build/iphoneos_arm64/include -D_XOPEN_SOURCE -D_DARWIN_C_SOURCE -D_DARWIN_UNLIMITED_SELECT -D_REENTRANT   -pipe -Os -isysroot /Applications/Xcode.app/Contents/Developer/Platforms/iPhoneOS.platform/Developer/SDKs/iPhoneOS10.1.sdk -miphoneos-version-min=7.0 -I/Users/hiro/Library/Caches/CocoaPods/Pods/External/CRuby/193c1c8340a477e394e63f996e6fccdb/build/iphoneos_arm64/include -fvisibility=hidden   -c conftest.c"
checked program was:
/* begin */
1: #include "ruby.h"
2: 
3: #include <signal.h>
4: typedef sig_atomic_t rbcv_typedef_;
5: rbcv_typedef_ *rbcv_ptr_;
6: 
7: /*top*/
8: int conftest_const[(sizeof((*rbcv_ptr_)) <= 4) ? 1 : -1];
/* end */

"clang -arch arm64 -I../../../.ext/include/-darwin -I/Users/hiro/Library/Caches/CocoaPods/Pods/External/CRuby/193c1c8340a477e394e63f996e6fccdb/ruby/include -I/Users/hiro/Library/Caches/CocoaPods/Pods/External/CRuby/193c1c8340a477e394e63f996e6fccdb/ruby/ext/rbconfig/sizeof -pipe -Os -isysroot /Applications/Xcode.app/Contents/Developer/Platforms/iPhoneOS.platform/Developer/SDKs/iPhoneOS10.1.sdk -miphoneos-version-min=7.0 -I/Users/hiro/Library/Caches/CocoaPods/Pods/External/CRuby/193c1c8340a477e394e63f996e6fccdb/build/iphoneos_arm64/include -D_XOPEN_SOURCE -D_DARWIN_C_SOURCE -D_DARWIN_UNLIMITED_SELECT -D_REENTRANT   -pipe -Os -isysroot /Applications/Xcode.app/Contents/Developer/Platforms/iPhoneOS.platform/Developer/SDKs/iPhoneOS10.1.sdk -miphoneos-version-min=7.0 -I/Users/hiro/Library/Caches/CocoaPods/Pods/External/CRuby/193c1c8340a477e394e63f996e6fccdb/build/iphoneos_arm64/include -fvisibility=hidden   -c conftest.c"
checked program was:
/* begin */
1: #include "ruby.h"
2: 
3: #include <signal.h>
4: typedef sig_atomic_t rbcv_typedef_;
5: rbcv_typedef_ *rbcv_ptr_;
6: 
7: /*top*/
8: int conftest_const[(sizeof((*rbcv_ptr_)) > 3) ? 1 : -1];
/* end */

--------------------

check_sizeof: checking size of wchar_t... -------------------- 4

"clang -arch arm64 -I../../../.ext/include/-darwin -I/Users/hiro/Library/Caches/CocoaPods/Pods/External/CRuby/193c1c8340a477e394e63f996e6fccdb/ruby/include -I/Users/hiro/Library/Caches/CocoaPods/Pods/External/CRuby/193c1c8340a477e394e63f996e6fccdb/ruby/ext/rbconfig/sizeof -pipe -Os -isysroot /Applications/Xcode.app/Contents/Developer/Platforms/iPhoneOS.platform/Developer/SDKs/iPhoneOS10.1.sdk -miphoneos-version-min=7.0 -I/Users/hiro/Library/Caches/CocoaPods/Pods/External/CRuby/193c1c8340a477e394e63f996e6fccdb/build/iphoneos_arm64/include -D_XOPEN_SOURCE -D_DARWIN_C_SOURCE -D_DARWIN_UNLIMITED_SELECT -D_REENTRANT   -pipe -Os -isysroot /Applications/Xcode.app/Contents/Developer/Platforms/iPhoneOS.platform/Developer/SDKs/iPhoneOS10.1.sdk -miphoneos-version-min=7.0 -I/Users/hiro/Library/Caches/CocoaPods/Pods/External/CRuby/193c1c8340a477e394e63f996e6fccdb/build/iphoneos_arm64/include -fvisibility=hidden   -c conftest.c"
conftest.c:7:20: error: 'conftest_const' declared as an array with a negative size
int conftest_const[(sizeof((*rbcv_ptr_)) < 0) ? 1 : -1];
                   ^~~~~~~~~~~~~~~~~~~~~~~~~~~~~~~~~~~
1 error generated.
checked program was:
/* begin */
1: #include "ruby.h"
2: 
3: typedef wchar_t rbcv_typedef_;
4: rbcv_typedef_ *rbcv_ptr_;
5: 
6: /*top*/
7: int conftest_const[(sizeof((*rbcv_ptr_)) < 0) ? 1 : -1];
/* end */

"clang -arch arm64 -I../../../.ext/include/-darwin -I/Users/hiro/Library/Caches/CocoaPods/Pods/External/CRuby/193c1c8340a477e394e63f996e6fccdb/ruby/include -I/Users/hiro/Library/Caches/CocoaPods/Pods/External/CRuby/193c1c8340a477e394e63f996e6fccdb/ruby/ext/rbconfig/sizeof -pipe -Os -isysroot /Applications/Xcode.app/Contents/Developer/Platforms/iPhoneOS.platform/Developer/SDKs/iPhoneOS10.1.sdk -miphoneos-version-min=7.0 -I/Users/hiro/Library/Caches/CocoaPods/Pods/External/CRuby/193c1c8340a477e394e63f996e6fccdb/build/iphoneos_arm64/include -D_XOPEN_SOURCE -D_DARWIN_C_SOURCE -D_DARWIN_UNLIMITED_SELECT -D_REENTRANT   -pipe -Os -isysroot /Applications/Xcode.app/Contents/Developer/Platforms/iPhoneOS.platform/Developer/SDKs/iPhoneOS10.1.sdk -miphoneos-version-min=7.0 -I/Users/hiro/Library/Caches/CocoaPods/Pods/External/CRuby/193c1c8340a477e394e63f996e6fccdb/build/iphoneos_arm64/include -fvisibility=hidden   -c conftest.c"
checked program was:
/* begin */
1: #include "ruby.h"
2: 
3: typedef wchar_t rbcv_typedef_;
4: rbcv_typedef_ *rbcv_ptr_;
5: 
6: /*top*/
7: int conftest_const[(sizeof((*rbcv_ptr_)) > 0) ? 1 : -1];
/* end */

"clang -arch arm64 -I../../../.ext/include/-darwin -I/Users/hiro/Library/Caches/CocoaPods/Pods/External/CRuby/193c1c8340a477e394e63f996e6fccdb/ruby/include -I/Users/hiro/Library/Caches/CocoaPods/Pods/External/CRuby/193c1c8340a477e394e63f996e6fccdb/ruby/ext/rbconfig/sizeof -pipe -Os -isysroot /Applications/Xcode.app/Contents/Developer/Platforms/iPhoneOS.platform/Developer/SDKs/iPhoneOS10.1.sdk -miphoneos-version-min=7.0 -I/Users/hiro/Library/Caches/CocoaPods/Pods/External/CRuby/193c1c8340a477e394e63f996e6fccdb/build/iphoneos_arm64/include -D_XOPEN_SOURCE -D_DARWIN_C_SOURCE -D_DARWIN_UNLIMITED_SELECT -D_REENTRANT   -pipe -Os -isysroot /Applications/Xcode.app/Contents/Developer/Platforms/iPhoneOS.platform/Developer/SDKs/iPhoneOS10.1.sdk -miphoneos-version-min=7.0 -I/Users/hiro/Library/Caches/CocoaPods/Pods/External/CRuby/193c1c8340a477e394e63f996e6fccdb/build/iphoneos_arm64/include -fvisibility=hidden   -c conftest.c"
conftest.c:7:20: error: 'conftest_const' declared as an array with a negative size
int conftest_const[(sizeof((*rbcv_ptr_)) <= 1) ? 1 : -1];
                   ^~~~~~~~~~~~~~~~~~~~~~~~~~~~~~~~~~~~
1 error generated.
checked program was:
/* begin */
1: #include "ruby.h"
2: 
3: typedef wchar_t rbcv_typedef_;
4: rbcv_typedef_ *rbcv_ptr_;
5: 
6: /*top*/
7: int conftest_const[(sizeof((*rbcv_ptr_)) <= 1) ? 1 : -1];
/* end */

"clang -arch arm64 -I../../../.ext/include/-darwin -I/Users/hiro/Library/Caches/CocoaPods/Pods/External/CRuby/193c1c8340a477e394e63f996e6fccdb/ruby/include -I/Users/hiro/Library/Caches/CocoaPods/Pods/External/CRuby/193c1c8340a477e394e63f996e6fccdb/ruby/ext/rbconfig/sizeof -pipe -Os -isysroot /Applications/Xcode.app/Contents/Developer/Platforms/iPhoneOS.platform/Developer/SDKs/iPhoneOS10.1.sdk -miphoneos-version-min=7.0 -I/Users/hiro/Library/Caches/CocoaPods/Pods/External/CRuby/193c1c8340a477e394e63f996e6fccdb/build/iphoneos_arm64/include -D_XOPEN_SOURCE -D_DARWIN_C_SOURCE -D_DARWIN_UNLIMITED_SELECT -D_REENTRANT   -pipe -Os -isysroot /Applications/Xcode.app/Contents/Developer/Platforms/iPhoneOS.platform/Developer/SDKs/iPhoneOS10.1.sdk -miphoneos-version-min=7.0 -I/Users/hiro/Library/Caches/CocoaPods/Pods/External/CRuby/193c1c8340a477e394e63f996e6fccdb/build/iphoneos_arm64/include -fvisibility=hidden   -c conftest.c"
conftest.c:7:20: error: 'conftest_const' declared as an array with a negative size
int conftest_const[(sizeof((*rbcv_ptr_)) <= 2) ? 1 : -1];
                   ^~~~~~~~~~~~~~~~~~~~~~~~~~~~~~~~~~~~
1 error generated.
checked program was:
/* begin */
1: #include "ruby.h"
2: 
3: typedef wchar_t rbcv_typedef_;
4: rbcv_typedef_ *rbcv_ptr_;
5: 
6: /*top*/
7: int conftest_const[(sizeof((*rbcv_ptr_)) <= 2) ? 1 : -1];
/* end */

"clang -arch arm64 -I../../../.ext/include/-darwin -I/Users/hiro/Library/Caches/CocoaPods/Pods/External/CRuby/193c1c8340a477e394e63f996e6fccdb/ruby/include -I/Users/hiro/Library/Caches/CocoaPods/Pods/External/CRuby/193c1c8340a477e394e63f996e6fccdb/ruby/ext/rbconfig/sizeof -pipe -Os -isysroot /Applications/Xcode.app/Contents/Developer/Platforms/iPhoneOS.platform/Developer/SDKs/iPhoneOS10.1.sdk -miphoneos-version-min=7.0 -I/Users/hiro/Library/Caches/CocoaPods/Pods/External/CRuby/193c1c8340a477e394e63f996e6fccdb/build/iphoneos_arm64/include -D_XOPEN_SOURCE -D_DARWIN_C_SOURCE -D_DARWIN_UNLIMITED_SELECT -D_REENTRANT   -pipe -Os -isysroot /Applications/Xcode.app/Contents/Developer/Platforms/iPhoneOS.platform/Developer/SDKs/iPhoneOS10.1.sdk -miphoneos-version-min=7.0 -I/Users/hiro/Library/Caches/CocoaPods/Pods/External/CRuby/193c1c8340a477e394e63f996e6fccdb/build/iphoneos_arm64/include -fvisibility=hidden   -c conftest.c"
checked program was:
/* begin */
1: #include "ruby.h"
2: 
3: typedef wchar_t rbcv_typedef_;
4: rbcv_typedef_ *rbcv_ptr_;
5: 
6: /*top*/
7: int conftest_const[(sizeof((*rbcv_ptr_)) <= 4) ? 1 : -1];
/* end */

"clang -arch arm64 -I../../../.ext/include/-darwin -I/Users/hiro/Library/Caches/CocoaPods/Pods/External/CRuby/193c1c8340a477e394e63f996e6fccdb/ruby/include -I/Users/hiro/Library/Caches/CocoaPods/Pods/External/CRuby/193c1c8340a477e394e63f996e6fccdb/ruby/ext/rbconfig/sizeof -pipe -Os -isysroot /Applications/Xcode.app/Contents/Developer/Platforms/iPhoneOS.platform/Developer/SDKs/iPhoneOS10.1.sdk -miphoneos-version-min=7.0 -I/Users/hiro/Library/Caches/CocoaPods/Pods/External/CRuby/193c1c8340a477e394e63f996e6fccdb/build/iphoneos_arm64/include -D_XOPEN_SOURCE -D_DARWIN_C_SOURCE -D_DARWIN_UNLIMITED_SELECT -D_REENTRANT   -pipe -Os -isysroot /Applications/Xcode.app/Contents/Developer/Platforms/iPhoneOS.platform/Developer/SDKs/iPhoneOS10.1.sdk -miphoneos-version-min=7.0 -I/Users/hiro/Library/Caches/CocoaPods/Pods/External/CRuby/193c1c8340a477e394e63f996e6fccdb/build/iphoneos_arm64/include -fvisibility=hidden   -c conftest.c"
checked program was:
/* begin */
1: #include "ruby.h"
2: 
3: typedef wchar_t rbcv_typedef_;
4: rbcv_typedef_ *rbcv_ptr_;
5: 
6: /*top*/
7: int conftest_const[(sizeof((*rbcv_ptr_)) > 3) ? 1 : -1];
/* end */

--------------------

check_sizeof: checking size of wint_t in wctype.h... -------------------- 4

"clang -arch arm64 -I../../../.ext/include/-darwin -I/Users/hiro/Library/Caches/CocoaPods/Pods/External/CRuby/193c1c8340a477e394e63f996e6fccdb/ruby/include -I/Users/hiro/Library/Caches/CocoaPods/Pods/External/CRuby/193c1c8340a477e394e63f996e6fccdb/ruby/ext/rbconfig/sizeof -pipe -Os -isysroot /Applications/Xcode.app/Contents/Developer/Platforms/iPhoneOS.platform/Developer/SDKs/iPhoneOS10.1.sdk -miphoneos-version-min=7.0 -I/Users/hiro/Library/Caches/CocoaPods/Pods/External/CRuby/193c1c8340a477e394e63f996e6fccdb/build/iphoneos_arm64/include -D_XOPEN_SOURCE -D_DARWIN_C_SOURCE -D_DARWIN_UNLIMITED_SELECT -D_REENTRANT   -pipe -Os -isysroot /Applications/Xcode.app/Contents/Developer/Platforms/iPhoneOS.platform/Developer/SDKs/iPhoneOS10.1.sdk -miphoneos-version-min=7.0 -I/Users/hiro/Library/Caches/CocoaPods/Pods/External/CRuby/193c1c8340a477e394e63f996e6fccdb/build/iphoneos_arm64/include -fvisibility=hidden   -c conftest.c"
conftest.c:8:20: error: 'conftest_const' declared as an array with a negative size
int conftest_const[(sizeof((*rbcv_ptr_)) < 0) ? 1 : -1];
                   ^~~~~~~~~~~~~~~~~~~~~~~~~~~~~~~~~~~
1 error generated.
checked program was:
/* begin */
1: #include "ruby.h"
2: 
3: #include <wctype.h>
4: typedef wint_t rbcv_typedef_;
5: rbcv_typedef_ *rbcv_ptr_;
6: 
7: /*top*/
8: int conftest_const[(sizeof((*rbcv_ptr_)) < 0) ? 1 : -1];
/* end */

"clang -arch arm64 -I../../../.ext/include/-darwin -I/Users/hiro/Library/Caches/CocoaPods/Pods/External/CRuby/193c1c8340a477e394e63f996e6fccdb/ruby/include -I/Users/hiro/Library/Caches/CocoaPods/Pods/External/CRuby/193c1c8340a477e394e63f996e6fccdb/ruby/ext/rbconfig/sizeof -pipe -Os -isysroot /Applications/Xcode.app/Contents/Developer/Platforms/iPhoneOS.platform/Developer/SDKs/iPhoneOS10.1.sdk -miphoneos-version-min=7.0 -I/Users/hiro/Library/Caches/CocoaPods/Pods/External/CRuby/193c1c8340a477e394e63f996e6fccdb/build/iphoneos_arm64/include -D_XOPEN_SOURCE -D_DARWIN_C_SOURCE -D_DARWIN_UNLIMITED_SELECT -D_REENTRANT   -pipe -Os -isysroot /Applications/Xcode.app/Contents/Developer/Platforms/iPhoneOS.platform/Developer/SDKs/iPhoneOS10.1.sdk -miphoneos-version-min=7.0 -I/Users/hiro/Library/Caches/CocoaPods/Pods/External/CRuby/193c1c8340a477e394e63f996e6fccdb/build/iphoneos_arm64/include -fvisibility=hidden   -c conftest.c"
checked program was:
/* begin */
1: #include "ruby.h"
2: 
3: #include <wctype.h>
4: typedef wint_t rbcv_typedef_;
5: rbcv_typedef_ *rbcv_ptr_;
6: 
7: /*top*/
8: int conftest_const[(sizeof((*rbcv_ptr_)) > 0) ? 1 : -1];
/* end */

"clang -arch arm64 -I../../../.ext/include/-darwin -I/Users/hiro/Library/Caches/CocoaPods/Pods/External/CRuby/193c1c8340a477e394e63f996e6fccdb/ruby/include -I/Users/hiro/Library/Caches/CocoaPods/Pods/External/CRuby/193c1c8340a477e394e63f996e6fccdb/ruby/ext/rbconfig/sizeof -pipe -Os -isysroot /Applications/Xcode.app/Contents/Developer/Platforms/iPhoneOS.platform/Developer/SDKs/iPhoneOS10.1.sdk -miphoneos-version-min=7.0 -I/Users/hiro/Library/Caches/CocoaPods/Pods/External/CRuby/193c1c8340a477e394e63f996e6fccdb/build/iphoneos_arm64/include -D_XOPEN_SOURCE -D_DARWIN_C_SOURCE -D_DARWIN_UNLIMITED_SELECT -D_REENTRANT   -pipe -Os -isysroot /Applications/Xcode.app/Contents/Developer/Platforms/iPhoneOS.platform/Developer/SDKs/iPhoneOS10.1.sdk -miphoneos-version-min=7.0 -I/Users/hiro/Library/Caches/CocoaPods/Pods/External/CRuby/193c1c8340a477e394e63f996e6fccdb/build/iphoneos_arm64/include -fvisibility=hidden   -c conftest.c"
conftest.c:8:20: error: 'conftest_const' declared as an array with a negative size
int conftest_const[(sizeof((*rbcv_ptr_)) <= 1) ? 1 : -1];
                   ^~~~~~~~~~~~~~~~~~~~~~~~~~~~~~~~~~~~
1 error generated.
checked program was:
/* begin */
1: #include "ruby.h"
2: 
3: #include <wctype.h>
4: typedef wint_t rbcv_typedef_;
5: rbcv_typedef_ *rbcv_ptr_;
6: 
7: /*top*/
8: int conftest_const[(sizeof((*rbcv_ptr_)) <= 1) ? 1 : -1];
/* end */

"clang -arch arm64 -I../../../.ext/include/-darwin -I/Users/hiro/Library/Caches/CocoaPods/Pods/External/CRuby/193c1c8340a477e394e63f996e6fccdb/ruby/include -I/Users/hiro/Library/Caches/CocoaPods/Pods/External/CRuby/193c1c8340a477e394e63f996e6fccdb/ruby/ext/rbconfig/sizeof -pipe -Os -isysroot /Applications/Xcode.app/Contents/Developer/Platforms/iPhoneOS.platform/Developer/SDKs/iPhoneOS10.1.sdk -miphoneos-version-min=7.0 -I/Users/hiro/Library/Caches/CocoaPods/Pods/External/CRuby/193c1c8340a477e394e63f996e6fccdb/build/iphoneos_arm64/include -D_XOPEN_SOURCE -D_DARWIN_C_SOURCE -D_DARWIN_UNLIMITED_SELECT -D_REENTRANT   -pipe -Os -isysroot /Applications/Xcode.app/Contents/Developer/Platforms/iPhoneOS.platform/Developer/SDKs/iPhoneOS10.1.sdk -miphoneos-version-min=7.0 -I/Users/hiro/Library/Caches/CocoaPods/Pods/External/CRuby/193c1c8340a477e394e63f996e6fccdb/build/iphoneos_arm64/include -fvisibility=hidden   -c conftest.c"
conftest.c:8:20: error: 'conftest_const' declared as an array with a negative size
int conftest_const[(sizeof((*rbcv_ptr_)) <= 2) ? 1 : -1];
                   ^~~~~~~~~~~~~~~~~~~~~~~~~~~~~~~~~~~~
1 error generated.
checked program was:
/* begin */
1: #include "ruby.h"
2: 
3: #include <wctype.h>
4: typedef wint_t rbcv_typedef_;
5: rbcv_typedef_ *rbcv_ptr_;
6: 
7: /*top*/
8: int conftest_const[(sizeof((*rbcv_ptr_)) <= 2) ? 1 : -1];
/* end */

"clang -arch arm64 -I../../../.ext/include/-darwin -I/Users/hiro/Library/Caches/CocoaPods/Pods/External/CRuby/193c1c8340a477e394e63f996e6fccdb/ruby/include -I/Users/hiro/Library/Caches/CocoaPods/Pods/External/CRuby/193c1c8340a477e394e63f996e6fccdb/ruby/ext/rbconfig/sizeof -pipe -Os -isysroot /Applications/Xcode.app/Contents/Developer/Platforms/iPhoneOS.platform/Developer/SDKs/iPhoneOS10.1.sdk -miphoneos-version-min=7.0 -I/Users/hiro/Library/Caches/CocoaPods/Pods/External/CRuby/193c1c8340a477e394e63f996e6fccdb/build/iphoneos_arm64/include -D_XOPEN_SOURCE -D_DARWIN_C_SOURCE -D_DARWIN_UNLIMITED_SELECT -D_REENTRANT   -pipe -Os -isysroot /Applications/Xcode.app/Contents/Developer/Platforms/iPhoneOS.platform/Developer/SDKs/iPhoneOS10.1.sdk -miphoneos-version-min=7.0 -I/Users/hiro/Library/Caches/CocoaPods/Pods/External/CRuby/193c1c8340a477e394e63f996e6fccdb/build/iphoneos_arm64/include -fvisibility=hidden   -c conftest.c"
checked program was:
/* begin */
1: #include "ruby.h"
2: 
3: #include <wctype.h>
4: typedef wint_t rbcv_typedef_;
5: rbcv_typedef_ *rbcv_ptr_;
6: 
7: /*top*/
8: int conftest_const[(sizeof((*rbcv_ptr_)) <= 4) ? 1 : -1];
/* end */

"clang -arch arm64 -I../../../.ext/include/-darwin -I/Users/hiro/Library/Caches/CocoaPods/Pods/External/CRuby/193c1c8340a477e394e63f996e6fccdb/ruby/include -I/Users/hiro/Library/Caches/CocoaPods/Pods/External/CRuby/193c1c8340a477e394e63f996e6fccdb/ruby/ext/rbconfig/sizeof -pipe -Os -isysroot /Applications/Xcode.app/Contents/Developer/Platforms/iPhoneOS.platform/Developer/SDKs/iPhoneOS10.1.sdk -miphoneos-version-min=7.0 -I/Users/hiro/Library/Caches/CocoaPods/Pods/External/CRuby/193c1c8340a477e394e63f996e6fccdb/build/iphoneos_arm64/include -D_XOPEN_SOURCE -D_DARWIN_C_SOURCE -D_DARWIN_UNLIMITED_SELECT -D_REENTRANT   -pipe -Os -isysroot /Applications/Xcode.app/Contents/Developer/Platforms/iPhoneOS.platform/Developer/SDKs/iPhoneOS10.1.sdk -miphoneos-version-min=7.0 -I/Users/hiro/Library/Caches/CocoaPods/Pods/External/CRuby/193c1c8340a477e394e63f996e6fccdb/build/iphoneos_arm64/include -fvisibility=hidden   -c conftest.c"
checked program was:
/* begin */
1: #include "ruby.h"
2: 
3: #include <wctype.h>
4: typedef wint_t rbcv_typedef_;
5: rbcv_typedef_ *rbcv_ptr_;
6: 
7: /*top*/
8: int conftest_const[(sizeof((*rbcv_ptr_)) > 3) ? 1 : -1];
/* end */

--------------------

check_sizeof: checking size of wctrans_t in wctype.h... -------------------- 4

"clang -arch arm64 -I../../../.ext/include/-darwin -I/Users/hiro/Library/Caches/CocoaPods/Pods/External/CRuby/193c1c8340a477e394e63f996e6fccdb/ruby/include -I/Users/hiro/Library/Caches/CocoaPods/Pods/External/CRuby/193c1c8340a477e394e63f996e6fccdb/ruby/ext/rbconfig/sizeof -pipe -Os -isysroot /Applications/Xcode.app/Contents/Developer/Platforms/iPhoneOS.platform/Developer/SDKs/iPhoneOS10.1.sdk -miphoneos-version-min=7.0 -I/Users/hiro/Library/Caches/CocoaPods/Pods/External/CRuby/193c1c8340a477e394e63f996e6fccdb/build/iphoneos_arm64/include -D_XOPEN_SOURCE -D_DARWIN_C_SOURCE -D_DARWIN_UNLIMITED_SELECT -D_REENTRANT   -pipe -Os -isysroot /Applications/Xcode.app/Contents/Developer/Platforms/iPhoneOS.platform/Developer/SDKs/iPhoneOS10.1.sdk -miphoneos-version-min=7.0 -I/Users/hiro/Library/Caches/CocoaPods/Pods/External/CRuby/193c1c8340a477e394e63f996e6fccdb/build/iphoneos_arm64/include -fvisibility=hidden   -c conftest.c"
conftest.c:8:20: error: 'conftest_const' declared as an array with a negative size
int conftest_const[(sizeof((*rbcv_ptr_)) < 0) ? 1 : -1];
                   ^~~~~~~~~~~~~~~~~~~~~~~~~~~~~~~~~~~
1 error generated.
checked program was:
/* begin */
1: #include "ruby.h"
2: 
3: #include <wctype.h>
4: typedef wctrans_t rbcv_typedef_;
5: rbcv_typedef_ *rbcv_ptr_;
6: 
7: /*top*/
8: int conftest_const[(sizeof((*rbcv_ptr_)) < 0) ? 1 : -1];
/* end */

"clang -arch arm64 -I../../../.ext/include/-darwin -I/Users/hiro/Library/Caches/CocoaPods/Pods/External/CRuby/193c1c8340a477e394e63f996e6fccdb/ruby/include -I/Users/hiro/Library/Caches/CocoaPods/Pods/External/CRuby/193c1c8340a477e394e63f996e6fccdb/ruby/ext/rbconfig/sizeof -pipe -Os -isysroot /Applications/Xcode.app/Contents/Developer/Platforms/iPhoneOS.platform/Developer/SDKs/iPhoneOS10.1.sdk -miphoneos-version-min=7.0 -I/Users/hiro/Library/Caches/CocoaPods/Pods/External/CRuby/193c1c8340a477e394e63f996e6fccdb/build/iphoneos_arm64/include -D_XOPEN_SOURCE -D_DARWIN_C_SOURCE -D_DARWIN_UNLIMITED_SELECT -D_REENTRANT   -pipe -Os -isysroot /Applications/Xcode.app/Contents/Developer/Platforms/iPhoneOS.platform/Developer/SDKs/iPhoneOS10.1.sdk -miphoneos-version-min=7.0 -I/Users/hiro/Library/Caches/CocoaPods/Pods/External/CRuby/193c1c8340a477e394e63f996e6fccdb/build/iphoneos_arm64/include -fvisibility=hidden   -c conftest.c"
checked program was:
/* begin */
1: #include "ruby.h"
2: 
3: #include <wctype.h>
4: typedef wctrans_t rbcv_typedef_;
5: rbcv_typedef_ *rbcv_ptr_;
6: 
7: /*top*/
8: int conftest_const[(sizeof((*rbcv_ptr_)) > 0) ? 1 : -1];
/* end */

"clang -arch arm64 -I../../../.ext/include/-darwin -I/Users/hiro/Library/Caches/CocoaPods/Pods/External/CRuby/193c1c8340a477e394e63f996e6fccdb/ruby/include -I/Users/hiro/Library/Caches/CocoaPods/Pods/External/CRuby/193c1c8340a477e394e63f996e6fccdb/ruby/ext/rbconfig/sizeof -pipe -Os -isysroot /Applications/Xcode.app/Contents/Developer/Platforms/iPhoneOS.platform/Developer/SDKs/iPhoneOS10.1.sdk -miphoneos-version-min=7.0 -I/Users/hiro/Library/Caches/CocoaPods/Pods/External/CRuby/193c1c8340a477e394e63f996e6fccdb/build/iphoneos_arm64/include -D_XOPEN_SOURCE -D_DARWIN_C_SOURCE -D_DARWIN_UNLIMITED_SELECT -D_REENTRANT   -pipe -Os -isysroot /Applications/Xcode.app/Contents/Developer/Platforms/iPhoneOS.platform/Developer/SDKs/iPhoneOS10.1.sdk -miphoneos-version-min=7.0 -I/Users/hiro/Library/Caches/CocoaPods/Pods/External/CRuby/193c1c8340a477e394e63f996e6fccdb/build/iphoneos_arm64/include -fvisibility=hidden   -c conftest.c"
conftest.c:8:20: error: 'conftest_const' declared as an array with a negative size
int conftest_const[(sizeof((*rbcv_ptr_)) <= 1) ? 1 : -1];
                   ^~~~~~~~~~~~~~~~~~~~~~~~~~~~~~~~~~~~
1 error generated.
checked program was:
/* begin */
1: #include "ruby.h"
2: 
3: #include <wctype.h>
4: typedef wctrans_t rbcv_typedef_;
5: rbcv_typedef_ *rbcv_ptr_;
6: 
7: /*top*/
8: int conftest_const[(sizeof((*rbcv_ptr_)) <= 1) ? 1 : -1];
/* end */

"clang -arch arm64 -I../../../.ext/include/-darwin -I/Users/hiro/Library/Caches/CocoaPods/Pods/External/CRuby/193c1c8340a477e394e63f996e6fccdb/ruby/include -I/Users/hiro/Library/Caches/CocoaPods/Pods/External/CRuby/193c1c8340a477e394e63f996e6fccdb/ruby/ext/rbconfig/sizeof -pipe -Os -isysroot /Applications/Xcode.app/Contents/Developer/Platforms/iPhoneOS.platform/Developer/SDKs/iPhoneOS10.1.sdk -miphoneos-version-min=7.0 -I/Users/hiro/Library/Caches/CocoaPods/Pods/External/CRuby/193c1c8340a477e394e63f996e6fccdb/build/iphoneos_arm64/include -D_XOPEN_SOURCE -D_DARWIN_C_SOURCE -D_DARWIN_UNLIMITED_SELECT -D_REENTRANT   -pipe -Os -isysroot /Applications/Xcode.app/Contents/Developer/Platforms/iPhoneOS.platform/Developer/SDKs/iPhoneOS10.1.sdk -miphoneos-version-min=7.0 -I/Users/hiro/Library/Caches/CocoaPods/Pods/External/CRuby/193c1c8340a477e394e63f996e6fccdb/build/iphoneos_arm64/include -fvisibility=hidden   -c conftest.c"
conftest.c:8:20: error: 'conftest_const' declared as an array with a negative size
int conftest_const[(sizeof((*rbcv_ptr_)) <= 2) ? 1 : -1];
                   ^~~~~~~~~~~~~~~~~~~~~~~~~~~~~~~~~~~~
1 error generated.
checked program was:
/* begin */
1: #include "ruby.h"
2: 
3: #include <wctype.h>
4: typedef wctrans_t rbcv_typedef_;
5: rbcv_typedef_ *rbcv_ptr_;
6: 
7: /*top*/
8: int conftest_const[(sizeof((*rbcv_ptr_)) <= 2) ? 1 : -1];
/* end */

"clang -arch arm64 -I../../../.ext/include/-darwin -I/Users/hiro/Library/Caches/CocoaPods/Pods/External/CRuby/193c1c8340a477e394e63f996e6fccdb/ruby/include -I/Users/hiro/Library/Caches/CocoaPods/Pods/External/CRuby/193c1c8340a477e394e63f996e6fccdb/ruby/ext/rbconfig/sizeof -pipe -Os -isysroot /Applications/Xcode.app/Contents/Developer/Platforms/iPhoneOS.platform/Developer/SDKs/iPhoneOS10.1.sdk -miphoneos-version-min=7.0 -I/Users/hiro/Library/Caches/CocoaPods/Pods/External/CRuby/193c1c8340a477e394e63f996e6fccdb/build/iphoneos_arm64/include -D_XOPEN_SOURCE -D_DARWIN_C_SOURCE -D_DARWIN_UNLIMITED_SELECT -D_REENTRANT   -pipe -Os -isysroot /Applications/Xcode.app/Contents/Developer/Platforms/iPhoneOS.platform/Developer/SDKs/iPhoneOS10.1.sdk -miphoneos-version-min=7.0 -I/Users/hiro/Library/Caches/CocoaPods/Pods/External/CRuby/193c1c8340a477e394e63f996e6fccdb/build/iphoneos_arm64/include -fvisibility=hidden   -c conftest.c"
checked program was:
/* begin */
1: #include "ruby.h"
2: 
3: #include <wctype.h>
4: typedef wctrans_t rbcv_typedef_;
5: rbcv_typedef_ *rbcv_ptr_;
6: 
7: /*top*/
8: int conftest_const[(sizeof((*rbcv_ptr_)) <= 4) ? 1 : -1];
/* end */

"clang -arch arm64 -I../../../.ext/include/-darwin -I/Users/hiro/Library/Caches/CocoaPods/Pods/External/CRuby/193c1c8340a477e394e63f996e6fccdb/ruby/include -I/Users/hiro/Library/Caches/CocoaPods/Pods/External/CRuby/193c1c8340a477e394e63f996e6fccdb/ruby/ext/rbconfig/sizeof -pipe -Os -isysroot /Applications/Xcode.app/Contents/Developer/Platforms/iPhoneOS.platform/Developer/SDKs/iPhoneOS10.1.sdk -miphoneos-version-min=7.0 -I/Users/hiro/Library/Caches/CocoaPods/Pods/External/CRuby/193c1c8340a477e394e63f996e6fccdb/build/iphoneos_arm64/include -D_XOPEN_SOURCE -D_DARWIN_C_SOURCE -D_DARWIN_UNLIMITED_SELECT -D_REENTRANT   -pipe -Os -isysroot /Applications/Xcode.app/Contents/Developer/Platforms/iPhoneOS.platform/Developer/SDKs/iPhoneOS10.1.sdk -miphoneos-version-min=7.0 -I/Users/hiro/Library/Caches/CocoaPods/Pods/External/CRuby/193c1c8340a477e394e63f996e6fccdb/build/iphoneos_arm64/include -fvisibility=hidden   -c conftest.c"
checked program was:
/* begin */
1: #include "ruby.h"
2: 
3: #include <wctype.h>
4: typedef wctrans_t rbcv_typedef_;
5: rbcv_typedef_ *rbcv_ptr_;
6: 
7: /*top*/
8: int conftest_const[(sizeof((*rbcv_ptr_)) > 3) ? 1 : -1];
/* end */

--------------------

check_sizeof: checking size of wctype_t in wctype.h... -------------------- 4

"clang -arch arm64 -I../../../.ext/include/-darwin -I/Users/hiro/Library/Caches/CocoaPods/Pods/External/CRuby/193c1c8340a477e394e63f996e6fccdb/ruby/include -I/Users/hiro/Library/Caches/CocoaPods/Pods/External/CRuby/193c1c8340a477e394e63f996e6fccdb/ruby/ext/rbconfig/sizeof -pipe -Os -isysroot /Applications/Xcode.app/Contents/Developer/Platforms/iPhoneOS.platform/Developer/SDKs/iPhoneOS10.1.sdk -miphoneos-version-min=7.0 -I/Users/hiro/Library/Caches/CocoaPods/Pods/External/CRuby/193c1c8340a477e394e63f996e6fccdb/build/iphoneos_arm64/include -D_XOPEN_SOURCE -D_DARWIN_C_SOURCE -D_DARWIN_UNLIMITED_SELECT -D_REENTRANT   -pipe -Os -isysroot /Applications/Xcode.app/Contents/Developer/Platforms/iPhoneOS.platform/Developer/SDKs/iPhoneOS10.1.sdk -miphoneos-version-min=7.0 -I/Users/hiro/Library/Caches/CocoaPods/Pods/External/CRuby/193c1c8340a477e394e63f996e6fccdb/build/iphoneos_arm64/include -fvisibility=hidden   -c conftest.c"
conftest.c:8:20: error: 'conftest_const' declared as an array with a negative size
int conftest_const[(sizeof((*rbcv_ptr_)) < 0) ? 1 : -1];
                   ^~~~~~~~~~~~~~~~~~~~~~~~~~~~~~~~~~~
1 error generated.
checked program was:
/* begin */
1: #include "ruby.h"
2: 
3: #include <wctype.h>
4: typedef wctype_t rbcv_typedef_;
5: rbcv_typedef_ *rbcv_ptr_;
6: 
7: /*top*/
8: int conftest_const[(sizeof((*rbcv_ptr_)) < 0) ? 1 : -1];
/* end */

"clang -arch arm64 -I../../../.ext/include/-darwin -I/Users/hiro/Library/Caches/CocoaPods/Pods/External/CRuby/193c1c8340a477e394e63f996e6fccdb/ruby/include -I/Users/hiro/Library/Caches/CocoaPods/Pods/External/CRuby/193c1c8340a477e394e63f996e6fccdb/ruby/ext/rbconfig/sizeof -pipe -Os -isysroot /Applications/Xcode.app/Contents/Developer/Platforms/iPhoneOS.platform/Developer/SDKs/iPhoneOS10.1.sdk -miphoneos-version-min=7.0 -I/Users/hiro/Library/Caches/CocoaPods/Pods/External/CRuby/193c1c8340a477e394e63f996e6fccdb/build/iphoneos_arm64/include -D_XOPEN_SOURCE -D_DARWIN_C_SOURCE -D_DARWIN_UNLIMITED_SELECT -D_REENTRANT   -pipe -Os -isysroot /Applications/Xcode.app/Contents/Developer/Platforms/iPhoneOS.platform/Developer/SDKs/iPhoneOS10.1.sdk -miphoneos-version-min=7.0 -I/Users/hiro/Library/Caches/CocoaPods/Pods/External/CRuby/193c1c8340a477e394e63f996e6fccdb/build/iphoneos_arm64/include -fvisibility=hidden   -c conftest.c"
checked program was:
/* begin */
1: #include "ruby.h"
2: 
3: #include <wctype.h>
4: typedef wctype_t rbcv_typedef_;
5: rbcv_typedef_ *rbcv_ptr_;
6: 
7: /*top*/
8: int conftest_const[(sizeof((*rbcv_ptr_)) > 0) ? 1 : -1];
/* end */

"clang -arch arm64 -I../../../.ext/include/-darwin -I/Users/hiro/Library/Caches/CocoaPods/Pods/External/CRuby/193c1c8340a477e394e63f996e6fccdb/ruby/include -I/Users/hiro/Library/Caches/CocoaPods/Pods/External/CRuby/193c1c8340a477e394e63f996e6fccdb/ruby/ext/rbconfig/sizeof -pipe -Os -isysroot /Applications/Xcode.app/Contents/Developer/Platforms/iPhoneOS.platform/Developer/SDKs/iPhoneOS10.1.sdk -miphoneos-version-min=7.0 -I/Users/hiro/Library/Caches/CocoaPods/Pods/External/CRuby/193c1c8340a477e394e63f996e6fccdb/build/iphoneos_arm64/include -D_XOPEN_SOURCE -D_DARWIN_C_SOURCE -D_DARWIN_UNLIMITED_SELECT -D_REENTRANT   -pipe -Os -isysroot /Applications/Xcode.app/Contents/Developer/Platforms/iPhoneOS.platform/Developer/SDKs/iPhoneOS10.1.sdk -miphoneos-version-min=7.0 -I/Users/hiro/Library/Caches/CocoaPods/Pods/External/CRuby/193c1c8340a477e394e63f996e6fccdb/build/iphoneos_arm64/include -fvisibility=hidden   -c conftest.c"
conftest.c:8:20: error: 'conftest_const' declared as an array with a negative size
int conftest_const[(sizeof((*rbcv_ptr_)) <= 1) ? 1 : -1];
                   ^~~~~~~~~~~~~~~~~~~~~~~~~~~~~~~~~~~~
1 error generated.
checked program was:
/* begin */
1: #include "ruby.h"
2: 
3: #include <wctype.h>
4: typedef wctype_t rbcv_typedef_;
5: rbcv_typedef_ *rbcv_ptr_;
6: 
7: /*top*/
8: int conftest_const[(sizeof((*rbcv_ptr_)) <= 1) ? 1 : -1];
/* end */

"clang -arch arm64 -I../../../.ext/include/-darwin -I/Users/hiro/Library/Caches/CocoaPods/Pods/External/CRuby/193c1c8340a477e394e63f996e6fccdb/ruby/include -I/Users/hiro/Library/Caches/CocoaPods/Pods/External/CRuby/193c1c8340a477e394e63f996e6fccdb/ruby/ext/rbconfig/sizeof -pipe -Os -isysroot /Applications/Xcode.app/Contents/Developer/Platforms/iPhoneOS.platform/Developer/SDKs/iPhoneOS10.1.sdk -miphoneos-version-min=7.0 -I/Users/hiro/Library/Caches/CocoaPods/Pods/External/CRuby/193c1c8340a477e394e63f996e6fccdb/build/iphoneos_arm64/include -D_XOPEN_SOURCE -D_DARWIN_C_SOURCE -D_DARWIN_UNLIMITED_SELECT -D_REENTRANT   -pipe -Os -isysroot /Applications/Xcode.app/Contents/Developer/Platforms/iPhoneOS.platform/Developer/SDKs/iPhoneOS10.1.sdk -miphoneos-version-min=7.0 -I/Users/hiro/Library/Caches/CocoaPods/Pods/External/CRuby/193c1c8340a477e394e63f996e6fccdb/build/iphoneos_arm64/include -fvisibility=hidden   -c conftest.c"
conftest.c:8:20: error: 'conftest_const' declared as an array with a negative size
int conftest_const[(sizeof((*rbcv_ptr_)) <= 2) ? 1 : -1];
                   ^~~~~~~~~~~~~~~~~~~~~~~~~~~~~~~~~~~~
1 error generated.
checked program was:
/* begin */
1: #include "ruby.h"
2: 
3: #include <wctype.h>
4: typedef wctype_t rbcv_typedef_;
5: rbcv_typedef_ *rbcv_ptr_;
6: 
7: /*top*/
8: int conftest_const[(sizeof((*rbcv_ptr_)) <= 2) ? 1 : -1];
/* end */

"clang -arch arm64 -I../../../.ext/include/-darwin -I/Users/hiro/Library/Caches/CocoaPods/Pods/External/CRuby/193c1c8340a477e394e63f996e6fccdb/ruby/include -I/Users/hiro/Library/Caches/CocoaPods/Pods/External/CRuby/193c1c8340a477e394e63f996e6fccdb/ruby/ext/rbconfig/sizeof -pipe -Os -isysroot /Applications/Xcode.app/Contents/Developer/Platforms/iPhoneOS.platform/Developer/SDKs/iPhoneOS10.1.sdk -miphoneos-version-min=7.0 -I/Users/hiro/Library/Caches/CocoaPods/Pods/External/CRuby/193c1c8340a477e394e63f996e6fccdb/build/iphoneos_arm64/include -D_XOPEN_SOURCE -D_DARWIN_C_SOURCE -D_DARWIN_UNLIMITED_SELECT -D_REENTRANT   -pipe -Os -isysroot /Applications/Xcode.app/Contents/Developer/Platforms/iPhoneOS.platform/Developer/SDKs/iPhoneOS10.1.sdk -miphoneos-version-min=7.0 -I/Users/hiro/Library/Caches/CocoaPods/Pods/External/CRuby/193c1c8340a477e394e63f996e6fccdb/build/iphoneos_arm64/include -fvisibility=hidden   -c conftest.c"
checked program was:
/* begin */
1: #include "ruby.h"
2: 
3: #include <wctype.h>
4: typedef wctype_t rbcv_typedef_;
5: rbcv_typedef_ *rbcv_ptr_;
6: 
7: /*top*/
8: int conftest_const[(sizeof((*rbcv_ptr_)) <= 4) ? 1 : -1];
/* end */

"clang -arch arm64 -I../../../.ext/include/-darwin -I/Users/hiro/Library/Caches/CocoaPods/Pods/External/CRuby/193c1c8340a477e394e63f996e6fccdb/ruby/include -I/Users/hiro/Library/Caches/CocoaPods/Pods/External/CRuby/193c1c8340a477e394e63f996e6fccdb/ruby/ext/rbconfig/sizeof -pipe -Os -isysroot /Applications/Xcode.app/Contents/Developer/Platforms/iPhoneOS.platform/Developer/SDKs/iPhoneOS10.1.sdk -miphoneos-version-min=7.0 -I/Users/hiro/Library/Caches/CocoaPods/Pods/External/CRuby/193c1c8340a477e394e63f996e6fccdb/build/iphoneos_arm64/include -D_XOPEN_SOURCE -D_DARWIN_C_SOURCE -D_DARWIN_UNLIMITED_SELECT -D_REENTRANT   -pipe -Os -isysroot /Applications/Xcode.app/Contents/Developer/Platforms/iPhoneOS.platform/Developer/SDKs/iPhoneOS10.1.sdk -miphoneos-version-min=7.0 -I/Users/hiro/Library/Caches/CocoaPods/Pods/External/CRuby/193c1c8340a477e394e63f996e6fccdb/build/iphoneos_arm64/include -fvisibility=hidden   -c conftest.c"
checked program was:
/* begin */
1: #include "ruby.h"
2: 
3: #include <wctype.h>
4: typedef wctype_t rbcv_typedef_;
5: rbcv_typedef_ *rbcv_ptr_;
6: 
7: /*top*/
8: int conftest_const[(sizeof((*rbcv_ptr_)) > 3) ? 1 : -1];
/* end */

--------------------

check_sizeof: checking size of _Bool... -------------------- failed

"clang -arch arm64 -I../../../.ext/include/-darwin -I/Users/hiro/Library/Caches/CocoaPods/Pods/External/CRuby/193c1c8340a477e394e63f996e6fccdb/ruby/include -I/Users/hiro/Library/Caches/CocoaPods/Pods/External/CRuby/193c1c8340a477e394e63f996e6fccdb/ruby/ext/rbconfig/sizeof -pipe -Os -isysroot /Applications/Xcode.app/Contents/Developer/Platforms/iPhoneOS.platform/Developer/SDKs/iPhoneOS10.1.sdk -miphoneos-version-min=7.0 -I/Users/hiro/Library/Caches/CocoaPods/Pods/External/CRuby/193c1c8340a477e394e63f996e6fccdb/build/iphoneos_arm64/include -D_XOPEN_SOURCE -D_DARWIN_C_SOURCE -D_DARWIN_UNLIMITED_SELECT -D_REENTRANT   -pipe -Os -isysroot /Applications/Xcode.app/Contents/Developer/Platforms/iPhoneOS.platform/Developer/SDKs/iPhoneOS10.1.sdk -miphoneos-version-min=7.0 -I/Users/hiro/Library/Caches/CocoaPods/Pods/External/CRuby/193c1c8340a477e394e63f996e6fccdb/build/iphoneos_arm64/include -fvisibility=hidden   -c conftest.c"
conftest.c:7:20: error: 'conftest_const' declared as an array with a negative size
int conftest_const[(sizeof((*rbcv_ptr_)) < 0) ? 1 : -1];
                   ^~~~~~~~~~~~~~~~~~~~~~~~~~~~~~~~~~~
1 error generated.
checked program was:
/* begin */
1: #include "ruby.h"
2: 
3: typedef _Bool rbcv_typedef_;
4: rbcv_typedef_ *rbcv_ptr_;
5: 
6: /*top*/
7: int conftest_const[(sizeof((*rbcv_ptr_)) < 0) ? 1 : -1];
/* end */

"clang -arch arm64 -I../../../.ext/include/-darwin -I/Users/hiro/Library/Caches/CocoaPods/Pods/External/CRuby/193c1c8340a477e394e63f996e6fccdb/ruby/include -I/Users/hiro/Library/Caches/CocoaPods/Pods/External/CRuby/193c1c8340a477e394e63f996e6fccdb/ruby/ext/rbconfig/sizeof -pipe -Os -isysroot /Applications/Xcode.app/Contents/Developer/Platforms/iPhoneOS.platform/Developer/SDKs/iPhoneOS10.1.sdk -miphoneos-version-min=7.0 -I/Users/hiro/Library/Caches/CocoaPods/Pods/External/CRuby/193c1c8340a477e394e63f996e6fccdb/build/iphoneos_arm64/include -D_XOPEN_SOURCE -D_DARWIN_C_SOURCE -D_DARWIN_UNLIMITED_SELECT -D_REENTRANT   -pipe -Os -isysroot /Applications/Xcode.app/Contents/Developer/Platforms/iPhoneOS.platform/Developer/SDKs/iPhoneOS10.1.sdk -miphoneos-version-min=7.0 -I/Users/hiro/Library/Caches/CocoaPods/Pods/External/CRuby/193c1c8340a477e394e63f996e6fccdb/build/iphoneos_arm64/include -fvisibility=hidden   -c conftest.c"
checked program was:
/* begin */
1: #include "ruby.h"
2: 
3: typedef _Bool rbcv_typedef_;
4: rbcv_typedef_ *rbcv_ptr_;
5: 
6: /*top*/
7: int conftest_const[(sizeof((*rbcv_ptr_)) > 0) ? 1 : -1];
/* end */

"clang -arch arm64 -I../../../.ext/include/-darwin -I/Users/hiro/Library/Caches/CocoaPods/Pods/External/CRuby/193c1c8340a477e394e63f996e6fccdb/ruby/include -I/Users/hiro/Library/Caches/CocoaPods/Pods/External/CRuby/193c1c8340a477e394e63f996e6fccdb/ruby/ext/rbconfig/sizeof -pipe -Os -isysroot /Applications/Xcode.app/Contents/Developer/Platforms/iPhoneOS.platform/Developer/SDKs/iPhoneOS10.1.sdk -miphoneos-version-min=7.0 -I/Users/hiro/Library/Caches/CocoaPods/Pods/External/CRuby/193c1c8340a477e394e63f996e6fccdb/build/iphoneos_arm64/include -D_XOPEN_SOURCE -D_DARWIN_C_SOURCE -D_DARWIN_UNLIMITED_SELECT -D_REENTRANT   -pipe -Os -isysroot /Applications/Xcode.app/Contents/Developer/Platforms/iPhoneOS.platform/Developer/SDKs/iPhoneOS10.1.sdk -miphoneos-version-min=7.0 -I/Users/hiro/Library/Caches/CocoaPods/Pods/External/CRuby/193c1c8340a477e394e63f996e6fccdb/build/iphoneos_arm64/include -fvisibility=hidden   -c conftest.c"
checked program was:
/* begin */
1: #include "ruby.h"
2: 
3: typedef _Bool rbcv_typedef_;
4: rbcv_typedef_ *rbcv_ptr_;
5: 
6: /*top*/
7: int conftest_const[(sizeof((*rbcv_ptr_)) <= 1) ? 1 : -1];
/* end */

--------------------

check_sizeof: checking size of long double... -------------------- 8

"clang -arch arm64 -I../../../.ext/include/-darwin -I/Users/hiro/Library/Caches/CocoaPods/Pods/External/CRuby/193c1c8340a477e394e63f996e6fccdb/ruby/include -I/Users/hiro/Library/Caches/CocoaPods/Pods/External/CRuby/193c1c8340a477e394e63f996e6fccdb/ruby/ext/rbconfig/sizeof -pipe -Os -isysroot /Applications/Xcode.app/Contents/Developer/Platforms/iPhoneOS.platform/Developer/SDKs/iPhoneOS10.1.sdk -miphoneos-version-min=7.0 -I/Users/hiro/Library/Caches/CocoaPods/Pods/External/CRuby/193c1c8340a477e394e63f996e6fccdb/build/iphoneos_arm64/include -D_XOPEN_SOURCE -D_DARWIN_C_SOURCE -D_DARWIN_UNLIMITED_SELECT -D_REENTRANT   -pipe -Os -isysroot /Applications/Xcode.app/Contents/Developer/Platforms/iPhoneOS.platform/Developer/SDKs/iPhoneOS10.1.sdk -miphoneos-version-min=7.0 -I/Users/hiro/Library/Caches/CocoaPods/Pods/External/CRuby/193c1c8340a477e394e63f996e6fccdb/build/iphoneos_arm64/include -fvisibility=hidden   -c conftest.c"
conftest.c:7:20: error: 'conftest_const' declared as an array with a negative size
int conftest_const[(sizeof((*rbcv_ptr_)) < 0) ? 1 : -1];
                   ^~~~~~~~~~~~~~~~~~~~~~~~~~~~~~~~~~~
1 error generated.
checked program was:
/* begin */
1: #include "ruby.h"
2: 
3: typedef long double rbcv_typedef_;
4: rbcv_typedef_ *rbcv_ptr_;
5: 
6: /*top*/
7: int conftest_const[(sizeof((*rbcv_ptr_)) < 0) ? 1 : -1];
/* end */

"clang -arch arm64 -I../../../.ext/include/-darwin -I/Users/hiro/Library/Caches/CocoaPods/Pods/External/CRuby/193c1c8340a477e394e63f996e6fccdb/ruby/include -I/Users/hiro/Library/Caches/CocoaPods/Pods/External/CRuby/193c1c8340a477e394e63f996e6fccdb/ruby/ext/rbconfig/sizeof -pipe -Os -isysroot /Applications/Xcode.app/Contents/Developer/Platforms/iPhoneOS.platform/Developer/SDKs/iPhoneOS10.1.sdk -miphoneos-version-min=7.0 -I/Users/hiro/Library/Caches/CocoaPods/Pods/External/CRuby/193c1c8340a477e394e63f996e6fccdb/build/iphoneos_arm64/include -D_XOPEN_SOURCE -D_DARWIN_C_SOURCE -D_DARWIN_UNLIMITED_SELECT -D_REENTRANT   -pipe -Os -isysroot /Applications/Xcode.app/Contents/Developer/Platforms/iPhoneOS.platform/Developer/SDKs/iPhoneOS10.1.sdk -miphoneos-version-min=7.0 -I/Users/hiro/Library/Caches/CocoaPods/Pods/External/CRuby/193c1c8340a477e394e63f996e6fccdb/build/iphoneos_arm64/include -fvisibility=hidden   -c conftest.c"
checked program was:
/* begin */
1: #include "ruby.h"
2: 
3: typedef long double rbcv_typedef_;
4: rbcv_typedef_ *rbcv_ptr_;
5: 
6: /*top*/
7: int conftest_const[(sizeof((*rbcv_ptr_)) > 0) ? 1 : -1];
/* end */

"clang -arch arm64 -I../../../.ext/include/-darwin -I/Users/hiro/Library/Caches/CocoaPods/Pods/External/CRuby/193c1c8340a477e394e63f996e6fccdb/ruby/include -I/Users/hiro/Library/Caches/CocoaPods/Pods/External/CRuby/193c1c8340a477e394e63f996e6fccdb/ruby/ext/rbconfig/sizeof -pipe -Os -isysroot /Applications/Xcode.app/Contents/Developer/Platforms/iPhoneOS.platform/Developer/SDKs/iPhoneOS10.1.sdk -miphoneos-version-min=7.0 -I/Users/hiro/Library/Caches/CocoaPods/Pods/External/CRuby/193c1c8340a477e394e63f996e6fccdb/build/iphoneos_arm64/include -D_XOPEN_SOURCE -D_DARWIN_C_SOURCE -D_DARWIN_UNLIMITED_SELECT -D_REENTRANT   -pipe -Os -isysroot /Applications/Xcode.app/Contents/Developer/Platforms/iPhoneOS.platform/Developer/SDKs/iPhoneOS10.1.sdk -miphoneos-version-min=7.0 -I/Users/hiro/Library/Caches/CocoaPods/Pods/External/CRuby/193c1c8340a477e394e63f996e6fccdb/build/iphoneos_arm64/include -fvisibility=hidden   -c conftest.c"
conftest.c:7:20: error: 'conftest_const' declared as an array with a negative size
int conftest_const[(sizeof((*rbcv_ptr_)) <= 1) ? 1 : -1];
                   ^~~~~~~~~~~~~~~~~~~~~~~~~~~~~~~~~~~~
1 error generated.
checked program was:
/* begin */
1: #include "ruby.h"
2: 
3: typedef long double rbcv_typedef_;
4: rbcv_typedef_ *rbcv_ptr_;
5: 
6: /*top*/
7: int conftest_const[(sizeof((*rbcv_ptr_)) <= 1) ? 1 : -1];
/* end */

"clang -arch arm64 -I../../../.ext/include/-darwin -I/Users/hiro/Library/Caches/CocoaPods/Pods/External/CRuby/193c1c8340a477e394e63f996e6fccdb/ruby/include -I/Users/hiro/Library/Caches/CocoaPods/Pods/External/CRuby/193c1c8340a477e394e63f996e6fccdb/ruby/ext/rbconfig/sizeof -pipe -Os -isysroot /Applications/Xcode.app/Contents/Developer/Platforms/iPhoneOS.platform/Developer/SDKs/iPhoneOS10.1.sdk -miphoneos-version-min=7.0 -I/Users/hiro/Library/Caches/CocoaPods/Pods/External/CRuby/193c1c8340a477e394e63f996e6fccdb/build/iphoneos_arm64/include -D_XOPEN_SOURCE -D_DARWIN_C_SOURCE -D_DARWIN_UNLIMITED_SELECT -D_REENTRANT   -pipe -Os -isysroot /Applications/Xcode.app/Contents/Developer/Platforms/iPhoneOS.platform/Developer/SDKs/iPhoneOS10.1.sdk -miphoneos-version-min=7.0 -I/Users/hiro/Library/Caches/CocoaPods/Pods/External/CRuby/193c1c8340a477e394e63f996e6fccdb/build/iphoneos_arm64/include -fvisibility=hidden   -c conftest.c"
conftest.c:7:20: error: 'conftest_const' declared as an array with a negative size
int conftest_const[(sizeof((*rbcv_ptr_)) <= 2) ? 1 : -1];
                   ^~~~~~~~~~~~~~~~~~~~~~~~~~~~~~~~~~~~
1 error generated.
checked program was:
/* begin */
1: #include "ruby.h"
2: 
3: typedef long double rbcv_typedef_;
4: rbcv_typedef_ *rbcv_ptr_;
5: 
6: /*top*/
7: int conftest_const[(sizeof((*rbcv_ptr_)) <= 2) ? 1 : -1];
/* end */

"clang -arch arm64 -I../../../.ext/include/-darwin -I/Users/hiro/Library/Caches/CocoaPods/Pods/External/CRuby/193c1c8340a477e394e63f996e6fccdb/ruby/include -I/Users/hiro/Library/Caches/CocoaPods/Pods/External/CRuby/193c1c8340a477e394e63f996e6fccdb/ruby/ext/rbconfig/sizeof -pipe -Os -isysroot /Applications/Xcode.app/Contents/Developer/Platforms/iPhoneOS.platform/Developer/SDKs/iPhoneOS10.1.sdk -miphoneos-version-min=7.0 -I/Users/hiro/Library/Caches/CocoaPods/Pods/External/CRuby/193c1c8340a477e394e63f996e6fccdb/build/iphoneos_arm64/include -D_XOPEN_SOURCE -D_DARWIN_C_SOURCE -D_DARWIN_UNLIMITED_SELECT -D_REENTRANT   -pipe -Os -isysroot /Applications/Xcode.app/Contents/Developer/Platforms/iPhoneOS.platform/Developer/SDKs/iPhoneOS10.1.sdk -miphoneos-version-min=7.0 -I/Users/hiro/Library/Caches/CocoaPods/Pods/External/CRuby/193c1c8340a477e394e63f996e6fccdb/build/iphoneos_arm64/include -fvisibility=hidden   -c conftest.c"
conftest.c:7:20: error: 'conftest_const' declared as an array with a negative size
int conftest_const[(sizeof((*rbcv_ptr_)) <= 4) ? 1 : -1];
                   ^~~~~~~~~~~~~~~~~~~~~~~~~~~~~~~~~~~~
1 error generated.
checked program was:
/* begin */
1: #include "ruby.h"
2: 
3: typedef long double rbcv_typedef_;
4: rbcv_typedef_ *rbcv_ptr_;
5: 
6: /*top*/
7: int conftest_const[(sizeof((*rbcv_ptr_)) <= 4) ? 1 : -1];
/* end */

"clang -arch arm64 -I../../../.ext/include/-darwin -I/Users/hiro/Library/Caches/CocoaPods/Pods/External/CRuby/193c1c8340a477e394e63f996e6fccdb/ruby/include -I/Users/hiro/Library/Caches/CocoaPods/Pods/External/CRuby/193c1c8340a477e394e63f996e6fccdb/ruby/ext/rbconfig/sizeof -pipe -Os -isysroot /Applications/Xcode.app/Contents/Developer/Platforms/iPhoneOS.platform/Developer/SDKs/iPhoneOS10.1.sdk -miphoneos-version-min=7.0 -I/Users/hiro/Library/Caches/CocoaPods/Pods/External/CRuby/193c1c8340a477e394e63f996e6fccdb/build/iphoneos_arm64/include -D_XOPEN_SOURCE -D_DARWIN_C_SOURCE -D_DARWIN_UNLIMITED_SELECT -D_REENTRANT   -pipe -Os -isysroot /Applications/Xcode.app/Contents/Developer/Platforms/iPhoneOS.platform/Developer/SDKs/iPhoneOS10.1.sdk -miphoneos-version-min=7.0 -I/Users/hiro/Library/Caches/CocoaPods/Pods/External/CRuby/193c1c8340a477e394e63f996e6fccdb/build/iphoneos_arm64/include -fvisibility=hidden   -c conftest.c"
checked program was:
/* begin */
1: #include "ruby.h"
2: 
3: typedef long double rbcv_typedef_;
4: rbcv_typedef_ *rbcv_ptr_;
5: 
6: /*top*/
7: int conftest_const[(sizeof((*rbcv_ptr_)) <= 8) ? 1 : -1];
/* end */

"clang -arch arm64 -I../../../.ext/include/-darwin -I/Users/hiro/Library/Caches/CocoaPods/Pods/External/CRuby/193c1c8340a477e394e63f996e6fccdb/ruby/include -I/Users/hiro/Library/Caches/CocoaPods/Pods/External/CRuby/193c1c8340a477e394e63f996e6fccdb/ruby/ext/rbconfig/sizeof -pipe -Os -isysroot /Applications/Xcode.app/Contents/Developer/Platforms/iPhoneOS.platform/Developer/SDKs/iPhoneOS10.1.sdk -miphoneos-version-min=7.0 -I/Users/hiro/Library/Caches/CocoaPods/Pods/External/CRuby/193c1c8340a477e394e63f996e6fccdb/build/iphoneos_arm64/include -D_XOPEN_SOURCE -D_DARWIN_C_SOURCE -D_DARWIN_UNLIMITED_SELECT -D_REENTRANT   -pipe -Os -isysroot /Applications/Xcode.app/Contents/Developer/Platforms/iPhoneOS.platform/Developer/SDKs/iPhoneOS10.1.sdk -miphoneos-version-min=7.0 -I/Users/hiro/Library/Caches/CocoaPods/Pods/External/CRuby/193c1c8340a477e394e63f996e6fccdb/build/iphoneos_arm64/include -fvisibility=hidden   -c conftest.c"
checked program was:
/* begin */
1: #include "ruby.h"
2: 
3: typedef long double rbcv_typedef_;
4: rbcv_typedef_ *rbcv_ptr_;
5: 
6: /*top*/
7: int conftest_const[(sizeof((*rbcv_ptr_)) > 6) ? 1 : -1];
/* end */

"clang -arch arm64 -I../../../.ext/include/-darwin -I/Users/hiro/Library/Caches/CocoaPods/Pods/External/CRuby/193c1c8340a477e394e63f996e6fccdb/ruby/include -I/Users/hiro/Library/Caches/CocoaPods/Pods/External/CRuby/193c1c8340a477e394e63f996e6fccdb/ruby/ext/rbconfig/sizeof -pipe -Os -isysroot /Applications/Xcode.app/Contents/Developer/Platforms/iPhoneOS.platform/Developer/SDKs/iPhoneOS10.1.sdk -miphoneos-version-min=7.0 -I/Users/hiro/Library/Caches/CocoaPods/Pods/External/CRuby/193c1c8340a477e394e63f996e6fccdb/build/iphoneos_arm64/include -D_XOPEN_SOURCE -D_DARWIN_C_SOURCE -D_DARWIN_UNLIMITED_SELECT -D_REENTRANT   -pipe -Os -isysroot /Applications/Xcode.app/Contents/Developer/Platforms/iPhoneOS.platform/Developer/SDKs/iPhoneOS10.1.sdk -miphoneos-version-min=7.0 -I/Users/hiro/Library/Caches/CocoaPods/Pods/External/CRuby/193c1c8340a477e394e63f996e6fccdb/build/iphoneos_arm64/include -fvisibility=hidden   -c conftest.c"
checked program was:
/* begin */
1: #include "ruby.h"
2: 
3: typedef long double rbcv_typedef_;
4: rbcv_typedef_ *rbcv_ptr_;
5: 
6: /*top*/
7: int conftest_const[(sizeof((*rbcv_ptr_)) > 7) ? 1 : -1];
/* end */

--------------------

check_sizeof: checking size of float _Complex... -------------------- 8

"clang -arch arm64 -I../../../.ext/include/-darwin -I/Users/hiro/Library/Caches/CocoaPods/Pods/External/CRuby/193c1c8340a477e394e63f996e6fccdb/ruby/include -I/Users/hiro/Library/Caches/CocoaPods/Pods/External/CRuby/193c1c8340a477e394e63f996e6fccdb/ruby/ext/rbconfig/sizeof -pipe -Os -isysroot /Applications/Xcode.app/Contents/Developer/Platforms/iPhoneOS.platform/Developer/SDKs/iPhoneOS10.1.sdk -miphoneos-version-min=7.0 -I/Users/hiro/Library/Caches/CocoaPods/Pods/External/CRuby/193c1c8340a477e394e63f996e6fccdb/build/iphoneos_arm64/include -D_XOPEN_SOURCE -D_DARWIN_C_SOURCE -D_DARWIN_UNLIMITED_SELECT -D_REENTRANT   -pipe -Os -isysroot /Applications/Xcode.app/Contents/Developer/Platforms/iPhoneOS.platform/Developer/SDKs/iPhoneOS10.1.sdk -miphoneos-version-min=7.0 -I/Users/hiro/Library/Caches/CocoaPods/Pods/External/CRuby/193c1c8340a477e394e63f996e6fccdb/build/iphoneos_arm64/include -fvisibility=hidden   -c conftest.c"
conftest.c:7:20: error: 'conftest_const' declared as an array with a negative size
int conftest_const[(sizeof((*rbcv_ptr_)) < 0) ? 1 : -1];
                   ^~~~~~~~~~~~~~~~~~~~~~~~~~~~~~~~~~~
1 error generated.
checked program was:
/* begin */
1: #include "ruby.h"
2: 
3: typedef float _Complex rbcv_typedef_;
4: rbcv_typedef_ *rbcv_ptr_;
5: 
6: /*top*/
7: int conftest_const[(sizeof((*rbcv_ptr_)) < 0) ? 1 : -1];
/* end */

"clang -arch arm64 -I../../../.ext/include/-darwin -I/Users/hiro/Library/Caches/CocoaPods/Pods/External/CRuby/193c1c8340a477e394e63f996e6fccdb/ruby/include -I/Users/hiro/Library/Caches/CocoaPods/Pods/External/CRuby/193c1c8340a477e394e63f996e6fccdb/ruby/ext/rbconfig/sizeof -pipe -Os -isysroot /Applications/Xcode.app/Contents/Developer/Platforms/iPhoneOS.platform/Developer/SDKs/iPhoneOS10.1.sdk -miphoneos-version-min=7.0 -I/Users/hiro/Library/Caches/CocoaPods/Pods/External/CRuby/193c1c8340a477e394e63f996e6fccdb/build/iphoneos_arm64/include -D_XOPEN_SOURCE -D_DARWIN_C_SOURCE -D_DARWIN_UNLIMITED_SELECT -D_REENTRANT   -pipe -Os -isysroot /Applications/Xcode.app/Contents/Developer/Platforms/iPhoneOS.platform/Developer/SDKs/iPhoneOS10.1.sdk -miphoneos-version-min=7.0 -I/Users/hiro/Library/Caches/CocoaPods/Pods/External/CRuby/193c1c8340a477e394e63f996e6fccdb/build/iphoneos_arm64/include -fvisibility=hidden   -c conftest.c"
checked program was:
/* begin */
1: #include "ruby.h"
2: 
3: typedef float _Complex rbcv_typedef_;
4: rbcv_typedef_ *rbcv_ptr_;
5: 
6: /*top*/
7: int conftest_const[(sizeof((*rbcv_ptr_)) > 0) ? 1 : -1];
/* end */

"clang -arch arm64 -I../../../.ext/include/-darwin -I/Users/hiro/Library/Caches/CocoaPods/Pods/External/CRuby/193c1c8340a477e394e63f996e6fccdb/ruby/include -I/Users/hiro/Library/Caches/CocoaPods/Pods/External/CRuby/193c1c8340a477e394e63f996e6fccdb/ruby/ext/rbconfig/sizeof -pipe -Os -isysroot /Applications/Xcode.app/Contents/Developer/Platforms/iPhoneOS.platform/Developer/SDKs/iPhoneOS10.1.sdk -miphoneos-version-min=7.0 -I/Users/hiro/Library/Caches/CocoaPods/Pods/External/CRuby/193c1c8340a477e394e63f996e6fccdb/build/iphoneos_arm64/include -D_XOPEN_SOURCE -D_DARWIN_C_SOURCE -D_DARWIN_UNLIMITED_SELECT -D_REENTRANT   -pipe -Os -isysroot /Applications/Xcode.app/Contents/Developer/Platforms/iPhoneOS.platform/Developer/SDKs/iPhoneOS10.1.sdk -miphoneos-version-min=7.0 -I/Users/hiro/Library/Caches/CocoaPods/Pods/External/CRuby/193c1c8340a477e394e63f996e6fccdb/build/iphoneos_arm64/include -fvisibility=hidden   -c conftest.c"
conftest.c:7:20: error: 'conftest_const' declared as an array with a negative size
int conftest_const[(sizeof((*rbcv_ptr_)) <= 1) ? 1 : -1];
                   ^~~~~~~~~~~~~~~~~~~~~~~~~~~~~~~~~~~~
1 error generated.
checked program was:
/* begin */
1: #include "ruby.h"
2: 
3: typedef float _Complex rbcv_typedef_;
4: rbcv_typedef_ *rbcv_ptr_;
5: 
6: /*top*/
7: int conftest_const[(sizeof((*rbcv_ptr_)) <= 1) ? 1 : -1];
/* end */

"clang -arch arm64 -I../../../.ext/include/-darwin -I/Users/hiro/Library/Caches/CocoaPods/Pods/External/CRuby/193c1c8340a477e394e63f996e6fccdb/ruby/include -I/Users/hiro/Library/Caches/CocoaPods/Pods/External/CRuby/193c1c8340a477e394e63f996e6fccdb/ruby/ext/rbconfig/sizeof -pipe -Os -isysroot /Applications/Xcode.app/Contents/Developer/Platforms/iPhoneOS.platform/Developer/SDKs/iPhoneOS10.1.sdk -miphoneos-version-min=7.0 -I/Users/hiro/Library/Caches/CocoaPods/Pods/External/CRuby/193c1c8340a477e394e63f996e6fccdb/build/iphoneos_arm64/include -D_XOPEN_SOURCE -D_DARWIN_C_SOURCE -D_DARWIN_UNLIMITED_SELECT -D_REENTRANT   -pipe -Os -isysroot /Applications/Xcode.app/Contents/Developer/Platforms/iPhoneOS.platform/Developer/SDKs/iPhoneOS10.1.sdk -miphoneos-version-min=7.0 -I/Users/hiro/Library/Caches/CocoaPods/Pods/External/CRuby/193c1c8340a477e394e63f996e6fccdb/build/iphoneos_arm64/include -fvisibility=hidden   -c conftest.c"
conftest.c:7:20: error: 'conftest_const' declared as an array with a negative size
int conftest_const[(sizeof((*rbcv_ptr_)) <= 2) ? 1 : -1];
                   ^~~~~~~~~~~~~~~~~~~~~~~~~~~~~~~~~~~~
1 error generated.
checked program was:
/* begin */
1: #include "ruby.h"
2: 
3: typedef float _Complex rbcv_typedef_;
4: rbcv_typedef_ *rbcv_ptr_;
5: 
6: /*top*/
7: int conftest_const[(sizeof((*rbcv_ptr_)) <= 2) ? 1 : -1];
/* end */

"clang -arch arm64 -I../../../.ext/include/-darwin -I/Users/hiro/Library/Caches/CocoaPods/Pods/External/CRuby/193c1c8340a477e394e63f996e6fccdb/ruby/include -I/Users/hiro/Library/Caches/CocoaPods/Pods/External/CRuby/193c1c8340a477e394e63f996e6fccdb/ruby/ext/rbconfig/sizeof -pipe -Os -isysroot /Applications/Xcode.app/Contents/Developer/Platforms/iPhoneOS.platform/Developer/SDKs/iPhoneOS10.1.sdk -miphoneos-version-min=7.0 -I/Users/hiro/Library/Caches/CocoaPods/Pods/External/CRuby/193c1c8340a477e394e63f996e6fccdb/build/iphoneos_arm64/include -D_XOPEN_SOURCE -D_DARWIN_C_SOURCE -D_DARWIN_UNLIMITED_SELECT -D_REENTRANT   -pipe -Os -isysroot /Applications/Xcode.app/Contents/Developer/Platforms/iPhoneOS.platform/Developer/SDKs/iPhoneOS10.1.sdk -miphoneos-version-min=7.0 -I/Users/hiro/Library/Caches/CocoaPods/Pods/External/CRuby/193c1c8340a477e394e63f996e6fccdb/build/iphoneos_arm64/include -fvisibility=hidden   -c conftest.c"
conftest.c:7:20: error: 'conftest_const' declared as an array with a negative size
int conftest_const[(sizeof((*rbcv_ptr_)) <= 4) ? 1 : -1];
                   ^~~~~~~~~~~~~~~~~~~~~~~~~~~~~~~~~~~~
1 error generated.
checked program was:
/* begin */
1: #include "ruby.h"
2: 
3: typedef float _Complex rbcv_typedef_;
4: rbcv_typedef_ *rbcv_ptr_;
5: 
6: /*top*/
7: int conftest_const[(sizeof((*rbcv_ptr_)) <= 4) ? 1 : -1];
/* end */

"clang -arch arm64 -I../../../.ext/include/-darwin -I/Users/hiro/Library/Caches/CocoaPods/Pods/External/CRuby/193c1c8340a477e394e63f996e6fccdb/ruby/include -I/Users/hiro/Library/Caches/CocoaPods/Pods/External/CRuby/193c1c8340a477e394e63f996e6fccdb/ruby/ext/rbconfig/sizeof -pipe -Os -isysroot /Applications/Xcode.app/Contents/Developer/Platforms/iPhoneOS.platform/Developer/SDKs/iPhoneOS10.1.sdk -miphoneos-version-min=7.0 -I/Users/hiro/Library/Caches/CocoaPods/Pods/External/CRuby/193c1c8340a477e394e63f996e6fccdb/build/iphoneos_arm64/include -D_XOPEN_SOURCE -D_DARWIN_C_SOURCE -D_DARWIN_UNLIMITED_SELECT -D_REENTRANT   -pipe -Os -isysroot /Applications/Xcode.app/Contents/Developer/Platforms/iPhoneOS.platform/Developer/SDKs/iPhoneOS10.1.sdk -miphoneos-version-min=7.0 -I/Users/hiro/Library/Caches/CocoaPods/Pods/External/CRuby/193c1c8340a477e394e63f996e6fccdb/build/iphoneos_arm64/include -fvisibility=hidden   -c conftest.c"
checked program was:
/* begin */
1: #include "ruby.h"
2: 
3: typedef float _Complex rbcv_typedef_;
4: rbcv_typedef_ *rbcv_ptr_;
5: 
6: /*top*/
7: int conftest_const[(sizeof((*rbcv_ptr_)) <= 8) ? 1 : -1];
/* end */

"clang -arch arm64 -I../../../.ext/include/-darwin -I/Users/hiro/Library/Caches/CocoaPods/Pods/External/CRuby/193c1c8340a477e394e63f996e6fccdb/ruby/include -I/Users/hiro/Library/Caches/CocoaPods/Pods/External/CRuby/193c1c8340a477e394e63f996e6fccdb/ruby/ext/rbconfig/sizeof -pipe -Os -isysroot /Applications/Xcode.app/Contents/Developer/Platforms/iPhoneOS.platform/Developer/SDKs/iPhoneOS10.1.sdk -miphoneos-version-min=7.0 -I/Users/hiro/Library/Caches/CocoaPods/Pods/External/CRuby/193c1c8340a477e394e63f996e6fccdb/build/iphoneos_arm64/include -D_XOPEN_SOURCE -D_DARWIN_C_SOURCE -D_DARWIN_UNLIMITED_SELECT -D_REENTRANT   -pipe -Os -isysroot /Applications/Xcode.app/Contents/Developer/Platforms/iPhoneOS.platform/Developer/SDKs/iPhoneOS10.1.sdk -miphoneos-version-min=7.0 -I/Users/hiro/Library/Caches/CocoaPods/Pods/External/CRuby/193c1c8340a477e394e63f996e6fccdb/build/iphoneos_arm64/include -fvisibility=hidden   -c conftest.c"
checked program was:
/* begin */
1: #include "ruby.h"
2: 
3: typedef float _Complex rbcv_typedef_;
4: rbcv_typedef_ *rbcv_ptr_;
5: 
6: /*top*/
7: int conftest_const[(sizeof((*rbcv_ptr_)) > 6) ? 1 : -1];
/* end */

"clang -arch arm64 -I../../../.ext/include/-darwin -I/Users/hiro/Library/Caches/CocoaPods/Pods/External/CRuby/193c1c8340a477e394e63f996e6fccdb/ruby/include -I/Users/hiro/Library/Caches/CocoaPods/Pods/External/CRuby/193c1c8340a477e394e63f996e6fccdb/ruby/ext/rbconfig/sizeof -pipe -Os -isysroot /Applications/Xcode.app/Contents/Developer/Platforms/iPhoneOS.platform/Developer/SDKs/iPhoneOS10.1.sdk -miphoneos-version-min=7.0 -I/Users/hiro/Library/Caches/CocoaPods/Pods/External/CRuby/193c1c8340a477e394e63f996e6fccdb/build/iphoneos_arm64/include -D_XOPEN_SOURCE -D_DARWIN_C_SOURCE -D_DARWIN_UNLIMITED_SELECT -D_REENTRANT   -pipe -Os -isysroot /Applications/Xcode.app/Contents/Developer/Platforms/iPhoneOS.platform/Developer/SDKs/iPhoneOS10.1.sdk -miphoneos-version-min=7.0 -I/Users/hiro/Library/Caches/CocoaPods/Pods/External/CRuby/193c1c8340a477e394e63f996e6fccdb/build/iphoneos_arm64/include -fvisibility=hidden   -c conftest.c"
checked program was:
/* begin */
1: #include "ruby.h"
2: 
3: typedef float _Complex rbcv_typedef_;
4: rbcv_typedef_ *rbcv_ptr_;
5: 
6: /*top*/
7: int conftest_const[(sizeof((*rbcv_ptr_)) > 7) ? 1 : -1];
/* end */

--------------------

check_sizeof: checking size of double _Complex... -------------------- 16

"clang -arch arm64 -I../../../.ext/include/-darwin -I/Users/hiro/Library/Caches/CocoaPods/Pods/External/CRuby/193c1c8340a477e394e63f996e6fccdb/ruby/include -I/Users/hiro/Library/Caches/CocoaPods/Pods/External/CRuby/193c1c8340a477e394e63f996e6fccdb/ruby/ext/rbconfig/sizeof -pipe -Os -isysroot /Applications/Xcode.app/Contents/Developer/Platforms/iPhoneOS.platform/Developer/SDKs/iPhoneOS10.1.sdk -miphoneos-version-min=7.0 -I/Users/hiro/Library/Caches/CocoaPods/Pods/External/CRuby/193c1c8340a477e394e63f996e6fccdb/build/iphoneos_arm64/include -D_XOPEN_SOURCE -D_DARWIN_C_SOURCE -D_DARWIN_UNLIMITED_SELECT -D_REENTRANT   -pipe -Os -isysroot /Applications/Xcode.app/Contents/Developer/Platforms/iPhoneOS.platform/Developer/SDKs/iPhoneOS10.1.sdk -miphoneos-version-min=7.0 -I/Users/hiro/Library/Caches/CocoaPods/Pods/External/CRuby/193c1c8340a477e394e63f996e6fccdb/build/iphoneos_arm64/include -fvisibility=hidden   -c conftest.c"
conftest.c:7:20: error: 'conftest_const' declared as an array with a negative size
int conftest_const[(sizeof((*rbcv_ptr_)) < 0) ? 1 : -1];
                   ^~~~~~~~~~~~~~~~~~~~~~~~~~~~~~~~~~~
1 error generated.
checked program was:
/* begin */
1: #include "ruby.h"
2: 
3: typedef double _Complex rbcv_typedef_;
4: rbcv_typedef_ *rbcv_ptr_;
5: 
6: /*top*/
7: int conftest_const[(sizeof((*rbcv_ptr_)) < 0) ? 1 : -1];
/* end */

"clang -arch arm64 -I../../../.ext/include/-darwin -I/Users/hiro/Library/Caches/CocoaPods/Pods/External/CRuby/193c1c8340a477e394e63f996e6fccdb/ruby/include -I/Users/hiro/Library/Caches/CocoaPods/Pods/External/CRuby/193c1c8340a477e394e63f996e6fccdb/ruby/ext/rbconfig/sizeof -pipe -Os -isysroot /Applications/Xcode.app/Contents/Developer/Platforms/iPhoneOS.platform/Developer/SDKs/iPhoneOS10.1.sdk -miphoneos-version-min=7.0 -I/Users/hiro/Library/Caches/CocoaPods/Pods/External/CRuby/193c1c8340a477e394e63f996e6fccdb/build/iphoneos_arm64/include -D_XOPEN_SOURCE -D_DARWIN_C_SOURCE -D_DARWIN_UNLIMITED_SELECT -D_REENTRANT   -pipe -Os -isysroot /Applications/Xcode.app/Contents/Developer/Platforms/iPhoneOS.platform/Developer/SDKs/iPhoneOS10.1.sdk -miphoneos-version-min=7.0 -I/Users/hiro/Library/Caches/CocoaPods/Pods/External/CRuby/193c1c8340a477e394e63f996e6fccdb/build/iphoneos_arm64/include -fvisibility=hidden   -c conftest.c"
checked program was:
/* begin */
1: #include "ruby.h"
2: 
3: typedef double _Complex rbcv_typedef_;
4: rbcv_typedef_ *rbcv_ptr_;
5: 
6: /*top*/
7: int conftest_const[(sizeof((*rbcv_ptr_)) > 0) ? 1 : -1];
/* end */

"clang -arch arm64 -I../../../.ext/include/-darwin -I/Users/hiro/Library/Caches/CocoaPods/Pods/External/CRuby/193c1c8340a477e394e63f996e6fccdb/ruby/include -I/Users/hiro/Library/Caches/CocoaPods/Pods/External/CRuby/193c1c8340a477e394e63f996e6fccdb/ruby/ext/rbconfig/sizeof -pipe -Os -isysroot /Applications/Xcode.app/Contents/Developer/Platforms/iPhoneOS.platform/Developer/SDKs/iPhoneOS10.1.sdk -miphoneos-version-min=7.0 -I/Users/hiro/Library/Caches/CocoaPods/Pods/External/CRuby/193c1c8340a477e394e63f996e6fccdb/build/iphoneos_arm64/include -D_XOPEN_SOURCE -D_DARWIN_C_SOURCE -D_DARWIN_UNLIMITED_SELECT -D_REENTRANT   -pipe -Os -isysroot /Applications/Xcode.app/Contents/Developer/Platforms/iPhoneOS.platform/Developer/SDKs/iPhoneOS10.1.sdk -miphoneos-version-min=7.0 -I/Users/hiro/Library/Caches/CocoaPods/Pods/External/CRuby/193c1c8340a477e394e63f996e6fccdb/build/iphoneos_arm64/include -fvisibility=hidden   -c conftest.c"
conftest.c:7:20: error: 'conftest_const' declared as an array with a negative size
int conftest_const[(sizeof((*rbcv_ptr_)) <= 1) ? 1 : -1];
                   ^~~~~~~~~~~~~~~~~~~~~~~~~~~~~~~~~~~~
1 error generated.
checked program was:
/* begin */
1: #include "ruby.h"
2: 
3: typedef double _Complex rbcv_typedef_;
4: rbcv_typedef_ *rbcv_ptr_;
5: 
6: /*top*/
7: int conftest_const[(sizeof((*rbcv_ptr_)) <= 1) ? 1 : -1];
/* end */

"clang -arch arm64 -I../../../.ext/include/-darwin -I/Users/hiro/Library/Caches/CocoaPods/Pods/External/CRuby/193c1c8340a477e394e63f996e6fccdb/ruby/include -I/Users/hiro/Library/Caches/CocoaPods/Pods/External/CRuby/193c1c8340a477e394e63f996e6fccdb/ruby/ext/rbconfig/sizeof -pipe -Os -isysroot /Applications/Xcode.app/Contents/Developer/Platforms/iPhoneOS.platform/Developer/SDKs/iPhoneOS10.1.sdk -miphoneos-version-min=7.0 -I/Users/hiro/Library/Caches/CocoaPods/Pods/External/CRuby/193c1c8340a477e394e63f996e6fccdb/build/iphoneos_arm64/include -D_XOPEN_SOURCE -D_DARWIN_C_SOURCE -D_DARWIN_UNLIMITED_SELECT -D_REENTRANT   -pipe -Os -isysroot /Applications/Xcode.app/Contents/Developer/Platforms/iPhoneOS.platform/Developer/SDKs/iPhoneOS10.1.sdk -miphoneos-version-min=7.0 -I/Users/hiro/Library/Caches/CocoaPods/Pods/External/CRuby/193c1c8340a477e394e63f996e6fccdb/build/iphoneos_arm64/include -fvisibility=hidden   -c conftest.c"
conftest.c:7:20: error: 'conftest_const' declared as an array with a negative size
int conftest_const[(sizeof((*rbcv_ptr_)) <= 2) ? 1 : -1];
                   ^~~~~~~~~~~~~~~~~~~~~~~~~~~~~~~~~~~~
1 error generated.
checked program was:
/* begin */
1: #include "ruby.h"
2: 
3: typedef double _Complex rbcv_typedef_;
4: rbcv_typedef_ *rbcv_ptr_;
5: 
6: /*top*/
7: int conftest_const[(sizeof((*rbcv_ptr_)) <= 2) ? 1 : -1];
/* end */

"clang -arch arm64 -I../../../.ext/include/-darwin -I/Users/hiro/Library/Caches/CocoaPods/Pods/External/CRuby/193c1c8340a477e394e63f996e6fccdb/ruby/include -I/Users/hiro/Library/Caches/CocoaPods/Pods/External/CRuby/193c1c8340a477e394e63f996e6fccdb/ruby/ext/rbconfig/sizeof -pipe -Os -isysroot /Applications/Xcode.app/Contents/Developer/Platforms/iPhoneOS.platform/Developer/SDKs/iPhoneOS10.1.sdk -miphoneos-version-min=7.0 -I/Users/hiro/Library/Caches/CocoaPods/Pods/External/CRuby/193c1c8340a477e394e63f996e6fccdb/build/iphoneos_arm64/include -D_XOPEN_SOURCE -D_DARWIN_C_SOURCE -D_DARWIN_UNLIMITED_SELECT -D_REENTRANT   -pipe -Os -isysroot /Applications/Xcode.app/Contents/Developer/Platforms/iPhoneOS.platform/Developer/SDKs/iPhoneOS10.1.sdk -miphoneos-version-min=7.0 -I/Users/hiro/Library/Caches/CocoaPods/Pods/External/CRuby/193c1c8340a477e394e63f996e6fccdb/build/iphoneos_arm64/include -fvisibility=hidden   -c conftest.c"
conftest.c:7:20: error: 'conftest_const' declared as an array with a negative size
int conftest_const[(sizeof((*rbcv_ptr_)) <= 4) ? 1 : -1];
                   ^~~~~~~~~~~~~~~~~~~~~~~~~~~~~~~~~~~~
1 error generated.
checked program was:
/* begin */
1: #include "ruby.h"
2: 
3: typedef double _Complex rbcv_typedef_;
4: rbcv_typedef_ *rbcv_ptr_;
5: 
6: /*top*/
7: int conftest_const[(sizeof((*rbcv_ptr_)) <= 4) ? 1 : -1];
/* end */

"clang -arch arm64 -I../../../.ext/include/-darwin -I/Users/hiro/Library/Caches/CocoaPods/Pods/External/CRuby/193c1c8340a477e394e63f996e6fccdb/ruby/include -I/Users/hiro/Library/Caches/CocoaPods/Pods/External/CRuby/193c1c8340a477e394e63f996e6fccdb/ruby/ext/rbconfig/sizeof -pipe -Os -isysroot /Applications/Xcode.app/Contents/Developer/Platforms/iPhoneOS.platform/Developer/SDKs/iPhoneOS10.1.sdk -miphoneos-version-min=7.0 -I/Users/hiro/Library/Caches/CocoaPods/Pods/External/CRuby/193c1c8340a477e394e63f996e6fccdb/build/iphoneos_arm64/include -D_XOPEN_SOURCE -D_DARWIN_C_SOURCE -D_DARWIN_UNLIMITED_SELECT -D_REENTRANT   -pipe -Os -isysroot /Applications/Xcode.app/Contents/Developer/Platforms/iPhoneOS.platform/Developer/SDKs/iPhoneOS10.1.sdk -miphoneos-version-min=7.0 -I/Users/hiro/Library/Caches/CocoaPods/Pods/External/CRuby/193c1c8340a477e394e63f996e6fccdb/build/iphoneos_arm64/include -fvisibility=hidden   -c conftest.c"
conftest.c:7:20: error: 'conftest_const' declared as an array with a negative size
int conftest_const[(sizeof((*rbcv_ptr_)) <= 8) ? 1 : -1];
                   ^~~~~~~~~~~~~~~~~~~~~~~~~~~~~~~~~~~~
1 error generated.
checked program was:
/* begin */
1: #include "ruby.h"
2: 
3: typedef double _Complex rbcv_typedef_;
4: rbcv_typedef_ *rbcv_ptr_;
5: 
6: /*top*/
7: int conftest_const[(sizeof((*rbcv_ptr_)) <= 8) ? 1 : -1];
/* end */

"clang -arch arm64 -I../../../.ext/include/-darwin -I/Users/hiro/Library/Caches/CocoaPods/Pods/External/CRuby/193c1c8340a477e394e63f996e6fccdb/ruby/include -I/Users/hiro/Library/Caches/CocoaPods/Pods/External/CRuby/193c1c8340a477e394e63f996e6fccdb/ruby/ext/rbconfig/sizeof -pipe -Os -isysroot /Applications/Xcode.app/Contents/Developer/Platforms/iPhoneOS.platform/Developer/SDKs/iPhoneOS10.1.sdk -miphoneos-version-min=7.0 -I/Users/hiro/Library/Caches/CocoaPods/Pods/External/CRuby/193c1c8340a477e394e63f996e6fccdb/build/iphoneos_arm64/include -D_XOPEN_SOURCE -D_DARWIN_C_SOURCE -D_DARWIN_UNLIMITED_SELECT -D_REENTRANT   -pipe -Os -isysroot /Applications/Xcode.app/Contents/Developer/Platforms/iPhoneOS.platform/Developer/SDKs/iPhoneOS10.1.sdk -miphoneos-version-min=7.0 -I/Users/hiro/Library/Caches/CocoaPods/Pods/External/CRuby/193c1c8340a477e394e63f996e6fccdb/build/iphoneos_arm64/include -fvisibility=hidden   -c conftest.c"
checked program was:
/* begin */
1: #include "ruby.h"
2: 
3: typedef double _Complex rbcv_typedef_;
4: rbcv_typedef_ *rbcv_ptr_;
5: 
6: /*top*/
7: int conftest_const[(sizeof((*rbcv_ptr_)) <= 16) ? 1 : -1];
/* end */

"clang -arch arm64 -I../../../.ext/include/-darwin -I/Users/hiro/Library/Caches/CocoaPods/Pods/External/CRuby/193c1c8340a477e394e63f996e6fccdb/ruby/include -I/Users/hiro/Library/Caches/CocoaPods/Pods/External/CRuby/193c1c8340a477e394e63f996e6fccdb/ruby/ext/rbconfig/sizeof -pipe -Os -isysroot /Applications/Xcode.app/Contents/Developer/Platforms/iPhoneOS.platform/Developer/SDKs/iPhoneOS10.1.sdk -miphoneos-version-min=7.0 -I/Users/hiro/Library/Caches/CocoaPods/Pods/External/CRuby/193c1c8340a477e394e63f996e6fccdb/build/iphoneos_arm64/include -D_XOPEN_SOURCE -D_DARWIN_C_SOURCE -D_DARWIN_UNLIMITED_SELECT -D_REENTRANT   -pipe -Os -isysroot /Applications/Xcode.app/Contents/Developer/Platforms/iPhoneOS.platform/Developer/SDKs/iPhoneOS10.1.sdk -miphoneos-version-min=7.0 -I/Users/hiro/Library/Caches/CocoaPods/Pods/External/CRuby/193c1c8340a477e394e63f996e6fccdb/build/iphoneos_arm64/include -fvisibility=hidden   -c conftest.c"
checked program was:
/* begin */
1: #include "ruby.h"
2: 
3: typedef double _Complex rbcv_typedef_;
4: rbcv_typedef_ *rbcv_ptr_;
5: 
6: /*top*/
7: int conftest_const[(sizeof((*rbcv_ptr_)) > 12) ? 1 : -1];
/* end */

"clang -arch arm64 -I../../../.ext/include/-darwin -I/Users/hiro/Library/Caches/CocoaPods/Pods/External/CRuby/193c1c8340a477e394e63f996e6fccdb/ruby/include -I/Users/hiro/Library/Caches/CocoaPods/Pods/External/CRuby/193c1c8340a477e394e63f996e6fccdb/ruby/ext/rbconfig/sizeof -pipe -Os -isysroot /Applications/Xcode.app/Contents/Developer/Platforms/iPhoneOS.platform/Developer/SDKs/iPhoneOS10.1.sdk -miphoneos-version-min=7.0 -I/Users/hiro/Library/Caches/CocoaPods/Pods/External/CRuby/193c1c8340a477e394e63f996e6fccdb/build/iphoneos_arm64/include -D_XOPEN_SOURCE -D_DARWIN_C_SOURCE -D_DARWIN_UNLIMITED_SELECT -D_REENTRANT   -pipe -Os -isysroot /Applications/Xcode.app/Contents/Developer/Platforms/iPhoneOS.platform/Developer/SDKs/iPhoneOS10.1.sdk -miphoneos-version-min=7.0 -I/Users/hiro/Library/Caches/CocoaPods/Pods/External/CRuby/193c1c8340a477e394e63f996e6fccdb/build/iphoneos_arm64/include -fvisibility=hidden   -c conftest.c"
checked program was:
/* begin */
1: #include "ruby.h"
2: 
3: typedef double _Complex rbcv_typedef_;
4: rbcv_typedef_ *rbcv_ptr_;
5: 
6: /*top*/
7: int conftest_const[(sizeof((*rbcv_ptr_)) > 14) ? 1 : -1];
/* end */

"clang -arch arm64 -I../../../.ext/include/-darwin -I/Users/hiro/Library/Caches/CocoaPods/Pods/External/CRuby/193c1c8340a477e394e63f996e6fccdb/ruby/include -I/Users/hiro/Library/Caches/CocoaPods/Pods/External/CRuby/193c1c8340a477e394e63f996e6fccdb/ruby/ext/rbconfig/sizeof -pipe -Os -isysroot /Applications/Xcode.app/Contents/Developer/Platforms/iPhoneOS.platform/Developer/SDKs/iPhoneOS10.1.sdk -miphoneos-version-min=7.0 -I/Users/hiro/Library/Caches/CocoaPods/Pods/External/CRuby/193c1c8340a477e394e63f996e6fccdb/build/iphoneos_arm64/include -D_XOPEN_SOURCE -D_DARWIN_C_SOURCE -D_DARWIN_UNLIMITED_SELECT -D_REENTRANT   -pipe -Os -isysroot /Applications/Xcode.app/Contents/Developer/Platforms/iPhoneOS.platform/Developer/SDKs/iPhoneOS10.1.sdk -miphoneos-version-min=7.0 -I/Users/hiro/Library/Caches/CocoaPods/Pods/External/CRuby/193c1c8340a477e394e63f996e6fccdb/build/iphoneos_arm64/include -fvisibility=hidden   -c conftest.c"
checked program was:
/* begin */
1: #include "ruby.h"
2: 
3: typedef double _Complex rbcv_typedef_;
4: rbcv_typedef_ *rbcv_ptr_;
5: 
6: /*top*/
7: int conftest_const[(sizeof((*rbcv_ptr_)) > 15) ? 1 : -1];
/* end */

--------------------

check_sizeof: checking size of long double _Complex... -------------------- 16

"clang -arch arm64 -I../../../.ext/include/-darwin -I/Users/hiro/Library/Caches/CocoaPods/Pods/External/CRuby/193c1c8340a477e394e63f996e6fccdb/ruby/include -I/Users/hiro/Library/Caches/CocoaPods/Pods/External/CRuby/193c1c8340a477e394e63f996e6fccdb/ruby/ext/rbconfig/sizeof -pipe -Os -isysroot /Applications/Xcode.app/Contents/Developer/Platforms/iPhoneOS.platform/Developer/SDKs/iPhoneOS10.1.sdk -miphoneos-version-min=7.0 -I/Users/hiro/Library/Caches/CocoaPods/Pods/External/CRuby/193c1c8340a477e394e63f996e6fccdb/build/iphoneos_arm64/include -D_XOPEN_SOURCE -D_DARWIN_C_SOURCE -D_DARWIN_UNLIMITED_SELECT -D_REENTRANT   -pipe -Os -isysroot /Applications/Xcode.app/Contents/Developer/Platforms/iPhoneOS.platform/Developer/SDKs/iPhoneOS10.1.sdk -miphoneos-version-min=7.0 -I/Users/hiro/Library/Caches/CocoaPods/Pods/External/CRuby/193c1c8340a477e394e63f996e6fccdb/build/iphoneos_arm64/include -fvisibility=hidden   -c conftest.c"
conftest.c:7:20: error: 'conftest_const' declared as an array with a negative size
int conftest_const[(sizeof((*rbcv_ptr_)) < 0) ? 1 : -1];
                   ^~~~~~~~~~~~~~~~~~~~~~~~~~~~~~~~~~~
1 error generated.
checked program was:
/* begin */
1: #include "ruby.h"
2: 
3: typedef long double _Complex rbcv_typedef_;
4: rbcv_typedef_ *rbcv_ptr_;
5: 
6: /*top*/
7: int conftest_const[(sizeof((*rbcv_ptr_)) < 0) ? 1 : -1];
/* end */

"clang -arch arm64 -I../../../.ext/include/-darwin -I/Users/hiro/Library/Caches/CocoaPods/Pods/External/CRuby/193c1c8340a477e394e63f996e6fccdb/ruby/include -I/Users/hiro/Library/Caches/CocoaPods/Pods/External/CRuby/193c1c8340a477e394e63f996e6fccdb/ruby/ext/rbconfig/sizeof -pipe -Os -isysroot /Applications/Xcode.app/Contents/Developer/Platforms/iPhoneOS.platform/Developer/SDKs/iPhoneOS10.1.sdk -miphoneos-version-min=7.0 -I/Users/hiro/Library/Caches/CocoaPods/Pods/External/CRuby/193c1c8340a477e394e63f996e6fccdb/build/iphoneos_arm64/include -D_XOPEN_SOURCE -D_DARWIN_C_SOURCE -D_DARWIN_UNLIMITED_SELECT -D_REENTRANT   -pipe -Os -isysroot /Applications/Xcode.app/Contents/Developer/Platforms/iPhoneOS.platform/Developer/SDKs/iPhoneOS10.1.sdk -miphoneos-version-min=7.0 -I/Users/hiro/Library/Caches/CocoaPods/Pods/External/CRuby/193c1c8340a477e394e63f996e6fccdb/build/iphoneos_arm64/include -fvisibility=hidden   -c conftest.c"
checked program was:
/* begin */
1: #include "ruby.h"
2: 
3: typedef long double _Complex rbcv_typedef_;
4: rbcv_typedef_ *rbcv_ptr_;
5: 
6: /*top*/
7: int conftest_const[(sizeof((*rbcv_ptr_)) > 0) ? 1 : -1];
/* end */

"clang -arch arm64 -I../../../.ext/include/-darwin -I/Users/hiro/Library/Caches/CocoaPods/Pods/External/CRuby/193c1c8340a477e394e63f996e6fccdb/ruby/include -I/Users/hiro/Library/Caches/CocoaPods/Pods/External/CRuby/193c1c8340a477e394e63f996e6fccdb/ruby/ext/rbconfig/sizeof -pipe -Os -isysroot /Applications/Xcode.app/Contents/Developer/Platforms/iPhoneOS.platform/Developer/SDKs/iPhoneOS10.1.sdk -miphoneos-version-min=7.0 -I/Users/hiro/Library/Caches/CocoaPods/Pods/External/CRuby/193c1c8340a477e394e63f996e6fccdb/build/iphoneos_arm64/include -D_XOPEN_SOURCE -D_DARWIN_C_SOURCE -D_DARWIN_UNLIMITED_SELECT -D_REENTRANT   -pipe -Os -isysroot /Applications/Xcode.app/Contents/Developer/Platforms/iPhoneOS.platform/Developer/SDKs/iPhoneOS10.1.sdk -miphoneos-version-min=7.0 -I/Users/hiro/Library/Caches/CocoaPods/Pods/External/CRuby/193c1c8340a477e394e63f996e6fccdb/build/iphoneos_arm64/include -fvisibility=hidden   -c conftest.c"
conftest.c:7:20: error: 'conftest_const' declared as an array with a negative size
int conftest_const[(sizeof((*rbcv_ptr_)) <= 1) ? 1 : -1];
                   ^~~~~~~~~~~~~~~~~~~~~~~~~~~~~~~~~~~~
1 error generated.
checked program was:
/* begin */
1: #include "ruby.h"
2: 
3: typedef long double _Complex rbcv_typedef_;
4: rbcv_typedef_ *rbcv_ptr_;
5: 
6: /*top*/
7: int conftest_const[(sizeof((*rbcv_ptr_)) <= 1) ? 1 : -1];
/* end */

"clang -arch arm64 -I../../../.ext/include/-darwin -I/Users/hiro/Library/Caches/CocoaPods/Pods/External/CRuby/193c1c8340a477e394e63f996e6fccdb/ruby/include -I/Users/hiro/Library/Caches/CocoaPods/Pods/External/CRuby/193c1c8340a477e394e63f996e6fccdb/ruby/ext/rbconfig/sizeof -pipe -Os -isysroot /Applications/Xcode.app/Contents/Developer/Platforms/iPhoneOS.platform/Developer/SDKs/iPhoneOS10.1.sdk -miphoneos-version-min=7.0 -I/Users/hiro/Library/Caches/CocoaPods/Pods/External/CRuby/193c1c8340a477e394e63f996e6fccdb/build/iphoneos_arm64/include -D_XOPEN_SOURCE -D_DARWIN_C_SOURCE -D_DARWIN_UNLIMITED_SELECT -D_REENTRANT   -pipe -Os -isysroot /Applications/Xcode.app/Contents/Developer/Platforms/iPhoneOS.platform/Developer/SDKs/iPhoneOS10.1.sdk -miphoneos-version-min=7.0 -I/Users/hiro/Library/Caches/CocoaPods/Pods/External/CRuby/193c1c8340a477e394e63f996e6fccdb/build/iphoneos_arm64/include -fvisibility=hidden   -c conftest.c"
conftest.c:7:20: error: 'conftest_const' declared as an array with a negative size
int conftest_const[(sizeof((*rbcv_ptr_)) <= 2) ? 1 : -1];
                   ^~~~~~~~~~~~~~~~~~~~~~~~~~~~~~~~~~~~
1 error generated.
checked program was:
/* begin */
1: #include "ruby.h"
2: 
3: typedef long double _Complex rbcv_typedef_;
4: rbcv_typedef_ *rbcv_ptr_;
5: 
6: /*top*/
7: int conftest_const[(sizeof((*rbcv_ptr_)) <= 2) ? 1 : -1];
/* end */

"clang -arch arm64 -I../../../.ext/include/-darwin -I/Users/hiro/Library/Caches/CocoaPods/Pods/External/CRuby/193c1c8340a477e394e63f996e6fccdb/ruby/include -I/Users/hiro/Library/Caches/CocoaPods/Pods/External/CRuby/193c1c8340a477e394e63f996e6fccdb/ruby/ext/rbconfig/sizeof -pipe -Os -isysroot /Applications/Xcode.app/Contents/Developer/Platforms/iPhoneOS.platform/Developer/SDKs/iPhoneOS10.1.sdk -miphoneos-version-min=7.0 -I/Users/hiro/Library/Caches/CocoaPods/Pods/External/CRuby/193c1c8340a477e394e63f996e6fccdb/build/iphoneos_arm64/include -D_XOPEN_SOURCE -D_DARWIN_C_SOURCE -D_DARWIN_UNLIMITED_SELECT -D_REENTRANT   -pipe -Os -isysroot /Applications/Xcode.app/Contents/Developer/Platforms/iPhoneOS.platform/Developer/SDKs/iPhoneOS10.1.sdk -miphoneos-version-min=7.0 -I/Users/hiro/Library/Caches/CocoaPods/Pods/External/CRuby/193c1c8340a477e394e63f996e6fccdb/build/iphoneos_arm64/include -fvisibility=hidden   -c conftest.c"
conftest.c:7:20: error: 'conftest_const' declared as an array with a negative size
int conftest_const[(sizeof((*rbcv_ptr_)) <= 4) ? 1 : -1];
                   ^~~~~~~~~~~~~~~~~~~~~~~~~~~~~~~~~~~~
1 error generated.
checked program was:
/* begin */
1: #include "ruby.h"
2: 
3: typedef long double _Complex rbcv_typedef_;
4: rbcv_typedef_ *rbcv_ptr_;
5: 
6: /*top*/
7: int conftest_const[(sizeof((*rbcv_ptr_)) <= 4) ? 1 : -1];
/* end */

"clang -arch arm64 -I../../../.ext/include/-darwin -I/Users/hiro/Library/Caches/CocoaPods/Pods/External/CRuby/193c1c8340a477e394e63f996e6fccdb/ruby/include -I/Users/hiro/Library/Caches/CocoaPods/Pods/External/CRuby/193c1c8340a477e394e63f996e6fccdb/ruby/ext/rbconfig/sizeof -pipe -Os -isysroot /Applications/Xcode.app/Contents/Developer/Platforms/iPhoneOS.platform/Developer/SDKs/iPhoneOS10.1.sdk -miphoneos-version-min=7.0 -I/Users/hiro/Library/Caches/CocoaPods/Pods/External/CRuby/193c1c8340a477e394e63f996e6fccdb/build/iphoneos_arm64/include -D_XOPEN_SOURCE -D_DARWIN_C_SOURCE -D_DARWIN_UNLIMITED_SELECT -D_REENTRANT   -pipe -Os -isysroot /Applications/Xcode.app/Contents/Developer/Platforms/iPhoneOS.platform/Developer/SDKs/iPhoneOS10.1.sdk -miphoneos-version-min=7.0 -I/Users/hiro/Library/Caches/CocoaPods/Pods/External/CRuby/193c1c8340a477e394e63f996e6fccdb/build/iphoneos_arm64/include -fvisibility=hidden   -c conftest.c"
conftest.c:7:20: error: 'conftest_const' declared as an array with a negative size
int conftest_const[(sizeof((*rbcv_ptr_)) <= 8) ? 1 : -1];
                   ^~~~~~~~~~~~~~~~~~~~~~~~~~~~~~~~~~~~
1 error generated.
checked program was:
/* begin */
1: #include "ruby.h"
2: 
3: typedef long double _Complex rbcv_typedef_;
4: rbcv_typedef_ *rbcv_ptr_;
5: 
6: /*top*/
7: int conftest_const[(sizeof((*rbcv_ptr_)) <= 8) ? 1 : -1];
/* end */

"clang -arch arm64 -I../../../.ext/include/-darwin -I/Users/hiro/Library/Caches/CocoaPods/Pods/External/CRuby/193c1c8340a477e394e63f996e6fccdb/ruby/include -I/Users/hiro/Library/Caches/CocoaPods/Pods/External/CRuby/193c1c8340a477e394e63f996e6fccdb/ruby/ext/rbconfig/sizeof -pipe -Os -isysroot /Applications/Xcode.app/Contents/Developer/Platforms/iPhoneOS.platform/Developer/SDKs/iPhoneOS10.1.sdk -miphoneos-version-min=7.0 -I/Users/hiro/Library/Caches/CocoaPods/Pods/External/CRuby/193c1c8340a477e394e63f996e6fccdb/build/iphoneos_arm64/include -D_XOPEN_SOURCE -D_DARWIN_C_SOURCE -D_DARWIN_UNLIMITED_SELECT -D_REENTRANT   -pipe -Os -isysroot /Applications/Xcode.app/Contents/Developer/Platforms/iPhoneOS.platform/Developer/SDKs/iPhoneOS10.1.sdk -miphoneos-version-min=7.0 -I/Users/hiro/Library/Caches/CocoaPods/Pods/External/CRuby/193c1c8340a477e394e63f996e6fccdb/build/iphoneos_arm64/include -fvisibility=hidden   -c conftest.c"
checked program was:
/* begin */
1: #include "ruby.h"
2: 
3: typedef long double _Complex rbcv_typedef_;
4: rbcv_typedef_ *rbcv_ptr_;
5: 
6: /*top*/
7: int conftest_const[(sizeof((*rbcv_ptr_)) <= 16) ? 1 : -1];
/* end */

"clang -arch arm64 -I../../../.ext/include/-darwin -I/Users/hiro/Library/Caches/CocoaPods/Pods/External/CRuby/193c1c8340a477e394e63f996e6fccdb/ruby/include -I/Users/hiro/Library/Caches/CocoaPods/Pods/External/CRuby/193c1c8340a477e394e63f996e6fccdb/ruby/ext/rbconfig/sizeof -pipe -Os -isysroot /Applications/Xcode.app/Contents/Developer/Platforms/iPhoneOS.platform/Developer/SDKs/iPhoneOS10.1.sdk -miphoneos-version-min=7.0 -I/Users/hiro/Library/Caches/CocoaPods/Pods/External/CRuby/193c1c8340a477e394e63f996e6fccdb/build/iphoneos_arm64/include -D_XOPEN_SOURCE -D_DARWIN_C_SOURCE -D_DARWIN_UNLIMITED_SELECT -D_REENTRANT   -pipe -Os -isysroot /Applications/Xcode.app/Contents/Developer/Platforms/iPhoneOS.platform/Developer/SDKs/iPhoneOS10.1.sdk -miphoneos-version-min=7.0 -I/Users/hiro/Library/Caches/CocoaPods/Pods/External/CRuby/193c1c8340a477e394e63f996e6fccdb/build/iphoneos_arm64/include -fvisibility=hidden   -c conftest.c"
checked program was:
/* begin */
1: #include "ruby.h"
2: 
3: typedef long double _Complex rbcv_typedef_;
4: rbcv_typedef_ *rbcv_ptr_;
5: 
6: /*top*/
7: int conftest_const[(sizeof((*rbcv_ptr_)) > 12) ? 1 : -1];
/* end */

"clang -arch arm64 -I../../../.ext/include/-darwin -I/Users/hiro/Library/Caches/CocoaPods/Pods/External/CRuby/193c1c8340a477e394e63f996e6fccdb/ruby/include -I/Users/hiro/Library/Caches/CocoaPods/Pods/External/CRuby/193c1c8340a477e394e63f996e6fccdb/ruby/ext/rbconfig/sizeof -pipe -Os -isysroot /Applications/Xcode.app/Contents/Developer/Platforms/iPhoneOS.platform/Developer/SDKs/iPhoneOS10.1.sdk -miphoneos-version-min=7.0 -I/Users/hiro/Library/Caches/CocoaPods/Pods/External/CRuby/193c1c8340a477e394e63f996e6fccdb/build/iphoneos_arm64/include -D_XOPEN_SOURCE -D_DARWIN_C_SOURCE -D_DARWIN_UNLIMITED_SELECT -D_REENTRANT   -pipe -Os -isysroot /Applications/Xcode.app/Contents/Developer/Platforms/iPhoneOS.platform/Developer/SDKs/iPhoneOS10.1.sdk -miphoneos-version-min=7.0 -I/Users/hiro/Library/Caches/CocoaPods/Pods/External/CRuby/193c1c8340a477e394e63f996e6fccdb/build/iphoneos_arm64/include -fvisibility=hidden   -c conftest.c"
checked program was:
/* begin */
1: #include "ruby.h"
2: 
3: typedef long double _Complex rbcv_typedef_;
4: rbcv_typedef_ *rbcv_ptr_;
5: 
6: /*top*/
7: int conftest_const[(sizeof((*rbcv_ptr_)) > 14) ? 1 : -1];
/* end */

"clang -arch arm64 -I../../../.ext/include/-darwin -I/Users/hiro/Library/Caches/CocoaPods/Pods/External/CRuby/193c1c8340a477e394e63f996e6fccdb/ruby/include -I/Users/hiro/Library/Caches/CocoaPods/Pods/External/CRuby/193c1c8340a477e394e63f996e6fccdb/ruby/ext/rbconfig/sizeof -pipe -Os -isysroot /Applications/Xcode.app/Contents/Developer/Platforms/iPhoneOS.platform/Developer/SDKs/iPhoneOS10.1.sdk -miphoneos-version-min=7.0 -I/Users/hiro/Library/Caches/CocoaPods/Pods/External/CRuby/193c1c8340a477e394e63f996e6fccdb/build/iphoneos_arm64/include -D_XOPEN_SOURCE -D_DARWIN_C_SOURCE -D_DARWIN_UNLIMITED_SELECT -D_REENTRANT   -pipe -Os -isysroot /Applications/Xcode.app/Contents/Developer/Platforms/iPhoneOS.platform/Developer/SDKs/iPhoneOS10.1.sdk -miphoneos-version-min=7.0 -I/Users/hiro/Library/Caches/CocoaPods/Pods/External/CRuby/193c1c8340a477e394e63f996e6fccdb/build/iphoneos_arm64/include -fvisibility=hidden   -c conftest.c"
checked program was:
/* begin */
1: #include "ruby.h"
2: 
3: typedef long double _Complex rbcv_typedef_;
4: rbcv_typedef_ *rbcv_ptr_;
5: 
6: /*top*/
7: int conftest_const[(sizeof((*rbcv_ptr_)) > 15) ? 1 : -1];
/* end */

--------------------

check_sizeof: checking size of float _Imaginary... -------------------- failed

"clang -arch arm64 -I../../../.ext/include/-darwin -I/Users/hiro/Library/Caches/CocoaPods/Pods/External/CRuby/193c1c8340a477e394e63f996e6fccdb/ruby/include -I/Users/hiro/Library/Caches/CocoaPods/Pods/External/CRuby/193c1c8340a477e394e63f996e6fccdb/ruby/ext/rbconfig/sizeof -pipe -Os -isysroot /Applications/Xcode.app/Contents/Developer/Platforms/iPhoneOS.platform/Developer/SDKs/iPhoneOS10.1.sdk -miphoneos-version-min=7.0 -I/Users/hiro/Library/Caches/CocoaPods/Pods/External/CRuby/193c1c8340a477e394e63f996e6fccdb/build/iphoneos_arm64/include -D_XOPEN_SOURCE -D_DARWIN_C_SOURCE -D_DARWIN_UNLIMITED_SELECT -D_REENTRANT   -pipe -Os -isysroot /Applications/Xcode.app/Contents/Developer/Platforms/iPhoneOS.platform/Developer/SDKs/iPhoneOS10.1.sdk -miphoneos-version-min=7.0 -I/Users/hiro/Library/Caches/CocoaPods/Pods/External/CRuby/193c1c8340a477e394e63f996e6fccdb/build/iphoneos_arm64/include -fvisibility=hidden   -c conftest.c"
conftest.c:3:15: error: imaginary types are not supported
typedef float _Imaginary rbcv_typedef_;
              ^
conftest.c:7:20: error: 'conftest_const' declared as an array with a negative size
int conftest_const[(sizeof((*rbcv_ptr_)) < 0) ? 1 : -1];
                   ^~~~~~~~~~~~~~~~~~~~~~~~~~~~~~~~~~~
2 errors generated.
checked program was:
/* begin */
1: #include "ruby.h"
2: 
3: typedef float _Imaginary rbcv_typedef_;
4: rbcv_typedef_ *rbcv_ptr_;
5: 
6: /*top*/
7: int conftest_const[(sizeof((*rbcv_ptr_)) < 0) ? 1 : -1];
/* end */

"clang -arch arm64 -I../../../.ext/include/-darwin -I/Users/hiro/Library/Caches/CocoaPods/Pods/External/CRuby/193c1c8340a477e394e63f996e6fccdb/ruby/include -I/Users/hiro/Library/Caches/CocoaPods/Pods/External/CRuby/193c1c8340a477e394e63f996e6fccdb/ruby/ext/rbconfig/sizeof -pipe -Os -isysroot /Applications/Xcode.app/Contents/Developer/Platforms/iPhoneOS.platform/Developer/SDKs/iPhoneOS10.1.sdk -miphoneos-version-min=7.0 -I/Users/hiro/Library/Caches/CocoaPods/Pods/External/CRuby/193c1c8340a477e394e63f996e6fccdb/build/iphoneos_arm64/include -D_XOPEN_SOURCE -D_DARWIN_C_SOURCE -D_DARWIN_UNLIMITED_SELECT -D_REENTRANT   -pipe -Os -isysroot /Applications/Xcode.app/Contents/Developer/Platforms/iPhoneOS.platform/Developer/SDKs/iPhoneOS10.1.sdk -miphoneos-version-min=7.0 -I/Users/hiro/Library/Caches/CocoaPods/Pods/External/CRuby/193c1c8340a477e394e63f996e6fccdb/build/iphoneos_arm64/include -fvisibility=hidden   -c conftest.c"
conftest.c:3:15: error: imaginary types are not supported
typedef float _Imaginary rbcv_typedef_;
              ^
1 error generated.
checked program was:
/* begin */
1: #include "ruby.h"
2: 
3: typedef float _Imaginary rbcv_typedef_;
4: rbcv_typedef_ *rbcv_ptr_;
5: 
6: /*top*/
7: int conftest_const[(sizeof((*rbcv_ptr_)) > 0) ? 1 : -1];
/* end */

"clang -arch arm64 -I../../../.ext/include/-darwin -I/Users/hiro/Library/Caches/CocoaPods/Pods/External/CRuby/193c1c8340a477e394e63f996e6fccdb/ruby/include -I/Users/hiro/Library/Caches/CocoaPods/Pods/External/CRuby/193c1c8340a477e394e63f996e6fccdb/ruby/ext/rbconfig/sizeof -pipe -Os -isysroot /Applications/Xcode.app/Contents/Developer/Platforms/iPhoneOS.platform/Developer/SDKs/iPhoneOS10.1.sdk -miphoneos-version-min=7.0 -I/Users/hiro/Library/Caches/CocoaPods/Pods/External/CRuby/193c1c8340a477e394e63f996e6fccdb/build/iphoneos_arm64/include -D_XOPEN_SOURCE -D_DARWIN_C_SOURCE -D_DARWIN_UNLIMITED_SELECT -D_REENTRANT   -pipe -Os -isysroot /Applications/Xcode.app/Contents/Developer/Platforms/iPhoneOS.platform/Developer/SDKs/iPhoneOS10.1.sdk -miphoneos-version-min=7.0 -I/Users/hiro/Library/Caches/CocoaPods/Pods/External/CRuby/193c1c8340a477e394e63f996e6fccdb/build/iphoneos_arm64/include -fvisibility=hidden   -c conftest.c"
conftest.c:3:15: error: imaginary types are not supported
typedef float _Imaginary rbcv_typedef_;
              ^
conftest.c:7:20: error: 'conftest_const' declared as an array with a negative size
int conftest_const[(sizeof((*rbcv_ptr_)) == 0) ? 1 : -1];
                   ^~~~~~~~~~~~~~~~~~~~~~~~~~~~~~~~~~~~
2 errors generated.
checked program was:
/* begin */
1: #include "ruby.h"
2: 
3: typedef float _Imaginary rbcv_typedef_;
4: rbcv_typedef_ *rbcv_ptr_;
5: 
6: /*top*/
7: int conftest_const[(sizeof((*rbcv_ptr_)) == 0) ? 1 : -1];
/* end */

--------------------

check_sizeof: checking size of double _Imaginary... -------------------- failed

"clang -arch arm64 -I../../../.ext/include/-darwin -I/Users/hiro/Library/Caches/CocoaPods/Pods/External/CRuby/193c1c8340a477e394e63f996e6fccdb/ruby/include -I/Users/hiro/Library/Caches/CocoaPods/Pods/External/CRuby/193c1c8340a477e394e63f996e6fccdb/ruby/ext/rbconfig/sizeof -pipe -Os -isysroot /Applications/Xcode.app/Contents/Developer/Platforms/iPhoneOS.platform/Developer/SDKs/iPhoneOS10.1.sdk -miphoneos-version-min=7.0 -I/Users/hiro/Library/Caches/CocoaPods/Pods/External/CRuby/193c1c8340a477e394e63f996e6fccdb/build/iphoneos_arm64/include -D_XOPEN_SOURCE -D_DARWIN_C_SOURCE -D_DARWIN_UNLIMITED_SELECT -D_REENTRANT   -pipe -Os -isysroot /Applications/Xcode.app/Contents/Developer/Platforms/iPhoneOS.platform/Developer/SDKs/iPhoneOS10.1.sdk -miphoneos-version-min=7.0 -I/Users/hiro/Library/Caches/CocoaPods/Pods/External/CRuby/193c1c8340a477e394e63f996e6fccdb/build/iphoneos_arm64/include -fvisibility=hidden   -c conftest.c"
conftest.c:3:16: error: imaginary types are not supported
typedef double _Imaginary rbcv_typedef_;
               ^
conftest.c:7:20: error: 'conftest_const' declared as an array with a negative size
int conftest_const[(sizeof((*rbcv_ptr_)) < 0) ? 1 : -1];
                   ^~~~~~~~~~~~~~~~~~~~~~~~~~~~~~~~~~~
2 errors generated.
checked program was:
/* begin */
1: #include "ruby.h"
2: 
3: typedef double _Imaginary rbcv_typedef_;
4: rbcv_typedef_ *rbcv_ptr_;
5: 
6: /*top*/
7: int conftest_const[(sizeof((*rbcv_ptr_)) < 0) ? 1 : -1];
/* end */

"clang -arch arm64 -I../../../.ext/include/-darwin -I/Users/hiro/Library/Caches/CocoaPods/Pods/External/CRuby/193c1c8340a477e394e63f996e6fccdb/ruby/include -I/Users/hiro/Library/Caches/CocoaPods/Pods/External/CRuby/193c1c8340a477e394e63f996e6fccdb/ruby/ext/rbconfig/sizeof -pipe -Os -isysroot /Applications/Xcode.app/Contents/Developer/Platforms/iPhoneOS.platform/Developer/SDKs/iPhoneOS10.1.sdk -miphoneos-version-min=7.0 -I/Users/hiro/Library/Caches/CocoaPods/Pods/External/CRuby/193c1c8340a477e394e63f996e6fccdb/build/iphoneos_arm64/include -D_XOPEN_SOURCE -D_DARWIN_C_SOURCE -D_DARWIN_UNLIMITED_SELECT -D_REENTRANT   -pipe -Os -isysroot /Applications/Xcode.app/Contents/Developer/Platforms/iPhoneOS.platform/Developer/SDKs/iPhoneOS10.1.sdk -miphoneos-version-min=7.0 -I/Users/hiro/Library/Caches/CocoaPods/Pods/External/CRuby/193c1c8340a477e394e63f996e6fccdb/build/iphoneos_arm64/include -fvisibility=hidden   -c conftest.c"
conftest.c:3:16: error: imaginary types are not supported
typedef double _Imaginary rbcv_typedef_;
               ^
1 error generated.
checked program was:
/* begin */
1: #include "ruby.h"
2: 
3: typedef double _Imaginary rbcv_typedef_;
4: rbcv_typedef_ *rbcv_ptr_;
5: 
6: /*top*/
7: int conftest_const[(sizeof((*rbcv_ptr_)) > 0) ? 1 : -1];
/* end */

"clang -arch arm64 -I../../../.ext/include/-darwin -I/Users/hiro/Library/Caches/CocoaPods/Pods/External/CRuby/193c1c8340a477e394e63f996e6fccdb/ruby/include -I/Users/hiro/Library/Caches/CocoaPods/Pods/External/CRuby/193c1c8340a477e394e63f996e6fccdb/ruby/ext/rbconfig/sizeof -pipe -Os -isysroot /Applications/Xcode.app/Contents/Developer/Platforms/iPhoneOS.platform/Developer/SDKs/iPhoneOS10.1.sdk -miphoneos-version-min=7.0 -I/Users/hiro/Library/Caches/CocoaPods/Pods/External/CRuby/193c1c8340a477e394e63f996e6fccdb/build/iphoneos_arm64/include -D_XOPEN_SOURCE -D_DARWIN_C_SOURCE -D_DARWIN_UNLIMITED_SELECT -D_REENTRANT   -pipe -Os -isysroot /Applications/Xcode.app/Contents/Developer/Platforms/iPhoneOS.platform/Developer/SDKs/iPhoneOS10.1.sdk -miphoneos-version-min=7.0 -I/Users/hiro/Library/Caches/CocoaPods/Pods/External/CRuby/193c1c8340a477e394e63f996e6fccdb/build/iphoneos_arm64/include -fvisibility=hidden   -c conftest.c"
conftest.c:3:16: error: imaginary types are not supported
typedef double _Imaginary rbcv_typedef_;
               ^
conftest.c:7:20: error: 'conftest_const' declared as an array with a negative size
int conftest_const[(sizeof((*rbcv_ptr_)) == 0) ? 1 : -1];
                   ^~~~~~~~~~~~~~~~~~~~~~~~~~~~~~~~~~~~
2 errors generated.
checked program was:
/* begin */
1: #include "ruby.h"
2: 
3: typedef double _Imaginary rbcv_typedef_;
4: rbcv_typedef_ *rbcv_ptr_;
5: 
6: /*top*/
7: int conftest_const[(sizeof((*rbcv_ptr_)) == 0) ? 1 : -1];
/* end */

--------------------

check_sizeof: checking size of long double _Imaginary... -------------------- failed

"clang -arch arm64 -I../../../.ext/include/-darwin -I/Users/hiro/Library/Caches/CocoaPods/Pods/External/CRuby/193c1c8340a477e394e63f996e6fccdb/ruby/include -I/Users/hiro/Library/Caches/CocoaPods/Pods/External/CRuby/193c1c8340a477e394e63f996e6fccdb/ruby/ext/rbconfig/sizeof -pipe -Os -isysroot /Applications/Xcode.app/Contents/Developer/Platforms/iPhoneOS.platform/Developer/SDKs/iPhoneOS10.1.sdk -miphoneos-version-min=7.0 -I/Users/hiro/Library/Caches/CocoaPods/Pods/External/CRuby/193c1c8340a477e394e63f996e6fccdb/build/iphoneos_arm64/include -D_XOPEN_SOURCE -D_DARWIN_C_SOURCE -D_DARWIN_UNLIMITED_SELECT -D_REENTRANT   -pipe -Os -isysroot /Applications/Xcode.app/Contents/Developer/Platforms/iPhoneOS.platform/Developer/SDKs/iPhoneOS10.1.sdk -miphoneos-version-min=7.0 -I/Users/hiro/Library/Caches/CocoaPods/Pods/External/CRuby/193c1c8340a477e394e63f996e6fccdb/build/iphoneos_arm64/include -fvisibility=hidden   -c conftest.c"
conftest.c:3:21: error: imaginary types are not supported
typedef long double _Imaginary rbcv_typedef_;
                    ^
conftest.c:7:20: error: 'conftest_const' declared as an array with a negative size
int conftest_const[(sizeof((*rbcv_ptr_)) < 0) ? 1 : -1];
                   ^~~~~~~~~~~~~~~~~~~~~~~~~~~~~~~~~~~
2 errors generated.
checked program was:
/* begin */
1: #include "ruby.h"
2: 
3: typedef long double _Imaginary rbcv_typedef_;
4: rbcv_typedef_ *rbcv_ptr_;
5: 
6: /*top*/
7: int conftest_const[(sizeof((*rbcv_ptr_)) < 0) ? 1 : -1];
/* end */

"clang -arch arm64 -I../../../.ext/include/-darwin -I/Users/hiro/Library/Caches/CocoaPods/Pods/External/CRuby/193c1c8340a477e394e63f996e6fccdb/ruby/include -I/Users/hiro/Library/Caches/CocoaPods/Pods/External/CRuby/193c1c8340a477e394e63f996e6fccdb/ruby/ext/rbconfig/sizeof -pipe -Os -isysroot /Applications/Xcode.app/Contents/Developer/Platforms/iPhoneOS.platform/Developer/SDKs/iPhoneOS10.1.sdk -miphoneos-version-min=7.0 -I/Users/hiro/Library/Caches/CocoaPods/Pods/External/CRuby/193c1c8340a477e394e63f996e6fccdb/build/iphoneos_arm64/include -D_XOPEN_SOURCE -D_DARWIN_C_SOURCE -D_DARWIN_UNLIMITED_SELECT -D_REENTRANT   -pipe -Os -isysroot /Applications/Xcode.app/Contents/Developer/Platforms/iPhoneOS.platform/Developer/SDKs/iPhoneOS10.1.sdk -miphoneos-version-min=7.0 -I/Users/hiro/Library/Caches/CocoaPods/Pods/External/CRuby/193c1c8340a477e394e63f996e6fccdb/build/iphoneos_arm64/include -fvisibility=hidden   -c conftest.c"
conftest.c:3:21: error: imaginary types are not supported
typedef long double _Imaginary rbcv_typedef_;
                    ^
1 error generated.
checked program was:
/* begin */
1: #include "ruby.h"
2: 
3: typedef long double _Imaginary rbcv_typedef_;
4: rbcv_typedef_ *rbcv_ptr_;
5: 
6: /*top*/
7: int conftest_const[(sizeof((*rbcv_ptr_)) > 0) ? 1 : -1];
/* end */

"clang -arch arm64 -I../../../.ext/include/-darwin -I/Users/hiro/Library/Caches/CocoaPods/Pods/External/CRuby/193c1c8340a477e394e63f996e6fccdb/ruby/include -I/Users/hiro/Library/Caches/CocoaPods/Pods/External/CRuby/193c1c8340a477e394e63f996e6fccdb/ruby/ext/rbconfig/sizeof -pipe -Os -isysroot /Applications/Xcode.app/Contents/Developer/Platforms/iPhoneOS.platform/Developer/SDKs/iPhoneOS10.1.sdk -miphoneos-version-min=7.0 -I/Users/hiro/Library/Caches/CocoaPods/Pods/External/CRuby/193c1c8340a477e394e63f996e6fccdb/build/iphoneos_arm64/include -D_XOPEN_SOURCE -D_DARWIN_C_SOURCE -D_DARWIN_UNLIMITED_SELECT -D_REENTRANT   -pipe -Os -isysroot /Applications/Xcode.app/Contents/Developer/Platforms/iPhoneOS.platform/Developer/SDKs/iPhoneOS10.1.sdk -miphoneos-version-min=7.0 -I/Users/hiro/Library/Caches/CocoaPods/Pods/External/CRuby/193c1c8340a477e394e63f996e6fccdb/build/iphoneos_arm64/include -fvisibility=hidden   -c conftest.c"
conftest.c:3:21: error: imaginary types are not supported
typedef long double _Imaginary rbcv_typedef_;
                    ^
conftest.c:7:20: error: 'conftest_const' declared as an array with a negative size
int conftest_const[(sizeof((*rbcv_ptr_)) == 0) ? 1 : -1];
                   ^~~~~~~~~~~~~~~~~~~~~~~~~~~~~~~~~~~~
2 errors generated.
checked program was:
/* begin */
1: #include "ruby.h"
2: 
3: typedef long double _Imaginary rbcv_typedef_;
4: rbcv_typedef_ *rbcv_ptr_;
5: 
6: /*top*/
7: int conftest_const[(sizeof((*rbcv_ptr_)) == 0) ? 1 : -1];
/* end */

--------------------

check_sizeof: checking size of __int128... -------------------- 16

"clang -arch arm64 -I../../../.ext/include/-darwin -I/Users/hiro/Library/Caches/CocoaPods/Pods/External/CRuby/193c1c8340a477e394e63f996e6fccdb/ruby/include -I/Users/hiro/Library/Caches/CocoaPods/Pods/External/CRuby/193c1c8340a477e394e63f996e6fccdb/ruby/ext/rbconfig/sizeof -pipe -Os -isysroot /Applications/Xcode.app/Contents/Developer/Platforms/iPhoneOS.platform/Developer/SDKs/iPhoneOS10.1.sdk -miphoneos-version-min=7.0 -I/Users/hiro/Library/Caches/CocoaPods/Pods/External/CRuby/193c1c8340a477e394e63f996e6fccdb/build/iphoneos_arm64/include -D_XOPEN_SOURCE -D_DARWIN_C_SOURCE -D_DARWIN_UNLIMITED_SELECT -D_REENTRANT   -pipe -Os -isysroot /Applications/Xcode.app/Contents/Developer/Platforms/iPhoneOS.platform/Developer/SDKs/iPhoneOS10.1.sdk -miphoneos-version-min=7.0 -I/Users/hiro/Library/Caches/CocoaPods/Pods/External/CRuby/193c1c8340a477e394e63f996e6fccdb/build/iphoneos_arm64/include -fvisibility=hidden   -c conftest.c"
conftest.c:7:20: error: 'conftest_const' declared as an array with a negative size
int conftest_const[(sizeof((*rbcv_ptr_)) < 0) ? 1 : -1];
                   ^~~~~~~~~~~~~~~~~~~~~~~~~~~~~~~~~~~
1 error generated.
checked program was:
/* begin */
1: #include "ruby.h"
2: 
3: typedef __int128 rbcv_typedef_;
4: rbcv_typedef_ *rbcv_ptr_;
5: 
6: /*top*/
7: int conftest_const[(sizeof((*rbcv_ptr_)) < 0) ? 1 : -1];
/* end */

"clang -arch arm64 -I../../../.ext/include/-darwin -I/Users/hiro/Library/Caches/CocoaPods/Pods/External/CRuby/193c1c8340a477e394e63f996e6fccdb/ruby/include -I/Users/hiro/Library/Caches/CocoaPods/Pods/External/CRuby/193c1c8340a477e394e63f996e6fccdb/ruby/ext/rbconfig/sizeof -pipe -Os -isysroot /Applications/Xcode.app/Contents/Developer/Platforms/iPhoneOS.platform/Developer/SDKs/iPhoneOS10.1.sdk -miphoneos-version-min=7.0 -I/Users/hiro/Library/Caches/CocoaPods/Pods/External/CRuby/193c1c8340a477e394e63f996e6fccdb/build/iphoneos_arm64/include -D_XOPEN_SOURCE -D_DARWIN_C_SOURCE -D_DARWIN_UNLIMITED_SELECT -D_REENTRANT   -pipe -Os -isysroot /Applications/Xcode.app/Contents/Developer/Platforms/iPhoneOS.platform/Developer/SDKs/iPhoneOS10.1.sdk -miphoneos-version-min=7.0 -I/Users/hiro/Library/Caches/CocoaPods/Pods/External/CRuby/193c1c8340a477e394e63f996e6fccdb/build/iphoneos_arm64/include -fvisibility=hidden   -c conftest.c"
checked program was:
/* begin */
1: #include "ruby.h"
2: 
3: typedef __int128 rbcv_typedef_;
4: rbcv_typedef_ *rbcv_ptr_;
5: 
6: /*top*/
7: int conftest_const[(sizeof((*rbcv_ptr_)) > 0) ? 1 : -1];
/* end */

"clang -arch arm64 -I../../../.ext/include/-darwin -I/Users/hiro/Library/Caches/CocoaPods/Pods/External/CRuby/193c1c8340a477e394e63f996e6fccdb/ruby/include -I/Users/hiro/Library/Caches/CocoaPods/Pods/External/CRuby/193c1c8340a477e394e63f996e6fccdb/ruby/ext/rbconfig/sizeof -pipe -Os -isysroot /Applications/Xcode.app/Contents/Developer/Platforms/iPhoneOS.platform/Developer/SDKs/iPhoneOS10.1.sdk -miphoneos-version-min=7.0 -I/Users/hiro/Library/Caches/CocoaPods/Pods/External/CRuby/193c1c8340a477e394e63f996e6fccdb/build/iphoneos_arm64/include -D_XOPEN_SOURCE -D_DARWIN_C_SOURCE -D_DARWIN_UNLIMITED_SELECT -D_REENTRANT   -pipe -Os -isysroot /Applications/Xcode.app/Contents/Developer/Platforms/iPhoneOS.platform/Developer/SDKs/iPhoneOS10.1.sdk -miphoneos-version-min=7.0 -I/Users/hiro/Library/Caches/CocoaPods/Pods/External/CRuby/193c1c8340a477e394e63f996e6fccdb/build/iphoneos_arm64/include -fvisibility=hidden   -c conftest.c"
conftest.c:7:20: error: 'conftest_const' declared as an array with a negative size
int conftest_const[(sizeof((*rbcv_ptr_)) <= 1) ? 1 : -1];
                   ^~~~~~~~~~~~~~~~~~~~~~~~~~~~~~~~~~~~
1 error generated.
checked program was:
/* begin */
1: #include "ruby.h"
2: 
3: typedef __int128 rbcv_typedef_;
4: rbcv_typedef_ *rbcv_ptr_;
5: 
6: /*top*/
7: int conftest_const[(sizeof((*rbcv_ptr_)) <= 1) ? 1 : -1];
/* end */

"clang -arch arm64 -I../../../.ext/include/-darwin -I/Users/hiro/Library/Caches/CocoaPods/Pods/External/CRuby/193c1c8340a477e394e63f996e6fccdb/ruby/include -I/Users/hiro/Library/Caches/CocoaPods/Pods/External/CRuby/193c1c8340a477e394e63f996e6fccdb/ruby/ext/rbconfig/sizeof -pipe -Os -isysroot /Applications/Xcode.app/Contents/Developer/Platforms/iPhoneOS.platform/Developer/SDKs/iPhoneOS10.1.sdk -miphoneos-version-min=7.0 -I/Users/hiro/Library/Caches/CocoaPods/Pods/External/CRuby/193c1c8340a477e394e63f996e6fccdb/build/iphoneos_arm64/include -D_XOPEN_SOURCE -D_DARWIN_C_SOURCE -D_DARWIN_UNLIMITED_SELECT -D_REENTRANT   -pipe -Os -isysroot /Applications/Xcode.app/Contents/Developer/Platforms/iPhoneOS.platform/Developer/SDKs/iPhoneOS10.1.sdk -miphoneos-version-min=7.0 -I/Users/hiro/Library/Caches/CocoaPods/Pods/External/CRuby/193c1c8340a477e394e63f996e6fccdb/build/iphoneos_arm64/include -fvisibility=hidden   -c conftest.c"
conftest.c:7:20: error: 'conftest_const' declared as an array with a negative size
int conftest_const[(sizeof((*rbcv_ptr_)) <= 2) ? 1 : -1];
                   ^~~~~~~~~~~~~~~~~~~~~~~~~~~~~~~~~~~~
1 error generated.
checked program was:
/* begin */
1: #include "ruby.h"
2: 
3: typedef __int128 rbcv_typedef_;
4: rbcv_typedef_ *rbcv_ptr_;
5: 
6: /*top*/
7: int conftest_const[(sizeof((*rbcv_ptr_)) <= 2) ? 1 : -1];
/* end */

"clang -arch arm64 -I../../../.ext/include/-darwin -I/Users/hiro/Library/Caches/CocoaPods/Pods/External/CRuby/193c1c8340a477e394e63f996e6fccdb/ruby/include -I/Users/hiro/Library/Caches/CocoaPods/Pods/External/CRuby/193c1c8340a477e394e63f996e6fccdb/ruby/ext/rbconfig/sizeof -pipe -Os -isysroot /Applications/Xcode.app/Contents/Developer/Platforms/iPhoneOS.platform/Developer/SDKs/iPhoneOS10.1.sdk -miphoneos-version-min=7.0 -I/Users/hiro/Library/Caches/CocoaPods/Pods/External/CRuby/193c1c8340a477e394e63f996e6fccdb/build/iphoneos_arm64/include -D_XOPEN_SOURCE -D_DARWIN_C_SOURCE -D_DARWIN_UNLIMITED_SELECT -D_REENTRANT   -pipe -Os -isysroot /Applications/Xcode.app/Contents/Developer/Platforms/iPhoneOS.platform/Developer/SDKs/iPhoneOS10.1.sdk -miphoneos-version-min=7.0 -I/Users/hiro/Library/Caches/CocoaPods/Pods/External/CRuby/193c1c8340a477e394e63f996e6fccdb/build/iphoneos_arm64/include -fvisibility=hidden   -c conftest.c"
conftest.c:7:20: error: 'conftest_const' declared as an array with a negative size
int conftest_const[(sizeof((*rbcv_ptr_)) <= 4) ? 1 : -1];
                   ^~~~~~~~~~~~~~~~~~~~~~~~~~~~~~~~~~~~
1 error generated.
checked program was:
/* begin */
1: #include "ruby.h"
2: 
3: typedef __int128 rbcv_typedef_;
4: rbcv_typedef_ *rbcv_ptr_;
5: 
6: /*top*/
7: int conftest_const[(sizeof((*rbcv_ptr_)) <= 4) ? 1 : -1];
/* end */

"clang -arch arm64 -I../../../.ext/include/-darwin -I/Users/hiro/Library/Caches/CocoaPods/Pods/External/CRuby/193c1c8340a477e394e63f996e6fccdb/ruby/include -I/Users/hiro/Library/Caches/CocoaPods/Pods/External/CRuby/193c1c8340a477e394e63f996e6fccdb/ruby/ext/rbconfig/sizeof -pipe -Os -isysroot /Applications/Xcode.app/Contents/Developer/Platforms/iPhoneOS.platform/Developer/SDKs/iPhoneOS10.1.sdk -miphoneos-version-min=7.0 -I/Users/hiro/Library/Caches/CocoaPods/Pods/External/CRuby/193c1c8340a477e394e63f996e6fccdb/build/iphoneos_arm64/include -D_XOPEN_SOURCE -D_DARWIN_C_SOURCE -D_DARWIN_UNLIMITED_SELECT -D_REENTRANT   -pipe -Os -isysroot /Applications/Xcode.app/Contents/Developer/Platforms/iPhoneOS.platform/Developer/SDKs/iPhoneOS10.1.sdk -miphoneos-version-min=7.0 -I/Users/hiro/Library/Caches/CocoaPods/Pods/External/CRuby/193c1c8340a477e394e63f996e6fccdb/build/iphoneos_arm64/include -fvisibility=hidden   -c conftest.c"
conftest.c:7:20: error: 'conftest_const' declared as an array with a negative size
int conftest_const[(sizeof((*rbcv_ptr_)) <= 8) ? 1 : -1];
                   ^~~~~~~~~~~~~~~~~~~~~~~~~~~~~~~~~~~~
1 error generated.
checked program was:
/* begin */
1: #include "ruby.h"
2: 
3: typedef __int128 rbcv_typedef_;
4: rbcv_typedef_ *rbcv_ptr_;
5: 
6: /*top*/
7: int conftest_const[(sizeof((*rbcv_ptr_)) <= 8) ? 1 : -1];
/* end */

"clang -arch arm64 -I../../../.ext/include/-darwin -I/Users/hiro/Library/Caches/CocoaPods/Pods/External/CRuby/193c1c8340a477e394e63f996e6fccdb/ruby/include -I/Users/hiro/Library/Caches/CocoaPods/Pods/External/CRuby/193c1c8340a477e394e63f996e6fccdb/ruby/ext/rbconfig/sizeof -pipe -Os -isysroot /Applications/Xcode.app/Contents/Developer/Platforms/iPhoneOS.platform/Developer/SDKs/iPhoneOS10.1.sdk -miphoneos-version-min=7.0 -I/Users/hiro/Library/Caches/CocoaPods/Pods/External/CRuby/193c1c8340a477e394e63f996e6fccdb/build/iphoneos_arm64/include -D_XOPEN_SOURCE -D_DARWIN_C_SOURCE -D_DARWIN_UNLIMITED_SELECT -D_REENTRANT   -pipe -Os -isysroot /Applications/Xcode.app/Contents/Developer/Platforms/iPhoneOS.platform/Developer/SDKs/iPhoneOS10.1.sdk -miphoneos-version-min=7.0 -I/Users/hiro/Library/Caches/CocoaPods/Pods/External/CRuby/193c1c8340a477e394e63f996e6fccdb/build/iphoneos_arm64/include -fvisibility=hidden   -c conftest.c"
checked program was:
/* begin */
1: #include "ruby.h"
2: 
3: typedef __int128 rbcv_typedef_;
4: rbcv_typedef_ *rbcv_ptr_;
5: 
6: /*top*/
7: int conftest_const[(sizeof((*rbcv_ptr_)) <= 16) ? 1 : -1];
/* end */

"clang -arch arm64 -I../../../.ext/include/-darwin -I/Users/hiro/Library/Caches/CocoaPods/Pods/External/CRuby/193c1c8340a477e394e63f996e6fccdb/ruby/include -I/Users/hiro/Library/Caches/CocoaPods/Pods/External/CRuby/193c1c8340a477e394e63f996e6fccdb/ruby/ext/rbconfig/sizeof -pipe -Os -isysroot /Applications/Xcode.app/Contents/Developer/Platforms/iPhoneOS.platform/Developer/SDKs/iPhoneOS10.1.sdk -miphoneos-version-min=7.0 -I/Users/hiro/Library/Caches/CocoaPods/Pods/External/CRuby/193c1c8340a477e394e63f996e6fccdb/build/iphoneos_arm64/include -D_XOPEN_SOURCE -D_DARWIN_C_SOURCE -D_DARWIN_UNLIMITED_SELECT -D_REENTRANT   -pipe -Os -isysroot /Applications/Xcode.app/Contents/Developer/Platforms/iPhoneOS.platform/Developer/SDKs/iPhoneOS10.1.sdk -miphoneos-version-min=7.0 -I/Users/hiro/Library/Caches/CocoaPods/Pods/External/CRuby/193c1c8340a477e394e63f996e6fccdb/build/iphoneos_arm64/include -fvisibility=hidden   -c conftest.c"
checked program was:
/* begin */
1: #include "ruby.h"
2: 
3: typedef __int128 rbcv_typedef_;
4: rbcv_typedef_ *rbcv_ptr_;
5: 
6: /*top*/
7: int conftest_const[(sizeof((*rbcv_ptr_)) > 12) ? 1 : -1];
/* end */

"clang -arch arm64 -I../../../.ext/include/-darwin -I/Users/hiro/Library/Caches/CocoaPods/Pods/External/CRuby/193c1c8340a477e394e63f996e6fccdb/ruby/include -I/Users/hiro/Library/Caches/CocoaPods/Pods/External/CRuby/193c1c8340a477e394e63f996e6fccdb/ruby/ext/rbconfig/sizeof -pipe -Os -isysroot /Applications/Xcode.app/Contents/Developer/Platforms/iPhoneOS.platform/Developer/SDKs/iPhoneOS10.1.sdk -miphoneos-version-min=7.0 -I/Users/hiro/Library/Caches/CocoaPods/Pods/External/CRuby/193c1c8340a477e394e63f996e6fccdb/build/iphoneos_arm64/include -D_XOPEN_SOURCE -D_DARWIN_C_SOURCE -D_DARWIN_UNLIMITED_SELECT -D_REENTRANT   -pipe -Os -isysroot /Applications/Xcode.app/Contents/Developer/Platforms/iPhoneOS.platform/Developer/SDKs/iPhoneOS10.1.sdk -miphoneos-version-min=7.0 -I/Users/hiro/Library/Caches/CocoaPods/Pods/External/CRuby/193c1c8340a477e394e63f996e6fccdb/build/iphoneos_arm64/include -fvisibility=hidden   -c conftest.c"
checked program was:
/* begin */
1: #include "ruby.h"
2: 
3: typedef __int128 rbcv_typedef_;
4: rbcv_typedef_ *rbcv_ptr_;
5: 
6: /*top*/
7: int conftest_const[(sizeof((*rbcv_ptr_)) > 14) ? 1 : -1];
/* end */

"clang -arch arm64 -I../../../.ext/include/-darwin -I/Users/hiro/Library/Caches/CocoaPods/Pods/External/CRuby/193c1c8340a477e394e63f996e6fccdb/ruby/include -I/Users/hiro/Library/Caches/CocoaPods/Pods/External/CRuby/193c1c8340a477e394e63f996e6fccdb/ruby/ext/rbconfig/sizeof -pipe -Os -isysroot /Applications/Xcode.app/Contents/Developer/Platforms/iPhoneOS.platform/Developer/SDKs/iPhoneOS10.1.sdk -miphoneos-version-min=7.0 -I/Users/hiro/Library/Caches/CocoaPods/Pods/External/CRuby/193c1c8340a477e394e63f996e6fccdb/build/iphoneos_arm64/include -D_XOPEN_SOURCE -D_DARWIN_C_SOURCE -D_DARWIN_UNLIMITED_SELECT -D_REENTRANT   -pipe -Os -isysroot /Applications/Xcode.app/Contents/Developer/Platforms/iPhoneOS.platform/Developer/SDKs/iPhoneOS10.1.sdk -miphoneos-version-min=7.0 -I/Users/hiro/Library/Caches/CocoaPods/Pods/External/CRuby/193c1c8340a477e394e63f996e6fccdb/build/iphoneos_arm64/include -fvisibility=hidden   -c conftest.c"
checked program was:
/* begin */
1: #include "ruby.h"
2: 
3: typedef __int128 rbcv_typedef_;
4: rbcv_typedef_ *rbcv_ptr_;
5: 
6: /*top*/
7: int conftest_const[(sizeof((*rbcv_ptr_)) > 15) ? 1 : -1];
/* end */

--------------------

check_sizeof: checking size of __float128... -------------------- failed

"clang -arch arm64 -I../../../.ext/include/-darwin -I/Users/hiro/Library/Caches/CocoaPods/Pods/External/CRuby/193c1c8340a477e394e63f996e6fccdb/ruby/include -I/Users/hiro/Library/Caches/CocoaPods/Pods/External/CRuby/193c1c8340a477e394e63f996e6fccdb/ruby/ext/rbconfig/sizeof -pipe -Os -isysroot /Applications/Xcode.app/Contents/Developer/Platforms/iPhoneOS.platform/Developer/SDKs/iPhoneOS10.1.sdk -miphoneos-version-min=7.0 -I/Users/hiro/Library/Caches/CocoaPods/Pods/External/CRuby/193c1c8340a477e394e63f996e6fccdb/build/iphoneos_arm64/include -D_XOPEN_SOURCE -D_DARWIN_C_SOURCE -D_DARWIN_UNLIMITED_SELECT -D_REENTRANT   -pipe -Os -isysroot /Applications/Xcode.app/Contents/Developer/Platforms/iPhoneOS.platform/Developer/SDKs/iPhoneOS10.1.sdk -miphoneos-version-min=7.0 -I/Users/hiro/Library/Caches/CocoaPods/Pods/External/CRuby/193c1c8340a477e394e63f996e6fccdb/build/iphoneos_arm64/include -fvisibility=hidden   -c conftest.c"
conftest.c:3:9: error: unknown type name '__float128'
typedef __float128 rbcv_typedef_;
        ^
conftest.c:7:20: error: 'conftest_const' declared as an array with a negative size
int conftest_const[(sizeof((*rbcv_ptr_)) < 0) ? 1 : -1];
                   ^~~~~~~~~~~~~~~~~~~~~~~~~~~~~~~~~~~
2 errors generated.
checked program was:
/* begin */
1: #include "ruby.h"
2: 
3: typedef __float128 rbcv_typedef_;
4: rbcv_typedef_ *rbcv_ptr_;
5: 
6: /*top*/
7: int conftest_const[(sizeof((*rbcv_ptr_)) < 0) ? 1 : -1];
/* end */

"clang -arch arm64 -I../../../.ext/include/-darwin -I/Users/hiro/Library/Caches/CocoaPods/Pods/External/CRuby/193c1c8340a477e394e63f996e6fccdb/ruby/include -I/Users/hiro/Library/Caches/CocoaPods/Pods/External/CRuby/193c1c8340a477e394e63f996e6fccdb/ruby/ext/rbconfig/sizeof -pipe -Os -isysroot /Applications/Xcode.app/Contents/Developer/Platforms/iPhoneOS.platform/Developer/SDKs/iPhoneOS10.1.sdk -miphoneos-version-min=7.0 -I/Users/hiro/Library/Caches/CocoaPods/Pods/External/CRuby/193c1c8340a477e394e63f996e6fccdb/build/iphoneos_arm64/include -D_XOPEN_SOURCE -D_DARWIN_C_SOURCE -D_DARWIN_UNLIMITED_SELECT -D_REENTRANT   -pipe -Os -isysroot /Applications/Xcode.app/Contents/Developer/Platforms/iPhoneOS.platform/Developer/SDKs/iPhoneOS10.1.sdk -miphoneos-version-min=7.0 -I/Users/hiro/Library/Caches/CocoaPods/Pods/External/CRuby/193c1c8340a477e394e63f996e6fccdb/build/iphoneos_arm64/include -fvisibility=hidden   -c conftest.c"
conftest.c:3:9: error: unknown type name '__float128'
typedef __float128 rbcv_typedef_;
        ^
1 error generated.
checked program was:
/* begin */
1: #include "ruby.h"
2: 
3: typedef __float128 rbcv_typedef_;
4: rbcv_typedef_ *rbcv_ptr_;
5: 
6: /*top*/
7: int conftest_const[(sizeof((*rbcv_ptr_)) > 0) ? 1 : -1];
/* end */

"clang -arch arm64 -I../../../.ext/include/-darwin -I/Users/hiro/Library/Caches/CocoaPods/Pods/External/CRuby/193c1c8340a477e394e63f996e6fccdb/ruby/include -I/Users/hiro/Library/Caches/CocoaPods/Pods/External/CRuby/193c1c8340a477e394e63f996e6fccdb/ruby/ext/rbconfig/sizeof -pipe -Os -isysroot /Applications/Xcode.app/Contents/Developer/Platforms/iPhoneOS.platform/Developer/SDKs/iPhoneOS10.1.sdk -miphoneos-version-min=7.0 -I/Users/hiro/Library/Caches/CocoaPods/Pods/External/CRuby/193c1c8340a477e394e63f996e6fccdb/build/iphoneos_arm64/include -D_XOPEN_SOURCE -D_DARWIN_C_SOURCE -D_DARWIN_UNLIMITED_SELECT -D_REENTRANT   -pipe -Os -isysroot /Applications/Xcode.app/Contents/Developer/Platforms/iPhoneOS.platform/Developer/SDKs/iPhoneOS10.1.sdk -miphoneos-version-min=7.0 -I/Users/hiro/Library/Caches/CocoaPods/Pods/External/CRuby/193c1c8340a477e394e63f996e6fccdb/build/iphoneos_arm64/include -fvisibility=hidden   -c conftest.c"
conftest.c:3:9: error: unknown type name '__float128'
typedef __float128 rbcv_typedef_;
        ^
conftest.c:7:20: error: 'conftest_const' declared as an array with a negative size
int conftest_const[(sizeof((*rbcv_ptr_)) == 0) ? 1 : -1];
                   ^~~~~~~~~~~~~~~~~~~~~~~~~~~~~~~~~~~~
2 errors generated.
checked program was:
/* begin */
1: #include "ruby.h"
2: 
3: typedef __float128 rbcv_typedef_;
4: rbcv_typedef_ *rbcv_ptr_;
5: 
6: /*top*/
7: int conftest_const[(sizeof((*rbcv_ptr_)) == 0) ? 1 : -1];
/* end */

--------------------

check_sizeof: checking size of _Decimal32... -------------------- failed

"clang -arch arm64 -I../../../.ext/include/-darwin -I/Users/hiro/Library/Caches/CocoaPods/Pods/External/CRuby/193c1c8340a477e394e63f996e6fccdb/ruby/include -I/Users/hiro/Library/Caches/CocoaPods/Pods/External/CRuby/193c1c8340a477e394e63f996e6fccdb/ruby/ext/rbconfig/sizeof -pipe -Os -isysroot /Applications/Xcode.app/Contents/Developer/Platforms/iPhoneOS.platform/Developer/SDKs/iPhoneOS10.1.sdk -miphoneos-version-min=7.0 -I/Users/hiro/Library/Caches/CocoaPods/Pods/External/CRuby/193c1c8340a477e394e63f996e6fccdb/build/iphoneos_arm64/include -D_XOPEN_SOURCE -D_DARWIN_C_SOURCE -D_DARWIN_UNLIMITED_SELECT -D_REENTRANT   -pipe -Os -isysroot /Applications/Xcode.app/Contents/Developer/Platforms/iPhoneOS.platform/Developer/SDKs/iPhoneOS10.1.sdk -miphoneos-version-min=7.0 -I/Users/hiro/Library/Caches/CocoaPods/Pods/External/CRuby/193c1c8340a477e394e63f996e6fccdb/build/iphoneos_arm64/include -fvisibility=hidden   -c conftest.c"
conftest.c:3:9: error: GNU decimal type extension not supported
typedef _Decimal32 rbcv_typedef_;
        ^
conftest.c:7:20: error: 'conftest_const' declared as an array with a negative size
int conftest_const[(sizeof((*rbcv_ptr_)) < 0) ? 1 : -1];
                   ^~~~~~~~~~~~~~~~~~~~~~~~~~~~~~~~~~~
2 errors generated.
checked program was:
/* begin */
1: #include "ruby.h"
2: 
3: typedef _Decimal32 rbcv_typedef_;
4: rbcv_typedef_ *rbcv_ptr_;
5: 
6: /*top*/
7: int conftest_const[(sizeof((*rbcv_ptr_)) < 0) ? 1 : -1];
/* end */

"clang -arch arm64 -I../../../.ext/include/-darwin -I/Users/hiro/Library/Caches/CocoaPods/Pods/External/CRuby/193c1c8340a477e394e63f996e6fccdb/ruby/include -I/Users/hiro/Library/Caches/CocoaPods/Pods/External/CRuby/193c1c8340a477e394e63f996e6fccdb/ruby/ext/rbconfig/sizeof -pipe -Os -isysroot /Applications/Xcode.app/Contents/Developer/Platforms/iPhoneOS.platform/Developer/SDKs/iPhoneOS10.1.sdk -miphoneos-version-min=7.0 -I/Users/hiro/Library/Caches/CocoaPods/Pods/External/CRuby/193c1c8340a477e394e63f996e6fccdb/build/iphoneos_arm64/include -D_XOPEN_SOURCE -D_DARWIN_C_SOURCE -D_DARWIN_UNLIMITED_SELECT -D_REENTRANT   -pipe -Os -isysroot /Applications/Xcode.app/Contents/Developer/Platforms/iPhoneOS.platform/Developer/SDKs/iPhoneOS10.1.sdk -miphoneos-version-min=7.0 -I/Users/hiro/Library/Caches/CocoaPods/Pods/External/CRuby/193c1c8340a477e394e63f996e6fccdb/build/iphoneos_arm64/include -fvisibility=hidden   -c conftest.c"
conftest.c:3:9: error: GNU decimal type extension not supported
typedef _Decimal32 rbcv_typedef_;
        ^
1 error generated.
checked program was:
/* begin */
1: #include "ruby.h"
2: 
3: typedef _Decimal32 rbcv_typedef_;
4: rbcv_typedef_ *rbcv_ptr_;
5: 
6: /*top*/
7: int conftest_const[(sizeof((*rbcv_ptr_)) > 0) ? 1 : -1];
/* end */

"clang -arch arm64 -I../../../.ext/include/-darwin -I/Users/hiro/Library/Caches/CocoaPods/Pods/External/CRuby/193c1c8340a477e394e63f996e6fccdb/ruby/include -I/Users/hiro/Library/Caches/CocoaPods/Pods/External/CRuby/193c1c8340a477e394e63f996e6fccdb/ruby/ext/rbconfig/sizeof -pipe -Os -isysroot /Applications/Xcode.app/Contents/Developer/Platforms/iPhoneOS.platform/Developer/SDKs/iPhoneOS10.1.sdk -miphoneos-version-min=7.0 -I/Users/hiro/Library/Caches/CocoaPods/Pods/External/CRuby/193c1c8340a477e394e63f996e6fccdb/build/iphoneos_arm64/include -D_XOPEN_SOURCE -D_DARWIN_C_SOURCE -D_DARWIN_UNLIMITED_SELECT -D_REENTRANT   -pipe -Os -isysroot /Applications/Xcode.app/Contents/Developer/Platforms/iPhoneOS.platform/Developer/SDKs/iPhoneOS10.1.sdk -miphoneos-version-min=7.0 -I/Users/hiro/Library/Caches/CocoaPods/Pods/External/CRuby/193c1c8340a477e394e63f996e6fccdb/build/iphoneos_arm64/include -fvisibility=hidden   -c conftest.c"
conftest.c:3:9: error: GNU decimal type extension not supported
typedef _Decimal32 rbcv_typedef_;
        ^
conftest.c:7:20: error: 'conftest_const' declared as an array with a negative size
int conftest_const[(sizeof((*rbcv_ptr_)) == 0) ? 1 : -1];
                   ^~~~~~~~~~~~~~~~~~~~~~~~~~~~~~~~~~~~
2 errors generated.
checked program was:
/* begin */
1: #include "ruby.h"
2: 
3: typedef _Decimal32 rbcv_typedef_;
4: rbcv_typedef_ *rbcv_ptr_;
5: 
6: /*top*/
7: int conftest_const[(sizeof((*rbcv_ptr_)) == 0) ? 1 : -1];
/* end */

--------------------

check_sizeof: checking size of _Decimal64... -------------------- failed

"clang -arch arm64 -I../../../.ext/include/-darwin -I/Users/hiro/Library/Caches/CocoaPods/Pods/External/CRuby/193c1c8340a477e394e63f996e6fccdb/ruby/include -I/Users/hiro/Library/Caches/CocoaPods/Pods/External/CRuby/193c1c8340a477e394e63f996e6fccdb/ruby/ext/rbconfig/sizeof -pipe -Os -isysroot /Applications/Xcode.app/Contents/Developer/Platforms/iPhoneOS.platform/Developer/SDKs/iPhoneOS10.1.sdk -miphoneos-version-min=7.0 -I/Users/hiro/Library/Caches/CocoaPods/Pods/External/CRuby/193c1c8340a477e394e63f996e6fccdb/build/iphoneos_arm64/include -D_XOPEN_SOURCE -D_DARWIN_C_SOURCE -D_DARWIN_UNLIMITED_SELECT -D_REENTRANT   -pipe -Os -isysroot /Applications/Xcode.app/Contents/Developer/Platforms/iPhoneOS.platform/Developer/SDKs/iPhoneOS10.1.sdk -miphoneos-version-min=7.0 -I/Users/hiro/Library/Caches/CocoaPods/Pods/External/CRuby/193c1c8340a477e394e63f996e6fccdb/build/iphoneos_arm64/include -fvisibility=hidden   -c conftest.c"
conftest.c:3:9: error: GNU decimal type extension not supported
typedef _Decimal64 rbcv_typedef_;
        ^
conftest.c:7:20: error: 'conftest_const' declared as an array with a negative size
int conftest_const[(sizeof((*rbcv_ptr_)) < 0) ? 1 : -1];
                   ^~~~~~~~~~~~~~~~~~~~~~~~~~~~~~~~~~~
2 errors generated.
checked program was:
/* begin */
1: #include "ruby.h"
2: 
3: typedef _Decimal64 rbcv_typedef_;
4: rbcv_typedef_ *rbcv_ptr_;
5: 
6: /*top*/
7: int conftest_const[(sizeof((*rbcv_ptr_)) < 0) ? 1 : -1];
/* end */

"clang -arch arm64 -I../../../.ext/include/-darwin -I/Users/hiro/Library/Caches/CocoaPods/Pods/External/CRuby/193c1c8340a477e394e63f996e6fccdb/ruby/include -I/Users/hiro/Library/Caches/CocoaPods/Pods/External/CRuby/193c1c8340a477e394e63f996e6fccdb/ruby/ext/rbconfig/sizeof -pipe -Os -isysroot /Applications/Xcode.app/Contents/Developer/Platforms/iPhoneOS.platform/Developer/SDKs/iPhoneOS10.1.sdk -miphoneos-version-min=7.0 -I/Users/hiro/Library/Caches/CocoaPods/Pods/External/CRuby/193c1c8340a477e394e63f996e6fccdb/build/iphoneos_arm64/include -D_XOPEN_SOURCE -D_DARWIN_C_SOURCE -D_DARWIN_UNLIMITED_SELECT -D_REENTRANT   -pipe -Os -isysroot /Applications/Xcode.app/Contents/Developer/Platforms/iPhoneOS.platform/Developer/SDKs/iPhoneOS10.1.sdk -miphoneos-version-min=7.0 -I/Users/hiro/Library/Caches/CocoaPods/Pods/External/CRuby/193c1c8340a477e394e63f996e6fccdb/build/iphoneos_arm64/include -fvisibility=hidden   -c conftest.c"
conftest.c:3:9: error: GNU decimal type extension not supported
typedef _Decimal64 rbcv_typedef_;
        ^
1 error generated.
checked program was:
/* begin */
1: #include "ruby.h"
2: 
3: typedef _Decimal64 rbcv_typedef_;
4: rbcv_typedef_ *rbcv_ptr_;
5: 
6: /*top*/
7: int conftest_const[(sizeof((*rbcv_ptr_)) > 0) ? 1 : -1];
/* end */

"clang -arch arm64 -I../../../.ext/include/-darwin -I/Users/hiro/Library/Caches/CocoaPods/Pods/External/CRuby/193c1c8340a477e394e63f996e6fccdb/ruby/include -I/Users/hiro/Library/Caches/CocoaPods/Pods/External/CRuby/193c1c8340a477e394e63f996e6fccdb/ruby/ext/rbconfig/sizeof -pipe -Os -isysroot /Applications/Xcode.app/Contents/Developer/Platforms/iPhoneOS.platform/Developer/SDKs/iPhoneOS10.1.sdk -miphoneos-version-min=7.0 -I/Users/hiro/Library/Caches/CocoaPods/Pods/External/CRuby/193c1c8340a477e394e63f996e6fccdb/build/iphoneos_arm64/include -D_XOPEN_SOURCE -D_DARWIN_C_SOURCE -D_DARWIN_UNLIMITED_SELECT -D_REENTRANT   -pipe -Os -isysroot /Applications/Xcode.app/Contents/Developer/Platforms/iPhoneOS.platform/Developer/SDKs/iPhoneOS10.1.sdk -miphoneos-version-min=7.0 -I/Users/hiro/Library/Caches/CocoaPods/Pods/External/CRuby/193c1c8340a477e394e63f996e6fccdb/build/iphoneos_arm64/include -fvisibility=hidden   -c conftest.c"
conftest.c:3:9: error: GNU decimal type extension not supported
typedef _Decimal64 rbcv_typedef_;
        ^
conftest.c:7:20: error: 'conftest_const' declared as an array with a negative size
int conftest_const[(sizeof((*rbcv_ptr_)) == 0) ? 1 : -1];
                   ^~~~~~~~~~~~~~~~~~~~~~~~~~~~~~~~~~~~
2 errors generated.
checked program was:
/* begin */
1: #include "ruby.h"
2: 
3: typedef _Decimal64 rbcv_typedef_;
4: rbcv_typedef_ *rbcv_ptr_;
5: 
6: /*top*/
7: int conftest_const[(sizeof((*rbcv_ptr_)) == 0) ? 1 : -1];
/* end */

--------------------

check_sizeof: checking size of _Decimal128... -------------------- failed

"clang -arch arm64 -I../../../.ext/include/-darwin -I/Users/hiro/Library/Caches/CocoaPods/Pods/External/CRuby/193c1c8340a477e394e63f996e6fccdb/ruby/include -I/Users/hiro/Library/Caches/CocoaPods/Pods/External/CRuby/193c1c8340a477e394e63f996e6fccdb/ruby/ext/rbconfig/sizeof -pipe -Os -isysroot /Applications/Xcode.app/Contents/Developer/Platforms/iPhoneOS.platform/Developer/SDKs/iPhoneOS10.1.sdk -miphoneos-version-min=7.0 -I/Users/hiro/Library/Caches/CocoaPods/Pods/External/CRuby/193c1c8340a477e394e63f996e6fccdb/build/iphoneos_arm64/include -D_XOPEN_SOURCE -D_DARWIN_C_SOURCE -D_DARWIN_UNLIMITED_SELECT -D_REENTRANT   -pipe -Os -isysroot /Applications/Xcode.app/Contents/Developer/Platforms/iPhoneOS.platform/Developer/SDKs/iPhoneOS10.1.sdk -miphoneos-version-min=7.0 -I/Users/hiro/Library/Caches/CocoaPods/Pods/External/CRuby/193c1c8340a477e394e63f996e6fccdb/build/iphoneos_arm64/include -fvisibility=hidden   -c conftest.c"
conftest.c:3:9: error: GNU decimal type extension not supported
typedef _Decimal128 rbcv_typedef_;
        ^
conftest.c:7:20: error: 'conftest_const' declared as an array with a negative size
int conftest_const[(sizeof((*rbcv_ptr_)) < 0) ? 1 : -1];
                   ^~~~~~~~~~~~~~~~~~~~~~~~~~~~~~~~~~~
2 errors generated.
checked program was:
/* begin */
1: #include "ruby.h"
2: 
3: typedef _Decimal128 rbcv_typedef_;
4: rbcv_typedef_ *rbcv_ptr_;
5: 
6: /*top*/
7: int conftest_const[(sizeof((*rbcv_ptr_)) < 0) ? 1 : -1];
/* end */

"clang -arch arm64 -I../../../.ext/include/-darwin -I/Users/hiro/Library/Caches/CocoaPods/Pods/External/CRuby/193c1c8340a477e394e63f996e6fccdb/ruby/include -I/Users/hiro/Library/Caches/CocoaPods/Pods/External/CRuby/193c1c8340a477e394e63f996e6fccdb/ruby/ext/rbconfig/sizeof -pipe -Os -isysroot /Applications/Xcode.app/Contents/Developer/Platforms/iPhoneOS.platform/Developer/SDKs/iPhoneOS10.1.sdk -miphoneos-version-min=7.0 -I/Users/hiro/Library/Caches/CocoaPods/Pods/External/CRuby/193c1c8340a477e394e63f996e6fccdb/build/iphoneos_arm64/include -D_XOPEN_SOURCE -D_DARWIN_C_SOURCE -D_DARWIN_UNLIMITED_SELECT -D_REENTRANT   -pipe -Os -isysroot /Applications/Xcode.app/Contents/Developer/Platforms/iPhoneOS.platform/Developer/SDKs/iPhoneOS10.1.sdk -miphoneos-version-min=7.0 -I/Users/hiro/Library/Caches/CocoaPods/Pods/External/CRuby/193c1c8340a477e394e63f996e6fccdb/build/iphoneos_arm64/include -fvisibility=hidden   -c conftest.c"
conftest.c:3:9: error: GNU decimal type extension not supported
typedef _Decimal128 rbcv_typedef_;
        ^
1 error generated.
checked program was:
/* begin */
1: #include "ruby.h"
2: 
3: typedef _Decimal128 rbcv_typedef_;
4: rbcv_typedef_ *rbcv_ptr_;
5: 
6: /*top*/
7: int conftest_const[(sizeof((*rbcv_ptr_)) > 0) ? 1 : -1];
/* end */

"clang -arch arm64 -I../../../.ext/include/-darwin -I/Users/hiro/Library/Caches/CocoaPods/Pods/External/CRuby/193c1c8340a477e394e63f996e6fccdb/ruby/include -I/Users/hiro/Library/Caches/CocoaPods/Pods/External/CRuby/193c1c8340a477e394e63f996e6fccdb/ruby/ext/rbconfig/sizeof -pipe -Os -isysroot /Applications/Xcode.app/Contents/Developer/Platforms/iPhoneOS.platform/Developer/SDKs/iPhoneOS10.1.sdk -miphoneos-version-min=7.0 -I/Users/hiro/Library/Caches/CocoaPods/Pods/External/CRuby/193c1c8340a477e394e63f996e6fccdb/build/iphoneos_arm64/include -D_XOPEN_SOURCE -D_DARWIN_C_SOURCE -D_DARWIN_UNLIMITED_SELECT -D_REENTRANT   -pipe -Os -isysroot /Applications/Xcode.app/Contents/Developer/Platforms/iPhoneOS.platform/Developer/SDKs/iPhoneOS10.1.sdk -miphoneos-version-min=7.0 -I/Users/hiro/Library/Caches/CocoaPods/Pods/External/CRuby/193c1c8340a477e394e63f996e6fccdb/build/iphoneos_arm64/include -fvisibility=hidden   -c conftest.c"
conftest.c:3:9: error: GNU decimal type extension not supported
typedef _Decimal128 rbcv_typedef_;
        ^
conftest.c:7:20: error: 'conftest_const' declared as an array with a negative size
int conftest_const[(sizeof((*rbcv_ptr_)) == 0) ? 1 : -1];
                   ^~~~~~~~~~~~~~~~~~~~~~~~~~~~~~~~~~~~
2 errors generated.
checked program was:
/* begin */
1: #include "ruby.h"
2: 
3: typedef _Decimal128 rbcv_typedef_;
4: rbcv_typedef_ *rbcv_ptr_;
5: 
6: /*top*/
7: int conftest_const[(sizeof((*rbcv_ptr_)) == 0) ? 1 : -1];
/* end */

--------------------

check_sizeof: checking size of __m64... -------------------- failed

"clang -arch arm64 -I../../../.ext/include/-darwin -I/Users/hiro/Library/Caches/CocoaPods/Pods/External/CRuby/193c1c8340a477e394e63f996e6fccdb/ruby/include -I/Users/hiro/Library/Caches/CocoaPods/Pods/External/CRuby/193c1c8340a477e394e63f996e6fccdb/ruby/ext/rbconfig/sizeof -pipe -Os -isysroot /Applications/Xcode.app/Contents/Developer/Platforms/iPhoneOS.platform/Developer/SDKs/iPhoneOS10.1.sdk -miphoneos-version-min=7.0 -I/Users/hiro/Library/Caches/CocoaPods/Pods/External/CRuby/193c1c8340a477e394e63f996e6fccdb/build/iphoneos_arm64/include -D_XOPEN_SOURCE -D_DARWIN_C_SOURCE -D_DARWIN_UNLIMITED_SELECT -D_REENTRANT   -pipe -Os -isysroot /Applications/Xcode.app/Contents/Developer/Platforms/iPhoneOS.platform/Developer/SDKs/iPhoneOS10.1.sdk -miphoneos-version-min=7.0 -I/Users/hiro/Library/Caches/CocoaPods/Pods/External/CRuby/193c1c8340a477e394e63f996e6fccdb/build/iphoneos_arm64/include -fvisibility=hidden   -c conftest.c"
conftest.c:3:9: error: unknown type name '__m64'
typedef __m64 rbcv_typedef_;
        ^
conftest.c:7:20: error: 'conftest_const' declared as an array with a negative size
int conftest_const[(sizeof((*rbcv_ptr_)) < 0) ? 1 : -1];
                   ^~~~~~~~~~~~~~~~~~~~~~~~~~~~~~~~~~~
2 errors generated.
checked program was:
/* begin */
1: #include "ruby.h"
2: 
3: typedef __m64 rbcv_typedef_;
4: rbcv_typedef_ *rbcv_ptr_;
5: 
6: /*top*/
7: int conftest_const[(sizeof((*rbcv_ptr_)) < 0) ? 1 : -1];
/* end */

"clang -arch arm64 -I../../../.ext/include/-darwin -I/Users/hiro/Library/Caches/CocoaPods/Pods/External/CRuby/193c1c8340a477e394e63f996e6fccdb/ruby/include -I/Users/hiro/Library/Caches/CocoaPods/Pods/External/CRuby/193c1c8340a477e394e63f996e6fccdb/ruby/ext/rbconfig/sizeof -pipe -Os -isysroot /Applications/Xcode.app/Contents/Developer/Platforms/iPhoneOS.platform/Developer/SDKs/iPhoneOS10.1.sdk -miphoneos-version-min=7.0 -I/Users/hiro/Library/Caches/CocoaPods/Pods/External/CRuby/193c1c8340a477e394e63f996e6fccdb/build/iphoneos_arm64/include -D_XOPEN_SOURCE -D_DARWIN_C_SOURCE -D_DARWIN_UNLIMITED_SELECT -D_REENTRANT   -pipe -Os -isysroot /Applications/Xcode.app/Contents/Developer/Platforms/iPhoneOS.platform/Developer/SDKs/iPhoneOS10.1.sdk -miphoneos-version-min=7.0 -I/Users/hiro/Library/Caches/CocoaPods/Pods/External/CRuby/193c1c8340a477e394e63f996e6fccdb/build/iphoneos_arm64/include -fvisibility=hidden   -c conftest.c"
conftest.c:3:9: error: unknown type name '__m64'
typedef __m64 rbcv_typedef_;
        ^
1 error generated.
checked program was:
/* begin */
1: #include "ruby.h"
2: 
3: typedef __m64 rbcv_typedef_;
4: rbcv_typedef_ *rbcv_ptr_;
5: 
6: /*top*/
7: int conftest_const[(sizeof((*rbcv_ptr_)) > 0) ? 1 : -1];
/* end */

"clang -arch arm64 -I../../../.ext/include/-darwin -I/Users/hiro/Library/Caches/CocoaPods/Pods/External/CRuby/193c1c8340a477e394e63f996e6fccdb/ruby/include -I/Users/hiro/Library/Caches/CocoaPods/Pods/External/CRuby/193c1c8340a477e394e63f996e6fccdb/ruby/ext/rbconfig/sizeof -pipe -Os -isysroot /Applications/Xcode.app/Contents/Developer/Platforms/iPhoneOS.platform/Developer/SDKs/iPhoneOS10.1.sdk -miphoneos-version-min=7.0 -I/Users/hiro/Library/Caches/CocoaPods/Pods/External/CRuby/193c1c8340a477e394e63f996e6fccdb/build/iphoneos_arm64/include -D_XOPEN_SOURCE -D_DARWIN_C_SOURCE -D_DARWIN_UNLIMITED_SELECT -D_REENTRANT   -pipe -Os -isysroot /Applications/Xcode.app/Contents/Developer/Platforms/iPhoneOS.platform/Developer/SDKs/iPhoneOS10.1.sdk -miphoneos-version-min=7.0 -I/Users/hiro/Library/Caches/CocoaPods/Pods/External/CRuby/193c1c8340a477e394e63f996e6fccdb/build/iphoneos_arm64/include -fvisibility=hidden   -c conftest.c"
conftest.c:3:9: error: unknown type name '__m64'
typedef __m64 rbcv_typedef_;
        ^
conftest.c:7:20: error: 'conftest_const' declared as an array with a negative size
int conftest_const[(sizeof((*rbcv_ptr_)) == 0) ? 1 : -1];
                   ^~~~~~~~~~~~~~~~~~~~~~~~~~~~~~~~~~~~
2 errors generated.
checked program was:
/* begin */
1: #include "ruby.h"
2: 
3: typedef __m64 rbcv_typedef_;
4: rbcv_typedef_ *rbcv_ptr_;
5: 
6: /*top*/
7: int conftest_const[(sizeof((*rbcv_ptr_)) == 0) ? 1 : -1];
/* end */

--------------------

check_sizeof: checking size of __m128... -------------------- failed

"clang -arch arm64 -I../../../.ext/include/-darwin -I/Users/hiro/Library/Caches/CocoaPods/Pods/External/CRuby/193c1c8340a477e394e63f996e6fccdb/ruby/include -I/Users/hiro/Library/Caches/CocoaPods/Pods/External/CRuby/193c1c8340a477e394e63f996e6fccdb/ruby/ext/rbconfig/sizeof -pipe -Os -isysroot /Applications/Xcode.app/Contents/Developer/Platforms/iPhoneOS.platform/Developer/SDKs/iPhoneOS10.1.sdk -miphoneos-version-min=7.0 -I/Users/hiro/Library/Caches/CocoaPods/Pods/External/CRuby/193c1c8340a477e394e63f996e6fccdb/build/iphoneos_arm64/include -D_XOPEN_SOURCE -D_DARWIN_C_SOURCE -D_DARWIN_UNLIMITED_SELECT -D_REENTRANT   -pipe -Os -isysroot /Applications/Xcode.app/Contents/Developer/Platforms/iPhoneOS.platform/Developer/SDKs/iPhoneOS10.1.sdk -miphoneos-version-min=7.0 -I/Users/hiro/Library/Caches/CocoaPods/Pods/External/CRuby/193c1c8340a477e394e63f996e6fccdb/build/iphoneos_arm64/include -fvisibility=hidden   -c conftest.c"
conftest.c:3:9: error: unknown type name '__m128'
typedef __m128 rbcv_typedef_;
        ^
conftest.c:7:20: error: 'conftest_const' declared as an array with a negative size
int conftest_const[(sizeof((*rbcv_ptr_)) < 0) ? 1 : -1];
                   ^~~~~~~~~~~~~~~~~~~~~~~~~~~~~~~~~~~
2 errors generated.
checked program was:
/* begin */
1: #include "ruby.h"
2: 
3: typedef __m128 rbcv_typedef_;
4: rbcv_typedef_ *rbcv_ptr_;
5: 
6: /*top*/
7: int conftest_const[(sizeof((*rbcv_ptr_)) < 0) ? 1 : -1];
/* end */

"clang -arch arm64 -I../../../.ext/include/-darwin -I/Users/hiro/Library/Caches/CocoaPods/Pods/External/CRuby/193c1c8340a477e394e63f996e6fccdb/ruby/include -I/Users/hiro/Library/Caches/CocoaPods/Pods/External/CRuby/193c1c8340a477e394e63f996e6fccdb/ruby/ext/rbconfig/sizeof -pipe -Os -isysroot /Applications/Xcode.app/Contents/Developer/Platforms/iPhoneOS.platform/Developer/SDKs/iPhoneOS10.1.sdk -miphoneos-version-min=7.0 -I/Users/hiro/Library/Caches/CocoaPods/Pods/External/CRuby/193c1c8340a477e394e63f996e6fccdb/build/iphoneos_arm64/include -D_XOPEN_SOURCE -D_DARWIN_C_SOURCE -D_DARWIN_UNLIMITED_SELECT -D_REENTRANT   -pipe -Os -isysroot /Applications/Xcode.app/Contents/Developer/Platforms/iPhoneOS.platform/Developer/SDKs/iPhoneOS10.1.sdk -miphoneos-version-min=7.0 -I/Users/hiro/Library/Caches/CocoaPods/Pods/External/CRuby/193c1c8340a477e394e63f996e6fccdb/build/iphoneos_arm64/include -fvisibility=hidden   -c conftest.c"
conftest.c:3:9: error: unknown type name '__m128'
typedef __m128 rbcv_typedef_;
        ^
1 error generated.
checked program was:
/* begin */
1: #include "ruby.h"
2: 
3: typedef __m128 rbcv_typedef_;
4: rbcv_typedef_ *rbcv_ptr_;
5: 
6: /*top*/
7: int conftest_const[(sizeof((*rbcv_ptr_)) > 0) ? 1 : -1];
/* end */

"clang -arch arm64 -I../../../.ext/include/-darwin -I/Users/hiro/Library/Caches/CocoaPods/Pods/External/CRuby/193c1c8340a477e394e63f996e6fccdb/ruby/include -I/Users/hiro/Library/Caches/CocoaPods/Pods/External/CRuby/193c1c8340a477e394e63f996e6fccdb/ruby/ext/rbconfig/sizeof -pipe -Os -isysroot /Applications/Xcode.app/Contents/Developer/Platforms/iPhoneOS.platform/Developer/SDKs/iPhoneOS10.1.sdk -miphoneos-version-min=7.0 -I/Users/hiro/Library/Caches/CocoaPods/Pods/External/CRuby/193c1c8340a477e394e63f996e6fccdb/build/iphoneos_arm64/include -D_XOPEN_SOURCE -D_DARWIN_C_SOURCE -D_DARWIN_UNLIMITED_SELECT -D_REENTRANT   -pipe -Os -isysroot /Applications/Xcode.app/Contents/Developer/Platforms/iPhoneOS.platform/Developer/SDKs/iPhoneOS10.1.sdk -miphoneos-version-min=7.0 -I/Users/hiro/Library/Caches/CocoaPods/Pods/External/CRuby/193c1c8340a477e394e63f996e6fccdb/build/iphoneos_arm64/include -fvisibility=hidden   -c conftest.c"
conftest.c:3:9: error: unknown type name '__m128'
typedef __m128 rbcv_typedef_;
        ^
conftest.c:7:20: error: 'conftest_const' declared as an array with a negative size
int conftest_const[(sizeof((*rbcv_ptr_)) == 0) ? 1 : -1];
                   ^~~~~~~~~~~~~~~~~~~~~~~~~~~~~~~~~~~~
2 errors generated.
checked program was:
/* begin */
1: #include "ruby.h"
2: 
3: typedef __m128 rbcv_typedef_;
4: rbcv_typedef_ *rbcv_ptr_;
5: 
6: /*top*/
7: int conftest_const[(sizeof((*rbcv_ptr_)) == 0) ? 1 : -1];
/* end */

--------------------

check_sizeof: checking size of __float80... -------------------- failed

"clang -arch arm64 -I../../../.ext/include/-darwin -I/Users/hiro/Library/Caches/CocoaPods/Pods/External/CRuby/193c1c8340a477e394e63f996e6fccdb/ruby/include -I/Users/hiro/Library/Caches/CocoaPods/Pods/External/CRuby/193c1c8340a477e394e63f996e6fccdb/ruby/ext/rbconfig/sizeof -pipe -Os -isysroot /Applications/Xcode.app/Contents/Developer/Platforms/iPhoneOS.platform/Developer/SDKs/iPhoneOS10.1.sdk -miphoneos-version-min=7.0 -I/Users/hiro/Library/Caches/CocoaPods/Pods/External/CRuby/193c1c8340a477e394e63f996e6fccdb/build/iphoneos_arm64/include -D_XOPEN_SOURCE -D_DARWIN_C_SOURCE -D_DARWIN_UNLIMITED_SELECT -D_REENTRANT   -pipe -Os -isysroot /Applications/Xcode.app/Contents/Developer/Platforms/iPhoneOS.platform/Developer/SDKs/iPhoneOS10.1.sdk -miphoneos-version-min=7.0 -I/Users/hiro/Library/Caches/CocoaPods/Pods/External/CRuby/193c1c8340a477e394e63f996e6fccdb/build/iphoneos_arm64/include -fvisibility=hidden   -c conftest.c"
conftest.c:3:9: error: unknown type name '__float80'
typedef __float80 rbcv_typedef_;
        ^
conftest.c:7:20: error: 'conftest_const' declared as an array with a negative size
int conftest_const[(sizeof((*rbcv_ptr_)) < 0) ? 1 : -1];
                   ^~~~~~~~~~~~~~~~~~~~~~~~~~~~~~~~~~~
2 errors generated.
checked program was:
/* begin */
1: #include "ruby.h"
2: 
3: typedef __float80 rbcv_typedef_;
4: rbcv_typedef_ *rbcv_ptr_;
5: 
6: /*top*/
7: int conftest_const[(sizeof((*rbcv_ptr_)) < 0) ? 1 : -1];
/* end */

"clang -arch arm64 -I../../../.ext/include/-darwin -I/Users/hiro/Library/Caches/CocoaPods/Pods/External/CRuby/193c1c8340a477e394e63f996e6fccdb/ruby/include -I/Users/hiro/Library/Caches/CocoaPods/Pods/External/CRuby/193c1c8340a477e394e63f996e6fccdb/ruby/ext/rbconfig/sizeof -pipe -Os -isysroot /Applications/Xcode.app/Contents/Developer/Platforms/iPhoneOS.platform/Developer/SDKs/iPhoneOS10.1.sdk -miphoneos-version-min=7.0 -I/Users/hiro/Library/Caches/CocoaPods/Pods/External/CRuby/193c1c8340a477e394e63f996e6fccdb/build/iphoneos_arm64/include -D_XOPEN_SOURCE -D_DARWIN_C_SOURCE -D_DARWIN_UNLIMITED_SELECT -D_REENTRANT   -pipe -Os -isysroot /Applications/Xcode.app/Contents/Developer/Platforms/iPhoneOS.platform/Developer/SDKs/iPhoneOS10.1.sdk -miphoneos-version-min=7.0 -I/Users/hiro/Library/Caches/CocoaPods/Pods/External/CRuby/193c1c8340a477e394e63f996e6fccdb/build/iphoneos_arm64/include -fvisibility=hidden   -c conftest.c"
conftest.c:3:9: error: unknown type name '__float80'
typedef __float80 rbcv_typedef_;
        ^
1 error generated.
checked program was:
/* begin */
1: #include "ruby.h"
2: 
3: typedef __float80 rbcv_typedef_;
4: rbcv_typedef_ *rbcv_ptr_;
5: 
6: /*top*/
7: int conftest_const[(sizeof((*rbcv_ptr_)) > 0) ? 1 : -1];
/* end */

"clang -arch arm64 -I../../../.ext/include/-darwin -I/Users/hiro/Library/Caches/CocoaPods/Pods/External/CRuby/193c1c8340a477e394e63f996e6fccdb/ruby/include -I/Users/hiro/Library/Caches/CocoaPods/Pods/External/CRuby/193c1c8340a477e394e63f996e6fccdb/ruby/ext/rbconfig/sizeof -pipe -Os -isysroot /Applications/Xcode.app/Contents/Developer/Platforms/iPhoneOS.platform/Developer/SDKs/iPhoneOS10.1.sdk -miphoneos-version-min=7.0 -I/Users/hiro/Library/Caches/CocoaPods/Pods/External/CRuby/193c1c8340a477e394e63f996e6fccdb/build/iphoneos_arm64/include -D_XOPEN_SOURCE -D_DARWIN_C_SOURCE -D_DARWIN_UNLIMITED_SELECT -D_REENTRANT   -pipe -Os -isysroot /Applications/Xcode.app/Contents/Developer/Platforms/iPhoneOS.platform/Developer/SDKs/iPhoneOS10.1.sdk -miphoneos-version-min=7.0 -I/Users/hiro/Library/Caches/CocoaPods/Pods/External/CRuby/193c1c8340a477e394e63f996e6fccdb/build/iphoneos_arm64/include -fvisibility=hidden   -c conftest.c"
conftest.c:3:9: error: unknown type name '__float80'
typedef __float80 rbcv_typedef_;
        ^
conftest.c:7:20: error: 'conftest_const' declared as an array with a negative size
int conftest_const[(sizeof((*rbcv_ptr_)) == 0) ? 1 : -1];
                   ^~~~~~~~~~~~~~~~~~~~~~~~~~~~~~~~~~~~
2 errors generated.
checked program was:
/* begin */
1: #include "ruby.h"
2: 
3: typedef __float80 rbcv_typedef_;
4: rbcv_typedef_ *rbcv_ptr_;
5: 
6: /*top*/
7: int conftest_const[(sizeof((*rbcv_ptr_)) == 0) ? 1 : -1];
/* end */

--------------------

extconf.h is:
/* begin */
 1: #ifndef EXTCONF_H
 2: #define EXTCONF_H
 3: #define SIZEOF_INT_LEAST16_T 2
 4: #define SIZEOF_INT_LEAST32_T 4
 5: #define SIZEOF_INT_LEAST64_T 8
 6: #define SIZEOF_INT_FAST16_T 2
 7: #define SIZEOF_INT_FAST32_T 4
 8: #define SIZEOF_INT_FAST64_T 8
 9: #define SIZEOF_INTMAX_T 8
10: #define SIZEOF_SIG_ATOMIC_T 4
11: #define SIZEOF_WCHAR_T 4
12: #define SIZEOF_WINT_T 4
13: #define SIZEOF_WCTRANS_T 4
14: #define SIZEOF_WCTYPE_T 4
15: #define SIZEOF_LONG_DOUBLE 8
16: #define SIZEOF_FLOAT__COMPLEX 8
17: #define SIZEOF_DOUBLE__COMPLEX 16
18: #define SIZEOF_LONG_DOUBLE__COMPLEX 16
19: #define SIZEOF___INT128 16
20: #define RUBY_EXPORT 1
21: #endif
/* end */

